[ 2016-12-27T15:50:25+08:00 ] 122.235.226.69 /index.php/home/Index/starste
INFO: [ app_init ] --START--
INFO: Run Behavior\BuildLiteBehavior [ RunTime:0.000000s ]
INFO: [ app_init ] --END-- [ RunTime:0.000977s ]
INFO: [ app_begin ] --START--
INFO: Run Behavior\ReadHtmlCacheBehavior [ RunTime:0.000000s ]
INFO: [ app_begin ] --END-- [ RunTime:0.000000s ]
ERR: 无法加载控制器:Index

[ 2016-12-27T15:51:07+08:00 ] 122.235.226.69 /index.php/home/Index/starste
INFO: [ app_init ] --START--
INFO: Run Behavior\BuildLiteBehavior [ RunTime:0.000000s ]
INFO: [ app_init ] --END-- [ RunTime:0.000000s ]
INFO: [ app_begin ] --START--
INFO: Run Behavior\ReadHtmlCacheBehavior [ RunTime:0.000977s ]
INFO: [ app_begin ] --END-- [ RunTime:0.000977s ]
ERR: 无法加载控制器:Index

[ 2016-12-27T15:51:59+08:00 ] 122.235.226.69 /index.php/home/Register/re
INFO: [ app_init ] --START--
INFO: Run Behavior\BuildLiteBehavior [ RunTime:0.000000s ]
INFO: [ app_init ] --END-- [ RunTime:0.000000s ]
INFO: [ app_begin ] --START--
INFO: Run Behavior\ReadHtmlCacheBehavior [ RunTime:0.000000s ]
INFO: [ app_begin ] --END-- [ RunTime:0.000000s ]
INFO: [ view_parse ] --START--
INFO: [ template_filter ] --START--
INFO: Run Behavior\ContentReplaceBehavior [ RunTime:0.000000s ]
INFO: [ template_filter ] --END-- [ RunTime:0.000000s ]
INFO: Run Behavior\ParseTemplateBehavior [ RunTime:0.021485s ]
INFO: [ view_parse ] --END-- [ RunTime:0.021485s ]
INFO: [ view_filter ] --START--
INFO: Run Behavior\WriteHtmlCacheBehavior [ RunTime:0.000977s ]
INFO: [ view_filter ] --END-- [ RunTime:0.000977s ]
INFO: [ app_end ] --START--
INFO: Run Behavior\ShowPageTraceBehavior [ RunTime:0.000976s ]
INFO: [ app_end ] --END-- [ RunTime:0.000976s ]

[ 2016-12-27T15:52:06+08:00 ] 122.235.226.69 /index.php/Home/Register/Sensms
INFO: [ app_init ] --START--
INFO: Run Behavior\BuildLiteBehavior [ RunTime:0.000000s ]
INFO: [ app_init ] --END-- [ RunTime:0.000976s ]
INFO: [ app_begin ] --START--
INFO: Run Behavior\ReadHtmlCacheBehavior [ RunTime:0.000976s ]
INFO: [ app_begin ] --END-- [ RunTime:0.000976s ]
INFO: [ app_end ] --START--
INFO: Run Behavior\ShowPageTraceBehavior [ RunTime:0.000977s ]
INFO: [ app_end ] --END-- [ RunTime:0.000977s ]

[ 2016-12-27T15:52:10+08:00 ] 122.235.226.69 /index.php/Home/Register/Sensms
INFO: [ app_init ] --START--
INFO: Run Behavior\BuildLiteBehavior [ RunTime:0.000000s ]
INFO: [ app_init ] --END-- [ RunTime:0.000000s ]
INFO: [ app_begin ] --START--
INFO: Run Behavior\ReadHtmlCacheBehavior [ RunTime:0.000000s ]
INFO: [ app_begin ] --END-- [ RunTime:0.000976s ]
INFO: [ app_end ] --START--
INFO: Run Behavior\ShowPageTraceBehavior [ RunTime:0.000977s ]
INFO: [ app_end ] --END-- [ RunTime:0.000977s ]

[ 2016-12-27T15:59:20+08:00 ] 122.235.226.69 /index.php/Home/Register/Sensms
INFO: [ app_init ] --START--
INFO: Run Behavior\BuildLiteBehavior [ RunTime:0.000000s ]
INFO: [ app_init ] --END-- [ RunTime:0.000000s ]
INFO: [ app_begin ] --START--
INFO: Run Behavior\ReadHtmlCacheBehavior [ RunTime:0.000977s ]
INFO: [ app_begin ] --END-- [ RunTime:0.000977s ]
ERR: 1146:Table 'suzhi.shuzhi_code' doesn't exist
 [ SQL语句 ] : SHOW COLUMNS FROM `shuzhi_code`
ERR: 1146:Table 'suzhi.shuzhi_code' doesn't exist
 [ SQL语句 ] : SHOW COLUMNS FROM `shuzhi_code`

[ 2016-12-27T15:59:53+08:00 ] 122.235.226.69 /index.php/home/Register/re
INFO: [ app_init ] --START--
INFO: Run Behavior\BuildLiteBehavior [ RunTime:0.000000s ]
INFO: [ app_init ] --END-- [ RunTime:0.000977s ]
INFO: [ app_begin ] --START--
INFO: Run Behavior\ReadHtmlCacheBehavior [ RunTime:0.000976s ]
INFO: [ app_begin ] --END-- [ RunTime:0.000976s ]
INFO: [ view_parse ] --START--
INFO: [ template_filter ] --START--
INFO: Run Behavior\ContentReplaceBehavior [ RunTime:0.000000s ]
INFO: [ template_filter ] --END-- [ RunTime:0.000000s ]
INFO: Run Behavior\ParseTemplateBehavior [ RunTime:0.019532s ]
INFO: [ view_parse ] --END-- [ RunTime:0.020509s ]
INFO: [ view_filter ] --START--
INFO: Run Behavior\WriteHtmlCacheBehavior [ RunTime:0.000976s ]
INFO: [ view_filter ] --END-- [ RunTime:0.000976s ]
INFO: [ app_end ] --START--
INFO: Run Behavior\ShowPageTraceBehavior [ RunTime:0.000977s ]
INFO: [ app_end ] --END-- [ RunTime:0.000977s ]

[ 2016-12-27T15:59:59+08:00 ] 122.235.226.69 /index.php/Home/Register/Sensms
INFO: [ app_init ] --START--
INFO: Run Behavior\BuildLiteBehavior [ RunTime:0.000000s ]
INFO: [ app_init ] --END-- [ RunTime:0.000976s ]
INFO: [ app_begin ] --START--
INFO: Run Behavior\ReadHtmlCacheBehavior [ RunTime:0.000000s ]
INFO: [ app_begin ] --END-- [ RunTime:0.001953s ]
ERR: 1146:Table 'suzhi.suzhi_code' doesn't exist
 [ SQL语句 ] : SHOW COLUMNS FROM `suzhi_code`
ERR: 1146:Table 'suzhi.suzhi_code' doesn't exist
 [ SQL语句 ] : SHOW COLUMNS FROM `suzhi_code`

[ 2016-12-27T16:00:30+08:00 ] 122.235.226.69 /index.php/home/Register/re
INFO: [ app_init ] --START--
INFO: Run Behavior\BuildLiteBehavior [ RunTime:0.000000s ]
INFO: [ app_init ] --END-- [ RunTime:0.000000s ]
INFO: [ app_begin ] --START--
INFO: Run Behavior\ReadHtmlCacheBehavior [ RunTime:0.000976s ]
INFO: [ app_begin ] --END-- [ RunTime:0.000976s ]
INFO: [ view_parse ] --START--
INFO: [ template_filter ] --START--
INFO: Run Behavior\ContentReplaceBehavior [ RunTime:0.000000s ]
INFO: [ template_filter ] --END-- [ RunTime:0.000000s ]
INFO: Run Behavior\ParseTemplateBehavior [ RunTime:0.005860s ]
INFO: [ view_parse ] --END-- [ RunTime:0.005860s ]
INFO: [ view_filter ] --START--
INFO: Run Behavior\WriteHtmlCacheBehavior [ RunTime:0.000000s ]
INFO: [ view_filter ] --END-- [ RunTime:0.000000s ]
INFO: [ app_end ] --START--
INFO: Run Behavior\ShowPageTraceBehavior [ RunTime:0.000976s ]
INFO: [ app_end ] --END-- [ RunTime:0.000976s ]

[ 2016-12-27T16:00:32+08:00 ] 122.235.226.69 /index.php/Home/Register/Sensms
INFO: [ app_init ] --START--
INFO: Run Behavior\BuildLiteBehavior [ RunTime:0.000000s ]
INFO: [ app_init ] --END-- [ RunTime:0.000977s ]
INFO: [ app_begin ] --START--
INFO: Run Behavior\ReadHtmlCacheBehavior [ RunTime:0.000000s ]
INFO: [ app_begin ] --END-- [ RunTime:0.000000s ]
ERR: 1146:Table 'suzhi.code' doesn't exist
 [ SQL语句 ] : SHOW COLUMNS FROM `code`
ERR: 1146:Table 'suzhi.code' doesn't exist
 [ SQL语句 ] : SHOW COLUMNS FROM `code`

[ 2016-12-27T16:01:23+08:00 ] 122.235.226.69 /index.php/Home/Register/Sensms
INFO: [ app_init ] --START--
INFO: Run Behavior\BuildLiteBehavior [ RunTime:0.000000s ]
INFO: [ app_init ] --END-- [ RunTime:0.000976s ]
INFO: [ app_begin ] --START--
INFO: Run Behavior\ReadHtmlCacheBehavior [ RunTime:0.000976s ]
INFO: [ app_begin ] --END-- [ RunTime:0.000976s ]
ERR: 1046:No database selected
 [ SQL语句 ] : SHOW COLUMNS FROM `suzhicode`
ERR: 1046:No database selected
 [ SQL语句 ] : SHOW COLUMNS FROM `suzhicode`

[ 2016-12-27T16:01:32+08:00 ] 122.235.226.69 /index.php/Home/Register/Sensms
INFO: [ app_init ] --START--
INFO: Run Behavior\BuildLiteBehavior [ RunTime:0.000000s ]
INFO: [ app_init ] --END-- [ RunTime:0.000977s ]
INFO: [ app_begin ] --START--
INFO: Run Behavior\ReadHtmlCacheBehavior [ RunTime:0.000977s ]
INFO: [ app_begin ] --END-- [ RunTime:0.000977s ]
SQL: SHOW COLUMNS FROM `suzhicode` [ RunTime:0.0029s ]
NOTIC: [8] Undefined variable: a C:\WWW\suzhi_php\App\Home\Controller\RegisterController.class.php 第 17 行.
INFO: [ app_end ] --START--
INFO: Run Behavior\ShowPageTraceBehavior [ RunTime:0.000977s ]
INFO: [ app_end ] --END-- [ RunTime:0.000977s ]

[ 2016-12-27T16:01:35+08:00 ] 122.235.226.69 /index.php/Home/Register/Sensms
INFO: [ app_init ] --START--
INFO: Run Behavior\BuildLiteBehavior [ RunTime:0.000000s ]
INFO: [ app_init ] --END-- [ RunTime:0.000976s ]
INFO: [ app_begin ] --START--
INFO: Run Behavior\ReadHtmlCacheBehavior [ RunTime:0.000000s ]
INFO: [ app_begin ] --END-- [ RunTime:0.000000s ]
SQL: SHOW COLUMNS FROM `suzhicode` [ RunTime:0.0020s ]
NOTIC: [8] Undefined variable: a C:\WWW\suzhi_php\App\Home\Controller\RegisterController.class.php 第 17 行.
INFO: [ app_end ] --START--
INFO: Run Behavior\ShowPageTraceBehavior [ RunTime:0.000977s ]
INFO: [ app_end ] --END-- [ RunTime:0.000977s ]

[ 2016-12-27T16:02:00+08:00 ] 122.235.226.69 /index.php/Home/Register/Sensms
INFO: [ app_init ] --START--
INFO: Run Behavior\BuildLiteBehavior [ RunTime:0.000000s ]
INFO: [ app_init ] --END-- [ RunTime:0.000000s ]
INFO: [ app_begin ] --START--
INFO: Run Behavior\ReadHtmlCacheBehavior [ RunTime:0.000000s ]
INFO: [ app_begin ] --END-- [ RunTime:0.000000s ]
SQL: SHOW COLUMNS FROM `suzhi_code` [ RunTime:0.0029s ]
NOTIC: [8] Undefined variable: a C:\WWW\suzhi_php\App\Home\Controller\RegisterController.class.php 第 17 行.
INFO: [ app_end ] --START--
INFO: Run Behavior\ShowPageTraceBehavior [ RunTime:0.000976s ]
INFO: [ app_end ] --END-- [ RunTime:0.000976s ]

[ 2016-12-27T16:10:47+08:00 ] 122.235.226.69 /index.php/Home/Register/Sensms
INFO: [ app_init ] --START--
INFO: Run Behavior\BuildLiteBehavior [ RunTime:0.000000s ]
INFO: [ app_init ] --END-- [ RunTime:0.000976s ]
INFO: [ app_begin ] --START--
INFO: Run Behavior\ReadHtmlCacheBehavior [ RunTime:0.000977s ]
INFO: [ app_begin ] --END-- [ RunTime:0.000977s ]
SQL: SHOW COLUMNS FROM `suzhi_code` [ RunTime:0.0020s ]
NOTIC: [8] Undefined variable: bd_code C:\WWW\suzhi_php\App\Home\Controller\RegisterController.class.php 第 19 行.

[ 2016-12-27T16:11:04+08:00 ] 122.235.226.69 /index.php/Home/Register/Sensms
INFO: [ app_init ] --START--
INFO: Run Behavior\BuildLiteBehavior [ RunTime:0.000000s ]
INFO: [ app_init ] --END-- [ RunTime:0.000977s ]
INFO: [ app_begin ] --START--
INFO: Run Behavior\ReadHtmlCacheBehavior [ RunTime:0.000977s ]
INFO: [ app_begin ] --END-- [ RunTime:0.000977s ]
SQL: SHOW COLUMNS FROM `suzhi_code` [ RunTime:0.0039s ]
NOTIC: [2] Invalid argument supplied for foreach() C:\WWW\suzhi_php\ThinkPHP\Library\Think\Model.class.php 第 267 行.
NOTIC: [2] Invalid argument supplied for foreach() C:\WWW\suzhi_php\ThinkPHP\Library\Think\Db\Driver.class.php 第 802 行.
SQL: INSERT INTO `suzhi_code` () VALUES () [ RunTime:0.0010s ]

[ 2016-12-27T16:13:01+08:00 ] 122.235.226.69 /index.php/Home/Register/Sensms
INFO: [ app_init ] --START--
INFO: Run Behavior\BuildLiteBehavior [ RunTime:0.000000s ]
INFO: [ app_init ] --END-- [ RunTime:0.000000s ]
INFO: [ app_begin ] --START--
INFO: Run Behavior\ReadHtmlCacheBehavior [ RunTime:0.000000s ]
INFO: [ app_begin ] --END-- [ RunTime:0.000000s ]
SQL: SHOW COLUMNS FROM `suzhi_code` [ RunTime:0.0029s ]
NOTIC: [2] Invalid argument supplied for foreach() C:\WWW\suzhi_php\ThinkPHP\Library\Think\Model.class.php 第 267 行.
NOTIC: [2] Invalid argument supplied for foreach() C:\WWW\suzhi_php\ThinkPHP\Library\Think\Db\Driver.class.php 第 802 行.
ERR: 1062:Duplicate entry '0' for key 'PRIMARY'
 [ SQL语句 ] : INSERT INTO `suzhi_code` () VALUES ()
ERR: 1062:Duplicate entry '0' for key 'PRIMARY'
 [ SQL语句 ] : INSERT INTO `suzhi_code` () VALUES ()

[ 2016-12-27T16:14:43+08:00 ] 122.235.226.69 /index.php/Home/Register/Sensms
INFO: [ app_init ] --START--
INFO: Run Behavior\BuildLiteBehavior [ RunTime:0.000000s ]
INFO: [ app_init ] --END-- [ RunTime:0.000000s ]
INFO: [ app_begin ] --START--
INFO: Run Behavior\ReadHtmlCacheBehavior [ RunTime:0.000976s ]
INFO: [ app_begin ] --END-- [ RunTime:0.000976s ]

[ 2016-12-27T16:14:50+08:00 ] 122.235.226.69 /index.php/Home/Register/Sensms
INFO: [ app_init ] --START--
INFO: Run Behavior\BuildLiteBehavior [ RunTime:0.000000s ]
INFO: [ app_init ] --END-- [ RunTime:0.000977s ]
INFO: [ app_begin ] --START--
INFO: Run Behavior\ReadHtmlCacheBehavior [ RunTime:0.000976s ]
INFO: [ app_begin ] --END-- [ RunTime:0.000976s ]
SQL: SHOW COLUMNS FROM `suzhi_code` [ RunTime:0.0020s ]
NOTIC: [2] Invalid argument supplied for foreach() C:\WWW\suzhi_php\ThinkPHP\Library\Think\Model.class.php 第 267 行.
NOTIC: [2] Invalid argument supplied for foreach() C:\WWW\suzhi_php\ThinkPHP\Library\Think\Db\Driver.class.php 第 802 行.
ERR: 1062:Duplicate entry '0' for key 'PRIMARY'
 [ SQL语句 ] : INSERT INTO `suzhi_code` () VALUES ()
ERR: 1062:Duplicate entry '0' for key 'PRIMARY'
 [ SQL语句 ] : INSERT INTO `suzhi_code` () VALUES ()

[ 2016-12-27T16:15:31+08:00 ] 122.235.226.69 /index.php/Home/Register/Sensms
INFO: [ app_init ] --START--
INFO: Run Behavior\BuildLiteBehavior [ RunTime:0.000000s ]
INFO: [ app_init ] --END-- [ RunTime:0.000977s ]
INFO: [ app_begin ] --START--
INFO: Run Behavior\ReadHtmlCacheBehavior [ RunTime:0.000000s ]
INFO: [ app_begin ] --END-- [ RunTime:0.000000s ]
SQL: SHOW COLUMNS FROM `suzhi_code` [ RunTime:0.0020s ]
NOTIC: [2] Invalid argument supplied for foreach() C:\WWW\suzhi_php\ThinkPHP\Library\Think\Model.class.php 第 267 行.
NOTIC: [2] Invalid argument supplied for foreach() C:\WWW\suzhi_php\ThinkPHP\Library\Think\Db\Driver.class.php 第 802 行.
ERR: 1062:Duplicate entry '0' for key 'PRIMARY'
 [ SQL语句 ] : INSERT INTO `suzhi_code` () VALUES ()
ERR: 1062:Duplicate entry '0' for key 'PRIMARY'
 [ SQL语句 ] : INSERT INTO `suzhi_code` () VALUES ()

[ 2016-12-27T16:16:32+08:00 ] 122.235.226.69 /index.php/Home/Register/Sensms
INFO: [ app_init ] --START--
INFO: Run Behavior\BuildLiteBehavior [ RunTime:0.000000s ]
INFO: [ app_init ] --END-- [ RunTime:0.000976s ]
INFO: [ app_begin ] --START--
INFO: Run Behavior\ReadHtmlCacheBehavior [ RunTime:0.000976s ]
INFO: [ app_begin ] --END-- [ RunTime:0.000976s ]
SQL: SHOW COLUMNS FROM `suzhi_code` [ RunTime:0.0029s ]
NOTIC: [2] Invalid argument supplied for foreach() C:\WWW\suzhi_php\ThinkPHP\Library\Think\Model.class.php 第 267 行.
NOTIC: [2] Invalid argument supplied for foreach() C:\WWW\suzhi_php\ThinkPHP\Library\Think\Db\Driver.class.php 第 802 行.
SQL: INSERT INTO `suzhi_code` () VALUES () [ RunTime:0.0000s ]

[ 2016-12-27T16:17:48+08:00 ] 122.235.226.69 /index.php/Home/Register/Sensms
INFO: [ app_init ] --START--
INFO: Run Behavior\BuildLiteBehavior [ RunTime:0.000000s ]
INFO: [ app_init ] --END-- [ RunTime:0.000976s ]
INFO: [ app_begin ] --START--
INFO: Run Behavior\ReadHtmlCacheBehavior [ RunTime:0.000976s ]
INFO: [ app_begin ] --END-- [ RunTime:0.000976s ]
SQL: SHOW COLUMNS FROM `suzhi_code` [ RunTime:0.0029s ]
NOTIC: [2] Invalid argument supplied for foreach() C:\WWW\suzhi_php\ThinkPHP\Library\Think\Model.class.php 第 267 行.
NOTIC: [2] Invalid argument supplied for foreach() C:\WWW\suzhi_php\ThinkPHP\Library\Think\Db\Driver.class.php 第 802 行.
SQL: INSERT INTO `suzhi_code` () VALUES () [ RunTime:0.0010s ]

[ 2016-12-27T16:18:37+08:00 ] 122.235.226.69 /index.php/Home/Register/Sensms
INFO: [ app_init ] --START--
INFO: Run Behavior\BuildLiteBehavior [ RunTime:0.000000s ]
INFO: [ app_init ] --END-- [ RunTime:0.000000s ]
INFO: [ app_begin ] --START--
INFO: Run Behavior\ReadHtmlCacheBehavior [ RunTime:0.000977s ]
INFO: [ app_begin ] --END-- [ RunTime:0.000977s ]
SQL: SHOW COLUMNS FROM `suzhi_code` [ RunTime:0.0029s ]
NOTIC: [2] Invalid argument supplied for foreach() C:\WWW\suzhi_php\ThinkPHP\Library\Think\Model.class.php 第 267 行.
NOTIC: [2] Invalid argument supplied for foreach() C:\WWW\suzhi_php\ThinkPHP\Library\Think\Db\Driver.class.php 第 802 行.
SQL: INSERT INTO `suzhi_code` () VALUES () [ RunTime:0.0000s ]
NOTIC: [8] Undefined variable: do_code C:\WWW\suzhi_php\App\Home\Controller\RegisterController.class.php 第 20 行.

[ 2016-12-27T16:18:51+08:00 ] 122.235.226.69 /index.php/Home/Register/Sensms
INFO: [ app_init ] --START--
INFO: Run Behavior\BuildLiteBehavior [ RunTime:0.000000s ]
INFO: [ app_init ] --END-- [ RunTime:0.000976s ]
INFO: [ app_begin ] --START--
INFO: Run Behavior\ReadHtmlCacheBehavior [ RunTime:0.000976s ]
INFO: [ app_begin ] --END-- [ RunTime:0.000976s ]
SQL: SHOW COLUMNS FROM `suzhi_code` [ RunTime:0.0020s ]
NOTIC: [2] Invalid argument supplied for foreach() C:\WWW\suzhi_php\ThinkPHP\Library\Think\Model.class.php 第 267 行.
NOTIC: [2] Invalid argument supplied for foreach() C:\WWW\suzhi_php\ThinkPHP\Library\Think\Db\Driver.class.php 第 802 行.
SQL: INSERT INTO `suzhi_code` () VALUES () [ RunTime:0.0010s ]
NOTIC: [8] Undefined variable: do_code C:\WWW\suzhi_php\App\Home\Controller\RegisterController.class.php 第 22 行.
INFO: [ app_end ] --START--
INFO: Run Behavior\ShowPageTraceBehavior [ RunTime:0.000977s ]
INFO: [ app_end ] --END-- [ RunTime:0.000977s ]

[ 2016-12-27T16:19:49+08:00 ] 122.235.226.69 /index.php/Home/Register/Sensms
INFO: [ app_init ] --START--
INFO: Run Behavior\BuildLiteBehavior [ RunTime:0.000000s ]
INFO: [ app_init ] --END-- [ RunTime:0.000000s ]
INFO: [ app_begin ] --START--
INFO: Run Behavior\ReadHtmlCacheBehavior [ RunTime:0.000977s ]
INFO: [ app_begin ] --END-- [ RunTime:0.000977s ]
SQL: SHOW COLUMNS FROM `suzhi_code` [ RunTime:0.0020s ]
NOTIC: [2] Invalid argument supplied for foreach() C:\WWW\suzhi_php\ThinkPHP\Library\Think\Model.class.php 第 267 行.
NOTIC: [2] Invalid argument supplied for foreach() C:\WWW\suzhi_php\ThinkPHP\Library\Think\Db\Driver.class.php 第 802 行.
SQL: INSERT INTO `suzhi_code` () VALUES () [ RunTime:0.0010s ]
NOTIC: [8] Undefined variable: do_code C:\WWW\suzhi_php\App\Home\Controller\RegisterController.class.php 第 24 行.
INFO: [ app_end ] --START--
INFO: Run Behavior\ShowPageTraceBehavior [ RunTime:0.000977s ]
INFO: [ app_end ] --END-- [ RunTime:0.000977s ]

[ 2016-12-27T16:19:54+08:00 ] 122.235.226.69 /index.php/home/Register/re
INFO: [ app_init ] --START--
INFO: Run Behavior\BuildLiteBehavior [ RunTime:0.000000s ]
INFO: [ app_init ] --END-- [ RunTime:0.000000s ]
INFO: [ app_begin ] --START--
INFO: Run Behavior\ReadHtmlCacheBehavior [ RunTime:0.000976s ]
INFO: [ app_begin ] --END-- [ RunTime:0.000976s ]
INFO: [ view_parse ] --START--
INFO: [ template_filter ] --START--
INFO: Run Behavior\ContentReplaceBehavior [ RunTime:0.000000s ]
INFO: [ template_filter ] --END-- [ RunTime:0.000000s ]
INFO: Run Behavior\ParseTemplateBehavior [ RunTime:0.019532s ]
INFO: [ view_parse ] --END-- [ RunTime:0.019532s ]
INFO: [ view_filter ] --START--
INFO: Run Behavior\WriteHtmlCacheBehavior [ RunTime:0.000976s ]
INFO: [ view_filter ] --END-- [ RunTime:0.000976s ]
INFO: [ app_end ] --START--
INFO: Run Behavior\ShowPageTraceBehavior [ RunTime:0.000977s ]
INFO: [ app_end ] --END-- [ RunTime:0.000977s ]

[ 2016-12-27T16:20:12+08:00 ] 122.235.226.69 /index.php/Home/Register/Sensms
INFO: [ app_init ] --START--
INFO: Run Behavior\BuildLiteBehavior [ RunTime:0.000000s ]
INFO: [ app_init ] --END-- [ RunTime:0.000976s ]
INFO: [ app_begin ] --START--
INFO: Run Behavior\ReadHtmlCacheBehavior [ RunTime:0.000977s ]
INFO: [ app_begin ] --END-- [ RunTime:0.000977s ]
SQL: SHOW COLUMNS FROM `suzhi_code` [ RunTime:0.0020s ]
NOTIC: [2] Invalid argument supplied for foreach() C:\WWW\suzhi_php\ThinkPHP\Library\Think\Model.class.php 第 267 行.
NOTIC: [2] Invalid argument supplied for foreach() C:\WWW\suzhi_php\ThinkPHP\Library\Think\Db\Driver.class.php 第 802 行.
SQL: INSERT INTO `suzhi_code` () VALUES () [ RunTime:0.0000s ]
NOTIC: [8] Undefined variable: do_code C:\WWW\suzhi_php\App\Home\Controller\RegisterController.class.php 第 24 行.
INFO: [ app_end ] --START--
INFO: Run Behavior\ShowPageTraceBehavior [ RunTime:0.000977s ]
INFO: [ app_end ] --END-- [ RunTime:0.000977s ]

[ 2016-12-27T16:22:07+08:00 ] 122.235.226.69 /index.php/Home/Register/Sensms
INFO: [ app_init ] --START--
INFO: Run Behavior\BuildLiteBehavior [ RunTime:0.000000s ]
INFO: [ app_init ] --END-- [ RunTime:0.000000s ]
INFO: [ app_begin ] --START--
INFO: Run Behavior\ReadHtmlCacheBehavior [ RunTime:0.000000s ]
INFO: [ app_begin ] --END-- [ RunTime:0.000000s ]
SQL: SHOW COLUMNS FROM `suzhi_code` [ RunTime:0.0020s ]
NOTIC: [2] Invalid argument supplied for foreach() C:\WWW\suzhi_php\ThinkPHP\Library\Think\Model.class.php 第 267 行.
NOTIC: [2] Invalid argument supplied for foreach() C:\WWW\suzhi_php\ThinkPHP\Library\Think\Db\Driver.class.php 第 802 行.
SQL: INSERT INTO `suzhi_code` () VALUES () [ RunTime:0.0000s ]
NOTIC: [8] Undefined variable: do_code C:\WWW\suzhi_php\App\Home\Controller\RegisterController.class.php 第 24 行.
INFO: [ app_end ] --START--
INFO: Run Behavior\ShowPageTraceBehavior [ RunTime:0.000977s ]
INFO: [ app_end ] --END-- [ RunTime:0.000977s ]

[ 2016-12-27T16:22:44+08:00 ] 122.235.226.69 /index.php/Home/Register/Sensms
INFO: [ app_init ] --START--
INFO: Run Behavior\BuildLiteBehavior [ RunTime:0.000000s ]
INFO: [ app_init ] --END-- [ RunTime:0.000000s ]
INFO: [ app_begin ] --START--
INFO: Run Behavior\ReadHtmlCacheBehavior [ RunTime:0.000000s ]
INFO: [ app_begin ] --END-- [ RunTime:0.000000s ]
SQL: SHOW COLUMNS FROM `suzhi_code` [ RunTime:0.0020s ]
NOTIC: [2] Invalid argument supplied for foreach() C:\WWW\suzhi_php\ThinkPHP\Library\Think\Model.class.php 第 267 行.
NOTIC: [2] Invalid argument supplied for foreach() C:\WWW\suzhi_php\ThinkPHP\Library\Think\Db\Driver.class.php 第 802 行.
SQL: INSERT INTO `suzhi_code` () VALUES () [ RunTime:0.0000s ]
NOTIC: [8] Undefined variable: do_code C:\WWW\suzhi_php\App\Home\Controller\RegisterController.class.php 第 25 行.
INFO: [ app_end ] --START--
INFO: Run Behavior\ShowPageTraceBehavior [ RunTime:0.000977s ]
INFO: [ app_end ] --END-- [ RunTime:0.000977s ]

[ 2016-12-27T16:22:55+08:00 ] 122.235.226.69 /index.php/home/Register/re
INFO: [ app_init ] --START--
INFO: Run Behavior\BuildLiteBehavior [ RunTime:0.000000s ]
INFO: [ app_init ] --END-- [ RunTime:0.000977s ]
INFO: [ app_begin ] --START--
INFO: Run Behavior\ReadHtmlCacheBehavior [ RunTime:0.000977s ]
INFO: [ app_begin ] --END-- [ RunTime:0.000977s ]
INFO: [ view_parse ] --START--
INFO: [ template_filter ] --START--
INFO: Run Behavior\ContentReplaceBehavior [ RunTime:0.000000s ]
INFO: [ template_filter ] --END-- [ RunTime:0.000000s ]
INFO: Run Behavior\ParseTemplateBehavior [ RunTime:0.006837s ]
INFO: [ view_parse ] --END-- [ RunTime:0.006837s ]
INFO: [ view_filter ] --START--
INFO: Run Behavior\WriteHtmlCacheBehavior [ RunTime:0.000976s ]
INFO: [ view_filter ] --END-- [ RunTime:0.000976s ]
INFO: [ app_end ] --START--
INFO: Run Behavior\ShowPageTraceBehavior [ RunTime:0.000000s ]
INFO: [ app_end ] --END-- [ RunTime:0.000000s ]

[ 2016-12-27T16:23:37+08:00 ] 122.235.226.69 /index.php/Home/Register/Sensms
INFO: [ app_init ] --START--
INFO: Run Behavior\BuildLiteBehavior [ RunTime:0.000000s ]
INFO: [ app_init ] --END-- [ RunTime:0.000000s ]
INFO: [ app_begin ] --START--
INFO: Run Behavior\ReadHtmlCacheBehavior [ RunTime:0.000976s ]
INFO: [ app_begin ] --END-- [ RunTime:0.000976s ]
SQL: SHOW COLUMNS FROM `suzhi_code` [ RunTime:0.0029s ]
NOTIC: [2] Invalid argument supplied for foreach() C:\WWW\suzhi_php\ThinkPHP\Library\Think\Model.class.php 第 267 行.
NOTIC: [2] Invalid argument supplied for foreach() C:\WWW\suzhi_php\ThinkPHP\Library\Think\Db\Driver.class.php 第 802 行.
SQL: INSERT INTO `suzhi_code` () VALUES () [ RunTime:0.0000s ]
NOTIC: [8] Undefined variable: do_code C:\WWW\suzhi_php\App\Home\Controller\RegisterController.class.php 第 25 行.
INFO: [ app_end ] --START--
INFO: Run Behavior\ShowPageTraceBehavior [ RunTime:0.000000s ]
INFO: [ app_end ] --END-- [ RunTime:0.000000s ]

[ 2016-12-27T16:25:51+08:00 ] 122.235.226.69 /index.php/Home/Register/Sensms
INFO: [ app_init ] --START--
INFO: Run Behavior\BuildLiteBehavior [ RunTime:0.000000s ]
INFO: [ app_init ] --END-- [ RunTime:0.000000s ]
INFO: [ app_begin ] --START--
INFO: Run Behavior\ReadHtmlCacheBehavior [ RunTime:0.000000s ]
INFO: [ app_begin ] --END-- [ RunTime:0.000000s ]
SQL: SHOW COLUMNS FROM `suzhi_code` [ RunTime:0.0020s ]
NOTIC: [2] Invalid argument supplied for foreach() C:\WWW\suzhi_php\ThinkPHP\Library\Think\Model.class.php 第 267 行.
NOTIC: [2] Invalid argument supplied for foreach() C:\WWW\suzhi_php\ThinkPHP\Library\Think\Db\Driver.class.php 第 802 行.
SQL: INSERT INTO `suzhi_code` () VALUES () [ RunTime:0.0010s ]
NOTIC: [8] Undefined variable: do_code C:\WWW\suzhi_php\App\Home\Controller\RegisterController.class.php 第 23 行.
INFO: [ app_end ] --START--
INFO: Run Behavior\ShowPageTraceBehavior [ RunTime:0.000977s ]
INFO: [ app_end ] --END-- [ RunTime:0.000977s ]

[ 2016-12-27T16:26:20+08:00 ] 122.235.226.69 /index.php/Home/Register/Sensms
INFO: [ app_init ] --START--
INFO: Run Behavior\BuildLiteBehavior [ RunTime:0.000000s ]
INFO: [ app_init ] --END-- [ RunTime:0.000000s ]
INFO: [ app_begin ] --START--
INFO: Run Behavior\ReadHtmlCacheBehavior [ RunTime:0.000977s ]
INFO: [ app_begin ] --END-- [ RunTime:0.000977s ]
SQL: SHOW COLUMNS FROM `suzhi_code` [ RunTime:0.0020s ]
NOTIC: [2] Invalid argument supplied for foreach() C:\WWW\suzhi_php\ThinkPHP\Library\Think\Model.class.php 第 267 行.
NOTIC: [2] Invalid argument supplied for foreach() C:\WWW\suzhi_php\ThinkPHP\Library\Think\Db\Driver.class.php 第 802 行.
SQL: INSERT INTO `suzhi_code` () VALUES () [ RunTime:0.0010s ]
NOTIC: [8] Undefined variable: do_code C:\WWW\suzhi_php\App\Home\Controller\RegisterController.class.php 第 24 行.
INFO: [ app_end ] --START--
INFO: Run Behavior\ShowPageTraceBehavior [ RunTime:0.000000s ]
INFO: [ app_end ] --END-- [ RunTime:0.000000s ]

[ 2016-12-27T16:26:37+08:00 ] 122.235.226.69 /index.php/Home/Register/Sensms
INFO: [ app_init ] --START--
INFO: Run Behavior\BuildLiteBehavior [ RunTime:0.000000s ]
INFO: [ app_init ] --END-- [ RunTime:0.000977s ]
INFO: [ app_begin ] --START--
INFO: Run Behavior\ReadHtmlCacheBehavior [ RunTime:0.000977s ]
INFO: [ app_begin ] --END-- [ RunTime:0.000977s ]
SQL: SHOW COLUMNS FROM `suzhi_code` [ RunTime:0.0020s ]
NOTIC: [2] Invalid argument supplied for foreach() C:\WWW\suzhi_php\ThinkPHP\Library\Think\Model.class.php 第 267 行.
NOTIC: [2] Invalid argument supplied for foreach() C:\WWW\suzhi_php\ThinkPHP\Library\Think\Db\Driver.class.php 第 802 行.
SQL: INSERT INTO `suzhi_code` () VALUES () [ RunTime:0.0010s ]
INFO: [ app_end ] --START--
INFO: Run Behavior\ShowPageTraceBehavior [ RunTime:0.000977s ]
INFO: [ app_end ] --END-- [ RunTime:0.000977s ]

[ 2016-12-27T16:28:00+08:00 ] 122.235.226.69 /index.php/Home/Register/Sensms
INFO: [ app_init ] --START--
INFO: Run Behavior\BuildLiteBehavior [ RunTime:0.000000s ]
INFO: [ app_init ] --END-- [ RunTime:0.000976s ]
INFO: [ app_begin ] --START--
INFO: Run Behavior\ReadHtmlCacheBehavior [ RunTime:0.000000s ]
INFO: [ app_begin ] --END-- [ RunTime:0.000977s ]
SQL: SHOW COLUMNS FROM `suzhi_code` [ RunTime:0.0029s ]
NOTIC: [2] Invalid argument supplied for foreach() C:\WWW\suzhi_php\ThinkPHP\Library\Think\Model.class.php 第 267 行.
NOTIC: [2] Invalid argument supplied for foreach() C:\WWW\suzhi_php\ThinkPHP\Library\Think\Db\Driver.class.php 第 802 行.
SQL: INSERT INTO `suzhi_code` () VALUES () [ RunTime:0.0010s ]
INFO: [ app_end ] --START--
INFO: Run Behavior\ShowPageTraceBehavior [ RunTime:0.000976s ]
INFO: [ app_end ] --END-- [ RunTime:0.000976s ]

[ 2016-12-27T16:29:14+08:00 ] 122.235.226.69 /index.php/Home/Register/Sensms
INFO: [ app_init ] --START--
INFO: Run Behavior\BuildLiteBehavior [ RunTime:0.000000s ]
INFO: [ app_init ] --END-- [ RunTime:0.000000s ]
INFO: [ app_begin ] --START--
INFO: Run Behavior\ReadHtmlCacheBehavior [ RunTime:0.000977s ]
INFO: [ app_begin ] --END-- [ RunTime:0.000977s ]

[ 2016-12-27T16:29:38+08:00 ] 122.235.226.69 /index.php/Home/Register/Sensms
INFO: [ app_init ] --START--
INFO: Run Behavior\BuildLiteBehavior [ RunTime:0.000000s ]
INFO: [ app_init ] --END-- [ RunTime:0.000000s ]
INFO: [ app_begin ] --START--
INFO: Run Behavior\ReadHtmlCacheBehavior [ RunTime:0.000976s ]
INFO: [ app_begin ] --END-- [ RunTime:0.000976s ]
SQL: SHOW COLUMNS FROM `suzhi_code` [ RunTime:0.0020s ]
NOTIC: [2] Invalid argument supplied for foreach() C:\WWW\suzhi_php\ThinkPHP\Library\Think\Model.class.php 第 267 行.
NOTIC: [2] Invalid argument supplied for foreach() C:\WWW\suzhi_php\ThinkPHP\Library\Think\Db\Driver.class.php 第 802 行.
SQL: INSERT INTO `suzhi_code` () VALUES () [ RunTime:0.0000s ]
INFO: [ app_end ] --START--
INFO: Run Behavior\ShowPageTraceBehavior [ RunTime:0.000976s ]
INFO: [ app_end ] --END-- [ RunTime:0.000976s ]

[ 2016-12-27T16:32:16+08:00 ] 122.235.226.69 /index.php/Home/Register/Sensms
INFO: [ app_init ] --START--
INFO: Run Behavior\BuildLiteBehavior [ RunTime:0.000000s ]
INFO: [ app_init ] --END-- [ RunTime:0.000000s ]
INFO: [ app_begin ] --START--
INFO: Run Behavior\ReadHtmlCacheBehavior [ RunTime:0.000000s ]
INFO: [ app_begin ] --END-- [ RunTime:0.000000s ]
SQL: SHOW COLUMNS FROM `suzhi_code` [ RunTime:0.0029s ]
INFO: [ app_end ] --START--
INFO: Run Behavior\ShowPageTraceBehavior [ RunTime:0.000976s ]
INFO: [ app_end ] --END-- [ RunTime:0.000976s ]

[ 2016-12-27T16:32:35+08:00 ] 122.235.226.69 /index.php/Home/Register/Sensms
INFO: [ app_init ] --START--
INFO: Run Behavior\BuildLiteBehavior [ RunTime:0.000000s ]
INFO: [ app_init ] --END-- [ RunTime:0.000000s ]
INFO: [ app_begin ] --START--
INFO: Run Behavior\ReadHtmlCacheBehavior [ RunTime:0.000000s ]
INFO: [ app_begin ] --END-- [ RunTime:0.000000s ]
SQL: SHOW COLUMNS FROM `suzhi_code` [ RunTime:0.0029s ]
INFO: [ app_end ] --START--
INFO: Run Behavior\ShowPageTraceBehavior [ RunTime:0.000977s ]
INFO: [ app_end ] --END-- [ RunTime:0.000977s ]

[ 2016-12-27T16:32:37+08:00 ] 122.235.226.69 /index.php/Home/Register/Sensms
INFO: [ app_init ] --START--
INFO: Run Behavior\BuildLiteBehavior [ RunTime:0.000000s ]
INFO: [ app_init ] --END-- [ RunTime:0.000977s ]
INFO: [ app_begin ] --START--
INFO: Run Behavior\ReadHtmlCacheBehavior [ RunTime:0.000977s ]
INFO: [ app_begin ] --END-- [ RunTime:0.000977s ]
SQL: SHOW COLUMNS FROM `suzhi_code` [ RunTime:0.0039s ]
INFO: [ app_end ] --START--
INFO: Run Behavior\ShowPageTraceBehavior [ RunTime:0.000976s ]
INFO: [ app_end ] --END-- [ RunTime:0.000976s ]

[ 2016-12-27T16:32:38+08:00 ] 122.235.226.69 /index.php/Home/Register/Sensms
INFO: [ app_init ] --START--
INFO: Run Behavior\BuildLiteBehavior [ RunTime:0.000000s ]
INFO: [ app_init ] --END-- [ RunTime:0.000000s ]
INFO: [ app_begin ] --START--
INFO: Run Behavior\ReadHtmlCacheBehavior [ RunTime:0.000977s ]
INFO: [ app_begin ] --END-- [ RunTime:0.000977s ]
SQL: SHOW COLUMNS FROM `suzhi_code` [ RunTime:0.0029s ]
INFO: [ app_end ] --START--
INFO: Run Behavior\ShowPageTraceBehavior [ RunTime:0.000977s ]
INFO: [ app_end ] --END-- [ RunTime:0.000977s ]

[ 2016-12-27T16:32:38+08:00 ] 122.235.226.69 /index.php/Home/Register/Sensms
INFO: [ app_init ] --START--
INFO: Run Behavior\BuildLiteBehavior [ RunTime:0.000000s ]
INFO: [ app_init ] --END-- [ RunTime:0.000976s ]
INFO: [ app_begin ] --START--
INFO: Run Behavior\ReadHtmlCacheBehavior [ RunTime:0.000976s ]
INFO: [ app_begin ] --END-- [ RunTime:0.000976s ]
SQL: SHOW COLUMNS FROM `suzhi_code` [ RunTime:0.0029s ]
INFO: [ app_end ] --START--
INFO: Run Behavior\ShowPageTraceBehavior [ RunTime:0.000976s ]
INFO: [ app_end ] --END-- [ RunTime:0.000976s ]

[ 2016-12-27T16:32:38+08:00 ] 122.235.226.69 /index.php/Home/Register/Sensms
INFO: [ app_init ] --START--
INFO: Run Behavior\BuildLiteBehavior [ RunTime:0.000000s ]
INFO: [ app_init ] --END-- [ RunTime:0.000976s ]
INFO: [ app_begin ] --START--
INFO: Run Behavior\ReadHtmlCacheBehavior [ RunTime:0.000977s ]
INFO: [ app_begin ] --END-- [ RunTime:0.000977s ]
SQL: SHOW COLUMNS FROM `suzhi_code` [ RunTime:0.0039s ]
INFO: [ app_end ] --START--
INFO: Run Behavior\ShowPageTraceBehavior [ RunTime:0.000977s ]
INFO: [ app_end ] --END-- [ RunTime:0.000977s ]

[ 2016-12-27T16:32:38+08:00 ] 122.235.226.69 /index.php/Home/Register/Sensms
INFO: [ app_init ] --START--
INFO: Run Behavior\BuildLiteBehavior [ RunTime:0.000000s ]
INFO: [ app_init ] --END-- [ RunTime:0.000976s ]
INFO: [ app_begin ] --START--
INFO: Run Behavior\ReadHtmlCacheBehavior [ RunTime:0.000977s ]
INFO: [ app_begin ] --END-- [ RunTime:0.001953s ]
SQL: SHOW COLUMNS FROM `suzhi_code` [ RunTime:0.0029s ]
INFO: [ app_end ] --START--
INFO: Run Behavior\ShowPageTraceBehavior [ RunTime:0.000977s ]
INFO: [ app_end ] --END-- [ RunTime:0.000977s ]

[ 2016-12-27T16:33:40+08:00 ] 122.235.226.69 /index.php/Home/Register/Sensms
INFO: [ app_init ] --START--
INFO: Run Behavior\BuildLiteBehavior [ RunTime:0.000000s ]
INFO: [ app_init ] --END-- [ RunTime:0.000976s ]
INFO: [ app_begin ] --START--
INFO: Run Behavior\ReadHtmlCacheBehavior [ RunTime:0.000000s ]
INFO: [ app_begin ] --END-- [ RunTime:0.000976s ]
SQL: SHOW COLUMNS FROM `suzhi_code` [ RunTime:0.0020s ]
INFO: [ app_end ] --START--
INFO: Run Behavior\ShowPageTraceBehavior [ RunTime:0.000977s ]
INFO: [ app_end ] --END-- [ RunTime:0.000977s ]

[ 2016-12-27T16:34:00+08:00 ] 122.235.226.69 /index.php/Home/Register/Sensms
INFO: [ app_init ] --START--
INFO: Run Behavior\BuildLiteBehavior [ RunTime:0.000000s ]
INFO: [ app_init ] --END-- [ RunTime:0.000000s ]
INFO: [ app_begin ] --START--
INFO: Run Behavior\ReadHtmlCacheBehavior [ RunTime:0.000976s ]
INFO: [ app_begin ] --END-- [ RunTime:0.000976s ]
ERR: 无法加载控制器:Register

[ 2016-12-27T16:34:01+08:00 ] 122.235.226.69 /index.php/home/Register/re
INFO: [ app_init ] --START--
INFO: Run Behavior\BuildLiteBehavior [ RunTime:0.000000s ]
INFO: [ app_init ] --END-- [ RunTime:0.000000s ]
INFO: [ app_begin ] --START--
INFO: Run Behavior\ReadHtmlCacheBehavior [ RunTime:0.000000s ]
INFO: [ app_begin ] --END-- [ RunTime:0.000000s ]
ERR: 无法加载控制器:Register

[ 2016-12-27T16:34:07+08:00 ] 122.235.226.69 /index.php/home/Register/re
INFO: [ app_init ] --START--
INFO: Run Behavior\BuildLiteBehavior [ RunTime:0.000000s ]
INFO: [ app_init ] --END-- [ RunTime:0.000000s ]
INFO: [ app_begin ] --START--
INFO: Run Behavior\ReadHtmlCacheBehavior [ RunTime:0.000977s ]
INFO: [ app_begin ] --END-- [ RunTime:0.000977s ]
INFO: [ view_parse ] --START--
INFO: [ template_filter ] --START--
INFO: Run Behavior\ContentReplaceBehavior [ RunTime:0.000000s ]
INFO: [ template_filter ] --END-- [ RunTime:0.000000s ]
INFO: Run Behavior\ParseTemplateBehavior [ RunTime:0.023439s ]
INFO: [ view_parse ] --END-- [ RunTime:0.023439s ]
INFO: [ view_filter ] --START--
INFO: Run Behavior\WriteHtmlCacheBehavior [ RunTime:0.000000s ]
INFO: [ view_filter ] --END-- [ RunTime:0.000000s ]
INFO: [ app_end ] --START--
INFO: Run Behavior\ShowPageTraceBehavior [ RunTime:0.000976s ]
INFO: [ app_end ] --END-- [ RunTime:0.000976s ]

[ 2016-12-27T16:34:13+08:00 ] 122.235.226.69 /index.php/Home/Register/Sensms
INFO: [ app_init ] --START--
INFO: Run Behavior\BuildLiteBehavior [ RunTime:0.000000s ]
INFO: [ app_init ] --END-- [ RunTime:0.000000s ]
INFO: [ app_begin ] --START--
INFO: Run Behavior\ReadHtmlCacheBehavior [ RunTime:0.000976s ]
INFO: [ app_begin ] --END-- [ RunTime:0.000976s ]
SQL: SHOW COLUMNS FROM `suzhi_code` [ RunTime:0.0020s ]
INFO: [ app_end ] --START--
INFO: Run Behavior\ShowPageTraceBehavior [ RunTime:0.000000s ]
INFO: [ app_end ] --END-- [ RunTime:0.000976s ]

[ 2016-12-27T16:34:23+08:00 ] 122.235.226.69 /index.php/Home/Register/Sensms
INFO: [ app_init ] --START--
INFO: Run Behavior\BuildLiteBehavior [ RunTime:0.000000s ]
INFO: [ app_init ] --END-- [ RunTime:0.000976s ]
INFO: [ app_begin ] --START--
INFO: Run Behavior\ReadHtmlCacheBehavior [ RunTime:0.000000s ]
INFO: [ app_begin ] --END-- [ RunTime:0.000000s ]
SQL: SHOW COLUMNS FROM `suzhi_code` [ RunTime:0.0029s ]
INFO: [ app_end ] --START--
INFO: Run Behavior\ShowPageTraceBehavior [ RunTime:0.000977s ]
INFO: [ app_end ] --END-- [ RunTime:0.000977s ]

[ 2016-12-27T16:35:35+08:00 ] 122.235.226.69 /index.php/Home/Register/Sensms
INFO: [ app_init ] --START--
INFO: Run Behavior\BuildLiteBehavior [ RunTime:0.000000s ]
INFO: [ app_init ] --END-- [ RunTime:0.000000s ]
INFO: [ app_begin ] --START--
INFO: Run Behavior\ReadHtmlCacheBehavior [ RunTime:0.000000s ]
INFO: [ app_begin ] --END-- [ RunTime:0.000000s ]
SQL: SHOW COLUMNS FROM `suzhi_code` [ RunTime:0.0020s ]
INFO: [ app_end ] --START--
INFO: Run Behavior\ShowPageTraceBehavior [ RunTime:0.000976s ]
INFO: [ app_end ] --END-- [ RunTime:0.000976s ]

[ 2016-12-27T16:36:07+08:00 ] 122.235.226.69 /index.php/Home/Register/Sensms
INFO: [ app_init ] --START--
INFO: Run Behavior\BuildLiteBehavior [ RunTime:0.000000s ]
INFO: [ app_init ] --END-- [ RunTime:0.000000s ]
INFO: [ app_begin ] --START--
INFO: Run Behavior\ReadHtmlCacheBehavior [ RunTime:0.000977s ]
INFO: [ app_begin ] --END-- [ RunTime:0.000977s ]
SQL: SHOW COLUMNS FROM `suzhi_code` [ RunTime:0.0020s ]
SQL: INSERT INTO `suzhi_code` (`code`,`codephone`,`codetime`) VALUES ('6048','13606520694','1482827767') [ RunTime:0.0010s ]

[ 2016-12-27T16:38:48+08:00 ] 122.235.226.69 /index.php/Home/Register/Sensms
INFO: [ app_init ] --START--
INFO: Run Behavior\BuildLiteBehavior [ RunTime:0.000000s ]
INFO: [ app_init ] --END-- [ RunTime:0.000976s ]
INFO: [ app_begin ] --START--
INFO: Run Behavior\ReadHtmlCacheBehavior [ RunTime:0.000977s ]
INFO: [ app_begin ] --END-- [ RunTime:0.000977s ]
SQL: SHOW COLUMNS FROM `suzhi_code` [ RunTime:0.0029s ]
SQL: INSERT INTO `suzhi_code` (`code`,`codephone`,`codetime`) VALUES ('1988','13606520694','1482827928') [ RunTime:0.0010s ]
INFO: [ app_end ] --START--
INFO: Run Behavior\ShowPageTraceBehavior [ RunTime:0.000976s ]
INFO: [ app_end ] --END-- [ RunTime:0.000976s ]

[ 2016-12-27T16:38:59+08:00 ] 122.235.226.69 /index.php/Home/Register/Sensms
INFO: [ app_init ] --START--
INFO: Run Behavior\BuildLiteBehavior [ RunTime:0.000000s ]
INFO: [ app_init ] --END-- [ RunTime:0.000000s ]
INFO: [ app_begin ] --START--
INFO: Run Behavior\ReadHtmlCacheBehavior [ RunTime:0.000977s ]
INFO: [ app_begin ] --END-- [ RunTime:0.000977s ]
SQL: SHOW COLUMNS FROM `suzhi_code` [ RunTime:0.0029s ]
SQL: INSERT INTO `suzhi_code` (`code`,`codephone`,`codetime`) VALUES ('8748','13606520694','1482827939') [ RunTime:0.0000s ]

[ 2016-12-27T16:42:13+08:00 ] 122.235.226.69 /index.php/Home/Register/Sensms
INFO: [ app_init ] --START--
INFO: Run Behavior\BuildLiteBehavior [ RunTime:0.000000s ]
INFO: [ app_init ] --END-- [ RunTime:0.000976s ]
INFO: [ app_begin ] --START--
INFO: Run Behavior\ReadHtmlCacheBehavior [ RunTime:0.000977s ]
INFO: [ app_begin ] --END-- [ RunTime:0.000977s ]
SQL: SHOW COLUMNS FROM `suzhi_code` [ RunTime:0.0029s ]
SQL: INSERT INTO `suzhi_code` (`code`,`codephone`,`codetime`) VALUES ('8326','1','1482828133') [ RunTime:0.0010s ]

[ 2016-12-27T16:42:14+08:00 ] 122.235.226.69 /index.php/Home/Register/Sensms
INFO: [ app_init ] --START--
INFO: Run Behavior\BuildLiteBehavior [ RunTime:0.000000s ]
INFO: [ app_init ] --END-- [ RunTime:0.000000s ]
INFO: [ app_begin ] --START--
INFO: Run Behavior\ReadHtmlCacheBehavior [ RunTime:0.000977s ]
INFO: [ app_begin ] --END-- [ RunTime:0.000977s ]
SQL: SHOW COLUMNS FROM `suzhi_code` [ RunTime:0.0020s ]
SQL: INSERT INTO `suzhi_code` (`code`,`codephone`,`codetime`) VALUES ('2722','1','1482828134') [ RunTime:0.0000s ]

[ 2016-12-27T16:42:14+08:00 ] 122.235.226.69 /index.php/Home/Register/Sensms
INFO: [ app_init ] --START--
INFO: Run Behavior\BuildLiteBehavior [ RunTime:0.000000s ]
INFO: [ app_init ] --END-- [ RunTime:0.000976s ]
INFO: [ app_begin ] --START--
INFO: Run Behavior\ReadHtmlCacheBehavior [ RunTime:0.000977s ]
INFO: [ app_begin ] --END-- [ RunTime:0.000977s ]
SQL: SHOW COLUMNS FROM `suzhi_code` [ RunTime:0.0020s ]
SQL: INSERT INTO `suzhi_code` (`code`,`codephone`,`codetime`) VALUES ('7329','1','1482828134') [ RunTime:0.0000s ]

[ 2016-12-27T16:42:14+08:00 ] 122.235.226.69 /index.php/Home/Register/Sensms
INFO: [ app_init ] --START--
INFO: Run Behavior\BuildLiteBehavior [ RunTime:0.000000s ]
INFO: [ app_init ] --END-- [ RunTime:0.000000s ]
INFO: [ app_begin ] --START--
INFO: Run Behavior\ReadHtmlCacheBehavior [ RunTime:0.000000s ]
INFO: [ app_begin ] --END-- [ RunTime:0.000000s ]
SQL: SHOW COLUMNS FROM `suzhi_code` [ RunTime:0.0029s ]
SQL: INSERT INTO `suzhi_code` (`code`,`codephone`,`codetime`) VALUES ('5440','1','1482828134') [ RunTime:0.0000s ]

[ 2016-12-27T16:42:14+08:00 ] 122.235.226.69 /index.php/Home/Register/Sensms
INFO: [ app_init ] --START--
INFO: Run Behavior\BuildLiteBehavior [ RunTime:0.000000s ]
INFO: [ app_init ] --END-- [ RunTime:0.000977s ]
INFO: [ app_begin ] --START--
INFO: Run Behavior\ReadHtmlCacheBehavior [ RunTime:0.000977s ]
INFO: [ app_begin ] --END-- [ RunTime:0.000977s ]
SQL: SHOW COLUMNS FROM `suzhi_code` [ RunTime:0.0020s ]
SQL: INSERT INTO `suzhi_code` (`code`,`codephone`,`codetime`) VALUES ('5151','1','1482828134') [ RunTime:0.0000s ]

[ 2016-12-27T16:42:14+08:00 ] 122.235.226.69 /index.php/Home/Register/Sensms
INFO: [ app_init ] --START--
INFO: Run Behavior\BuildLiteBehavior [ RunTime:0.000000s ]
INFO: [ app_init ] --END-- [ RunTime:0.000000s ]
INFO: [ app_begin ] --START--
INFO: Run Behavior\ReadHtmlCacheBehavior [ RunTime:0.000977s ]
INFO: [ app_begin ] --END-- [ RunTime:0.000977s ]
SQL: SHOW COLUMNS FROM `suzhi_code` [ RunTime:0.0020s ]
SQL: INSERT INTO `suzhi_code` (`code`,`codephone`,`codetime`) VALUES ('3620','1','1482828134') [ RunTime:0.0000s ]

[ 2016-12-27T16:42:15+08:00 ] 122.235.226.69 /index.php/Home/Register/Sensms
INFO: [ app_init ] --START--
INFO: Run Behavior\BuildLiteBehavior [ RunTime:0.000000s ]
INFO: [ app_init ] --END-- [ RunTime:0.000977s ]
INFO: [ app_begin ] --START--
INFO: Run Behavior\ReadHtmlCacheBehavior [ RunTime:0.000000s ]
INFO: [ app_begin ] --END-- [ RunTime:0.000000s ]
SQL: SHOW COLUMNS FROM `suzhi_code` [ RunTime:0.0029s ]
SQL: INSERT INTO `suzhi_code` (`code`,`codephone`,`codetime`) VALUES ('619','1','1482828135') [ RunTime:0.0000s ]

[ 2016-12-27T16:42:15+08:00 ] 122.235.226.69 /index.php/Home/Register/Sensms
INFO: [ app_init ] --START--
INFO: Run Behavior\BuildLiteBehavior [ RunTime:0.000000s ]
INFO: [ app_init ] --END-- [ RunTime:0.000976s ]
INFO: [ app_begin ] --START--
INFO: Run Behavior\ReadHtmlCacheBehavior [ RunTime:0.000000s ]
INFO: [ app_begin ] --END-- [ RunTime:0.000000s ]
SQL: SHOW COLUMNS FROM `suzhi_code` [ RunTime:0.0020s ]
SQL: INSERT INTO `suzhi_code` (`code`,`codephone`,`codetime`) VALUES ('7483','1','1482828135') [ RunTime:0.0000s ]

[ 2016-12-27T16:42:15+08:00 ] 122.235.226.69 /index.php/Home/Register/Sensms
INFO: [ app_init ] --START--
INFO: Run Behavior\BuildLiteBehavior [ RunTime:0.000000s ]
INFO: [ app_init ] --END-- [ RunTime:0.000000s ]
INFO: [ app_begin ] --START--
INFO: Run Behavior\ReadHtmlCacheBehavior [ RunTime:0.000000s ]
INFO: [ app_begin ] --END-- [ RunTime:0.000000s ]
SQL: SHOW COLUMNS FROM `suzhi_code` [ RunTime:0.0029s ]
SQL: INSERT INTO `suzhi_code` (`code`,`codephone`,`codetime`) VALUES ('1955','1','1482828135') [ RunTime:0.0010s ]

[ 2016-12-27T16:42:15+08:00 ] 122.235.226.69 /index.php/Home/Register/Sensms
INFO: [ app_init ] --START--
INFO: Run Behavior\BuildLiteBehavior [ RunTime:0.000000s ]
INFO: [ app_init ] --END-- [ RunTime:0.000000s ]
INFO: [ app_begin ] --START--
INFO: Run Behavior\ReadHtmlCacheBehavior [ RunTime:0.000976s ]
INFO: [ app_begin ] --END-- [ RunTime:0.000976s ]
SQL: SHOW COLUMNS FROM `suzhi_code` [ RunTime:0.0029s ]
SQL: INSERT INTO `suzhi_code` (`code`,`codephone`,`codetime`) VALUES ('9082','1','1482828135') [ RunTime:0.0010s ]

[ 2016-12-27T16:42:15+08:00 ] 122.235.226.69 /index.php/Home/Register/Sensms
INFO: [ app_init ] --START--
INFO: Run Behavior\BuildLiteBehavior [ RunTime:0.000000s ]
INFO: [ app_init ] --END-- [ RunTime:0.000000s ]
INFO: [ app_begin ] --START--
INFO: Run Behavior\ReadHtmlCacheBehavior [ RunTime:0.000000s ]
INFO: [ app_begin ] --END-- [ RunTime:0.000000s ]
SQL: SHOW COLUMNS FROM `suzhi_code` [ RunTime:0.0029s ]
SQL: INSERT INTO `suzhi_code` (`code`,`codephone`,`codetime`) VALUES ('3387','1','1482828135') [ RunTime:0.0000s ]

[ 2016-12-27T16:42:23+08:00 ] 122.235.226.69 /index.php/home/Register/re
INFO: [ app_init ] --START--
INFO: Run Behavior\BuildLiteBehavior [ RunTime:0.000000s ]
INFO: [ app_init ] --END-- [ RunTime:0.000000s ]
INFO: [ app_begin ] --START--
INFO: Run Behavior\ReadHtmlCacheBehavior [ RunTime:0.000976s ]
INFO: [ app_begin ] --END-- [ RunTime:0.000976s ]
INFO: [ view_parse ] --START--
INFO: [ template_filter ] --START--
INFO: Run Behavior\ContentReplaceBehavior [ RunTime:0.000000s ]
INFO: [ template_filter ] --END-- [ RunTime:0.000977s ]
INFO: Run Behavior\ParseTemplateBehavior [ RunTime:0.020508s ]
INFO: [ view_parse ] --END-- [ RunTime:0.020508s ]
INFO: [ view_filter ] --START--
INFO: Run Behavior\WriteHtmlCacheBehavior [ RunTime:0.000000s ]
INFO: [ view_filter ] --END-- [ RunTime:0.000000s ]
INFO: [ app_end ] --START--
INFO: Run Behavior\ShowPageTraceBehavior [ RunTime:0.000977s ]
INFO: [ app_end ] --END-- [ RunTime:0.000977s ]

[ 2016-12-27T16:42:48+08:00 ] 122.235.226.69 /index.php/home/Register/re
INFO: [ app_init ] --START--
INFO: Run Behavior\BuildLiteBehavior [ RunTime:0.000000s ]
INFO: [ app_init ] --END-- [ RunTime:0.000977s ]
INFO: [ app_begin ] --START--
INFO: Run Behavior\ReadHtmlCacheBehavior [ RunTime:0.000977s ]
INFO: [ app_begin ] --END-- [ RunTime:0.000977s ]
INFO: [ view_parse ] --START--
INFO: [ template_filter ] --START--
INFO: Run Behavior\ContentReplaceBehavior [ RunTime:0.000000s ]
INFO: [ template_filter ] --END-- [ RunTime:0.000000s ]
INFO: Run Behavior\ParseTemplateBehavior [ RunTime:0.006836s ]
INFO: [ view_parse ] --END-- [ RunTime:0.006836s ]
INFO: [ view_filter ] --START--
INFO: Run Behavior\WriteHtmlCacheBehavior [ RunTime:0.000976s ]
INFO: [ view_filter ] --END-- [ RunTime:0.000976s ]
INFO: [ app_end ] --START--
INFO: Run Behavior\ShowPageTraceBehavior [ RunTime:0.000000s ]
INFO: [ app_end ] --END-- [ RunTime:0.000000s ]

[ 2016-12-27T16:50:10+08:00 ] 122.235.226.69 /index.php/Home/Register/Sensms
INFO: [ app_init ] --START--
INFO: Run Behavior\BuildLiteBehavior [ RunTime:0.000000s ]
INFO: [ app_init ] --END-- [ RunTime:0.000976s ]
INFO: [ app_begin ] --START--
INFO: Run Behavior\ReadHtmlCacheBehavior [ RunTime:0.000976s ]
INFO: [ app_begin ] --END-- [ RunTime:0.000976s ]
SQL: SHOW COLUMNS FROM `suzhi_code` [ RunTime:0.0039s ]
SQL: SELECT * FROM `suzhi_code` WHERE `codephone` = '13174922042'  [ RunTime:0.0000s ]
SQL: INSERT INTO `suzhi_code` (`code`,`codephone`,`codetime`) VALUES ('5586','13174922042','1482828610') [ RunTime:0.0000s ]

[ 2016-12-27T16:50:49+08:00 ] 122.235.226.69 /index.php/home/Register/re
INFO: [ app_init ] --START--
INFO: Run Behavior\BuildLiteBehavior [ RunTime:0.000000s ]
INFO: [ app_init ] --END-- [ RunTime:0.000976s ]
INFO: [ app_begin ] --START--
INFO: Run Behavior\ReadHtmlCacheBehavior [ RunTime:0.000977s ]
INFO: [ app_begin ] --END-- [ RunTime:0.000977s ]
INFO: [ view_parse ] --START--
INFO: [ template_filter ] --START--
INFO: Run Behavior\ContentReplaceBehavior [ RunTime:0.000000s ]
INFO: [ template_filter ] --END-- [ RunTime:0.000000s ]
INFO: Run Behavior\ParseTemplateBehavior [ RunTime:0.020509s ]
INFO: [ view_parse ] --END-- [ RunTime:0.020509s ]
INFO: [ view_filter ] --START--
INFO: Run Behavior\WriteHtmlCacheBehavior [ RunTime:0.000000s ]
INFO: [ view_filter ] --END-- [ RunTime:0.000000s ]
INFO: [ app_end ] --START--
INFO: Run Behavior\ShowPageTraceBehavior [ RunTime:0.000000s ]
INFO: [ app_end ] --END-- [ RunTime:0.000000s ]

[ 2016-12-27T16:50:55+08:00 ] 122.235.226.69 /index.php/Home/Register/Sensms
INFO: [ app_init ] --START--
INFO: Run Behavior\BuildLiteBehavior [ RunTime:0.000000s ]
INFO: [ app_init ] --END-- [ RunTime:0.000977s ]
INFO: [ app_begin ] --START--
INFO: Run Behavior\ReadHtmlCacheBehavior [ RunTime:0.000976s ]
INFO: [ app_begin ] --END-- [ RunTime:0.000976s ]
SQL: SHOW COLUMNS FROM `suzhi_code` [ RunTime:0.0020s ]
SQL: SELECT * FROM `suzhi_code` WHERE `codephone` = '13606520694'  [ RunTime:0.0010s ]
SQL: DELETE FROM `suzhi_code` WHERE `codephone` = '13606520694' [ RunTime:0.0000s ]
SQL: INSERT INTO `suzhi_code` (`code`,`codephone`,`codetime`) VALUES ('8519','13606520694','1482828655') [ RunTime:0.0010s ]

[ 2016-12-27T17:00:07+08:00 ] 122.235.226.69 /index.php/home/Register/re
INFO: [ app_init ] --START--
INFO: Run Behavior\BuildLiteBehavior [ RunTime:0.000000s ]
INFO: [ app_init ] --END-- [ RunTime:0.000976s ]
INFO: [ app_begin ] --START--
INFO: Run Behavior\ReadHtmlCacheBehavior [ RunTime:0.000976s ]
INFO: [ app_begin ] --END-- [ RunTime:0.000976s ]
INFO: [ view_parse ] --START--
INFO: [ template_filter ] --START--
INFO: Run Behavior\ContentReplaceBehavior [ RunTime:0.000000s ]
INFO: [ template_filter ] --END-- [ RunTime:0.000000s ]
INFO: Run Behavior\ParseTemplateBehavior [ RunTime:0.018555s ]
INFO: [ view_parse ] --END-- [ RunTime:0.018555s ]
INFO: [ view_filter ] --START--
INFO: Run Behavior\WriteHtmlCacheBehavior [ RunTime:0.000000s ]
INFO: [ view_filter ] --END-- [ RunTime:0.000000s ]
INFO: [ app_end ] --START--
INFO: Run Behavior\ShowPageTraceBehavior [ RunTime:0.000977s ]
INFO: [ app_end ] --END-- [ RunTime:0.000977s ]

[ 2016-12-27T17:01:32+08:00 ] 122.235.226.69 /index.php/home/Register/re
INFO: [ app_init ] --START--
INFO: Run Behavior\BuildLiteBehavior [ RunTime:0.000000s ]
INFO: [ app_init ] --END-- [ RunTime:0.000976s ]
INFO: [ app_begin ] --START--
INFO: Run Behavior\ReadHtmlCacheBehavior [ RunTime:0.000000s ]
INFO: [ app_begin ] --END-- [ RunTime:0.000000s ]
INFO: [ view_parse ] --START--
INFO: [ template_filter ] --START--
INFO: Run Behavior\ContentReplaceBehavior [ RunTime:0.000000s ]
INFO: [ template_filter ] --END-- [ RunTime:0.000977s ]
INFO: Run Behavior\ParseTemplateBehavior [ RunTime:0.006836s ]
INFO: [ view_parse ] --END-- [ RunTime:0.006836s ]
INFO: [ view_filter ] --START--
INFO: Run Behavior\WriteHtmlCacheBehavior [ RunTime:0.000976s ]
INFO: [ view_filter ] --END-- [ RunTime:0.000976s ]
INFO: [ app_end ] --START--
INFO: Run Behavior\ShowPageTraceBehavior [ RunTime:0.000000s ]
INFO: [ app_end ] --END-- [ RunTime:0.000977s ]

[ 2016-12-27T17:02:32+08:00 ] 122.235.226.69 /index.php/home/Register/re
INFO: [ app_init ] --START--
INFO: Run Behavior\BuildLiteBehavior [ RunTime:0.000000s ]
INFO: [ app_init ] --END-- [ RunTime:0.000000s ]
INFO: [ app_begin ] --START--
INFO: Run Behavior\ReadHtmlCacheBehavior [ RunTime:0.000000s ]
INFO: [ app_begin ] --END-- [ RunTime:0.000000s ]
INFO: [ view_parse ] --START--
INFO: [ template_filter ] --START--
INFO: Run Behavior\ContentReplaceBehavior [ RunTime:0.000000s ]
INFO: [ template_filter ] --END-- [ RunTime:0.000000s ]
INFO: Run Behavior\ParseTemplateBehavior [ RunTime:0.006836s ]
INFO: [ view_parse ] --END-- [ RunTime:0.006836s ]
INFO: [ view_filter ] --START--
INFO: Run Behavior\WriteHtmlCacheBehavior [ RunTime:0.000000s ]
INFO: [ view_filter ] --END-- [ RunTime:0.000000s ]
INFO: [ app_end ] --START--
INFO: Run Behavior\ShowPageTraceBehavior [ RunTime:0.000977s ]
INFO: [ app_end ] --END-- [ RunTime:0.000977s ]

[ 2016-12-27T17:02:34+08:00 ] 122.235.226.69 /index.php/home/Register/re
INFO: [ app_init ] --START--
INFO: Run Behavior\BuildLiteBehavior [ RunTime:0.000000s ]
INFO: [ app_init ] --END-- [ RunTime:0.000000s ]
INFO: [ app_begin ] --START--
INFO: Run Behavior\ReadHtmlCacheBehavior [ RunTime:0.000977s ]
INFO: [ app_begin ] --END-- [ RunTime:0.000977s ]
INFO: [ view_parse ] --START--
INFO: [ template_filter ] --START--
INFO: Run Behavior\ContentReplaceBehavior [ RunTime:0.000000s ]
INFO: [ template_filter ] --END-- [ RunTime:0.000977s ]
INFO: Run Behavior\ParseTemplateBehavior [ RunTime:0.008790s ]
INFO: [ view_parse ] --END-- [ RunTime:0.008790s ]
INFO: [ view_filter ] --START--
INFO: Run Behavior\WriteHtmlCacheBehavior [ RunTime:0.000000s ]
INFO: [ view_filter ] --END-- [ RunTime:0.000000s ]
INFO: [ app_end ] --START--
INFO: Run Behavior\ShowPageTraceBehavior [ RunTime:0.000000s ]
INFO: [ app_end ] --END-- [ RunTime:0.000000s ]

[ 2016-12-27T17:03:22+08:00 ] 122.235.226.69 /index.php/Home/Register/Verif
INFO: [ app_init ] --START--
INFO: Run Behavior\BuildLiteBehavior [ RunTime:0.000000s ]
INFO: [ app_init ] --END-- [ RunTime:0.000976s ]
INFO: [ app_begin ] --START--
INFO: Run Behavior\ReadHtmlCacheBehavior [ RunTime:0.000977s ]
INFO: [ app_begin ] --END-- [ RunTime:0.000977s ]
INFO: [ app_end ] --START--
INFO: Run Behavior\ShowPageTraceBehavior [ RunTime:0.000000s ]
INFO: [ app_end ] --END-- [ RunTime:0.000000s ]

[ 2016-12-27T17:14:33+08:00 ] 122.235.226.69 /index.php/Home/Register/Verif
INFO: [ app_init ] --START--
INFO: Run Behavior\BuildLiteBehavior [ RunTime:0.000000s ]
INFO: [ app_init ] --END-- [ RunTime:0.000977s ]
INFO: [ app_begin ] --START--
INFO: Run Behavior\ReadHtmlCacheBehavior [ RunTime:0.000977s ]
INFO: [ app_begin ] --END-- [ RunTime:0.000977s ]
SQL: SHOW COLUMNS FROM `suzhi_code` [ RunTime:0.0029s ]
SQL: SELECT * FROM `suzhi_code` WHERE `codephone` = '8519' AND `code` = 8519  [ RunTime:0.0000s ]

[ 2016-12-27T17:26:30+08:00 ] 122.235.226.69 /index.php/Home/Register/Verif
INFO: [ app_init ] --START--
INFO: Run Behavior\BuildLiteBehavior [ RunTime:0.000000s ]
INFO: [ app_init ] --END-- [ RunTime:0.000977s ]
INFO: [ app_begin ] --START--
INFO: Run Behavior\ReadHtmlCacheBehavior [ RunTime:0.000976s ]
INFO: [ app_begin ] --END-- [ RunTime:0.001953s ]
SQL: SHOW COLUMNS FROM `suzhi_code` [ RunTime:0.0029s ]
SQL: SELECT * FROM `suzhi_code` WHERE `codephone` = '8519' AND `code` = 8519  [ RunTime:0.0000s ]

[ 2016-12-27T23:16:22+08:00 ] 122.235.226.69 /index.php/home/Register/re
INFO: [ app_init ] --START--
INFO: Run Behavior\BuildLiteBehavior [ RunTime:0.000000s ]
INFO: [ app_init ] --END-- [ RunTime:0.000977s ]
INFO: [ app_begin ] --START--
INFO: Run Behavior\ReadHtmlCacheBehavior [ RunTime:0.000000s ]
INFO: [ app_begin ] --END-- [ RunTime:0.000976s ]
INFO: [ view_parse ] --START--
INFO: [ template_filter ] --START--
INFO: Run Behavior\ContentReplaceBehavior [ RunTime:0.000000s ]
INFO: [ template_filter ] --END-- [ RunTime:0.000000s ]
INFO: Run Behavior\ParseTemplateBehavior [ RunTime:0.020508s ]
INFO: [ view_parse ] --END-- [ RunTime:0.020508s ]
INFO: [ view_filter ] --START--
INFO: Run Behavior\WriteHtmlCacheBehavior [ RunTime:0.000000s ]
INFO: [ view_filter ] --END-- [ RunTime:0.000977s ]
INFO: [ app_end ] --START--
INFO: Run Behavior\ShowPageTraceBehavior [ RunTime:0.000976s ]
INFO: [ app_end ] --END-- [ RunTime:0.000976s ]

[ 2016-12-27T23:17:17+08:00 ] 122.235.226.69 /index.php/Home/Register/Sensms
INFO: [ app_init ] --START--
INFO: Run Behavior\BuildLiteBehavior [ RunTime:0.000000s ]
INFO: [ app_init ] --END-- [ RunTime:0.000977s ]
INFO: [ app_begin ] --START--
INFO: Run Behavior\ReadHtmlCacheBehavior [ RunTime:0.000977s ]
INFO: [ app_begin ] --END-- [ RunTime:0.000977s ]
SQL: SHOW COLUMNS FROM `suzhi_code` [ RunTime:0.0029s ]
SQL: SELECT * FROM `suzhi_code` WHERE `codephone` = '13606520694'  [ RunTime:0.0000s ]
SQL: DELETE FROM `suzhi_code` WHERE `codephone` = '13606520694' [ RunTime:0.0000s ]
SQL: INSERT INTO `suzhi_code` (`code`,`codephone`,`codetime`) VALUES ('1243','13606520694','1482851837') [ RunTime:0.0000s ]

[ 2016-12-27T23:19:31+08:00 ] 122.235.226.69 /index.php/Home/Register/Sensms
INFO: [ app_init ] --START--
INFO: Run Behavior\BuildLiteBehavior [ RunTime:0.000000s ]
INFO: [ app_init ] --END-- [ RunTime:0.000000s ]
INFO: [ app_begin ] --START--
INFO: Run Behavior\ReadHtmlCacheBehavior [ RunTime:0.000976s ]
INFO: [ app_begin ] --END-- [ RunTime:0.000976s ]
SQL: SHOW COLUMNS FROM `suzhi_code` [ RunTime:0.0020s ]
SQL: SELECT * FROM `suzhi_code` WHERE `codephone` = '13606520694'  [ RunTime:0.0000s ]
SQL: DELETE FROM `suzhi_code` WHERE `codephone` = '13606520694' [ RunTime:0.0010s ]
SQL: INSERT INTO `suzhi_code` (`code`,`codephone`,`codetime`) VALUES ('3389','13606520694','1482851971') [ RunTime:0.0000s ]

[ 2016-12-27T23:19:37+08:00 ] 122.235.226.69 /index.php/Home/Register/Sensms
INFO: [ app_init ] --START--
INFO: Run Behavior\BuildLiteBehavior [ RunTime:0.000000s ]
INFO: [ app_init ] --END-- [ RunTime:0.000000s ]
INFO: [ app_begin ] --START--
INFO: Run Behavior\ReadHtmlCacheBehavior [ RunTime:0.000977s ]
INFO: [ app_begin ] --END-- [ RunTime:0.000977s ]
SQL: SHOW COLUMNS FROM `suzhi_code` [ RunTime:0.0029s ]
SQL: SELECT * FROM `suzhi_code` WHERE `codephone` = '13606520694'  [ RunTime:0.0010s ]
SQL: DELETE FROM `suzhi_code` WHERE `codephone` = '13606520694' [ RunTime:0.0000s ]
SQL: INSERT INTO `suzhi_code` (`code`,`codephone`,`codetime`) VALUES ('6153','13606520694','1482851977') [ RunTime:0.0000s ]

[ 2016-12-27T23:20:24+08:00 ] 122.235.226.69 /index.php/Home/Register/Sensms
INFO: [ app_init ] --START--
INFO: Run Behavior\BuildLiteBehavior [ RunTime:0.000000s ]
INFO: [ app_init ] --END-- [ RunTime:0.000000s ]
INFO: [ app_begin ] --START--
INFO: Run Behavior\ReadHtmlCacheBehavior [ RunTime:0.000977s ]
INFO: [ app_begin ] --END-- [ RunTime:0.000977s ]
SQL: SHOW COLUMNS FROM `suzhi_code` [ RunTime:0.0039s ]
SQL: SELECT * FROM `suzhi_code` WHERE `codephone` = '13606520694'  [ RunTime:0.0000s ]
SQL: DELETE FROM `suzhi_code` WHERE `codephone` = '13606520694' [ RunTime:0.0000s ]
SQL: INSERT INTO `suzhi_code` (`code`,`codephone`,`codetime`) VALUES ('9468','13606520694','1482852024') [ RunTime:0.0010s ]
INFO: [ app_end ] --START--
INFO: Run Behavior\ShowPageTraceBehavior [ RunTime:0.000977s ]
INFO: [ app_end ] --END-- [ RunTime:0.000977s ]

[ 2016-12-27T23:20:51+08:00 ] 122.235.226.69 /index.php/Home/Register/Sensms
INFO: [ app_init ] --START--
INFO: Run Behavior\BuildLiteBehavior [ RunTime:0.000000s ]
INFO: [ app_init ] --END-- [ RunTime:0.000000s ]
INFO: [ app_begin ] --START--
INFO: Run Behavior\ReadHtmlCacheBehavior [ RunTime:0.000977s ]
INFO: [ app_begin ] --END-- [ RunTime:0.000977s ]
SQL: SHOW COLUMNS FROM `suzhi_code` [ RunTime:0.0020s ]
SQL: SELECT * FROM `suzhi_code` WHERE `codephone` = '13606520694'  [ RunTime:0.0010s ]
SQL: DELETE FROM `suzhi_code` WHERE `codephone` = '13606520694' [ RunTime:0.0000s ]
SQL: INSERT INTO `suzhi_code` (`code`,`codephone`,`codetime`) VALUES ('4535','13606520694','1482852051') [ RunTime:0.0000s ]
INFO: [ app_end ] --START--
INFO: Run Behavior\ShowPageTraceBehavior [ RunTime:0.000976s ]
INFO: [ app_end ] --END-- [ RunTime:0.000976s ]

[ 2016-12-27T23:21:10+08:00 ] 122.235.226.69 /index.php/Home/Register/Sensms
INFO: [ app_init ] --START--
INFO: Run Behavior\BuildLiteBehavior [ RunTime:0.000000s ]
INFO: [ app_init ] --END-- [ RunTime:0.000976s ]
INFO: [ app_begin ] --START--
INFO: Run Behavior\ReadHtmlCacheBehavior [ RunTime:0.000976s ]
INFO: [ app_begin ] --END-- [ RunTime:0.000976s ]
SQL: SHOW COLUMNS FROM `suzhi_code` [ RunTime:0.0020s ]
SQL: SELECT * FROM `suzhi_code` WHERE `codephone` = '13606520694'  [ RunTime:0.0000s ]
SQL: DELETE FROM `suzhi_code` WHERE `codephone` = '13606520694' [ RunTime:0.0000s ]
SQL: INSERT INTO `suzhi_code` (`code`,`codephone`,`codetime`) VALUES ('8698','13606520694','1482852070') [ RunTime:0.0000s ]
NOTIC: [8] Undefined variable: do C:\WWW\suzhi_php\App\Home\Controller\RegisterController.class.php 第 30 行.
INFO: [ app_end ] --START--
INFO: Run Behavior\ShowPageTraceBehavior [ RunTime:0.000976s ]
INFO: [ app_end ] --END-- [ RunTime:0.000976s ]

[ 2016-12-27T23:23:21+08:00 ] 122.235.226.69 /index.php/Home/Register/Sensms
INFO: [ app_init ] --START--
INFO: Run Behavior\BuildLiteBehavior [ RunTime:0.000000s ]
INFO: [ app_init ] --END-- [ RunTime:0.000000s ]
INFO: [ app_begin ] --START--
INFO: Run Behavior\ReadHtmlCacheBehavior [ RunTime:0.000000s ]
INFO: [ app_begin ] --END-- [ RunTime:0.000000s ]
SQL: SHOW COLUMNS FROM `suzhi_code` [ RunTime:0.0020s ]
SQL: SELECT * FROM `suzhi_code` WHERE `codephone` = '13606520694'  [ RunTime:0.0000s ]
SQL: DELETE FROM `suzhi_code` WHERE `codephone` = '13606520694' [ RunTime:0.0000s ]
SQL: INSERT INTO `suzhi_code` (`code`,`codephone`,`codetime`) VALUES ('169','13606520694','1482852201') [ RunTime:0.0000s ]

[ 2016-12-27T23:27:05+08:00 ] 122.235.226.69 /index.php/Home/Register/Verif
INFO: [ app_init ] --START--
INFO: Run Behavior\BuildLiteBehavior [ RunTime:0.000000s ]
INFO: [ app_init ] --END-- [ RunTime:0.000977s ]
INFO: [ app_begin ] --START--
INFO: Run Behavior\ReadHtmlCacheBehavior [ RunTime:0.000976s ]
INFO: [ app_begin ] --END-- [ RunTime:0.000976s ]
SQL: SHOW COLUMNS FROM `suzhi_code` [ RunTime:0.0020s ]
SQL: SELECT * FROM `suzhi_code` WHERE `codephone` = '0169' AND `code` = 169  [ RunTime:0.0000s ]

[ 2016-12-27T23:27:59+08:00 ] 122.235.226.69 /index.php/Home/Register/Verif
INFO: [ app_init ] --START--
INFO: Run Behavior\BuildLiteBehavior [ RunTime:0.000000s ]
INFO: [ app_init ] --END-- [ RunTime:0.000977s ]
INFO: [ app_begin ] --START--
INFO: Run Behavior\ReadHtmlCacheBehavior [ RunTime:0.000976s ]
INFO: [ app_begin ] --END-- [ RunTime:0.000976s ]
SQL: SHOW COLUMNS FROM `suzhi_code` [ RunTime:0.0020s ]
SQL: SELECT * FROM `suzhi_code` WHERE `codephone` = '0169' AND `code` = 169  [ RunTime:0.0000s ]

[ 2016-12-27T23:28:06+08:00 ] 122.235.226.69 /index.php/home/Register/re
INFO: [ app_init ] --START--
INFO: Run Behavior\BuildLiteBehavior [ RunTime:0.000000s ]
INFO: [ app_init ] --END-- [ RunTime:0.000000s ]
INFO: [ app_begin ] --START--
INFO: Run Behavior\ReadHtmlCacheBehavior [ RunTime:0.000976s ]
INFO: [ app_begin ] --END-- [ RunTime:0.000976s ]
INFO: [ view_parse ] --START--
INFO: [ template_filter ] --START--
INFO: Run Behavior\ContentReplaceBehavior [ RunTime:0.000977s ]
INFO: [ template_filter ] --END-- [ RunTime:0.000977s ]
INFO: Run Behavior\ParseTemplateBehavior [ RunTime:0.020508s ]
INFO: [ view_parse ] --END-- [ RunTime:0.020508s ]
INFO: [ view_filter ] --START--
INFO: Run Behavior\WriteHtmlCacheBehavior [ RunTime:0.000000s ]
INFO: [ view_filter ] --END-- [ RunTime:0.000000s ]
INFO: [ app_end ] --START--
INFO: Run Behavior\ShowPageTraceBehavior [ RunTime:0.000977s ]
INFO: [ app_end ] --END-- [ RunTime:0.000977s ]

[ 2016-12-27T23:28:18+08:00 ] 122.235.226.69 /index.php/Home/Register/Verif
INFO: [ app_init ] --START--
INFO: Run Behavior\BuildLiteBehavior [ RunTime:0.000000s ]
INFO: [ app_init ] --END-- [ RunTime:0.000977s ]
INFO: [ app_begin ] --START--
INFO: Run Behavior\ReadHtmlCacheBehavior [ RunTime:0.000977s ]
INFO: [ app_begin ] --END-- [ RunTime:0.000977s ]
SQL: SHOW COLUMNS FROM `suzhi_code` [ RunTime:0.0020s ]
SQL: SELECT * FROM `suzhi_code` WHERE `codephone` = '11' AND `code` = 11  [ RunTime:0.0010s ]

[ 2016-12-27T23:28:24+08:00 ] 122.235.226.69 /index.php/home/Register/re
INFO: [ app_init ] --START--
INFO: Run Behavior\BuildLiteBehavior [ RunTime:0.000000s ]
INFO: [ app_init ] --END-- [ RunTime:0.000000s ]
INFO: [ app_begin ] --START--
INFO: Run Behavior\ReadHtmlCacheBehavior [ RunTime:0.000976s ]
INFO: [ app_begin ] --END-- [ RunTime:0.000976s ]
INFO: [ view_parse ] --START--
INFO: [ template_filter ] --START--
INFO: Run Behavior\ContentReplaceBehavior [ RunTime:0.000000s ]
INFO: [ template_filter ] --END-- [ RunTime:0.000000s ]
INFO: Run Behavior\ParseTemplateBehavior [ RunTime:0.005859s ]
INFO: [ view_parse ] --END-- [ RunTime:0.005859s ]
INFO: [ view_filter ] --START--
INFO: Run Behavior\WriteHtmlCacheBehavior [ RunTime:0.000000s ]
INFO: [ view_filter ] --END-- [ RunTime:0.000977s ]
INFO: [ app_end ] --START--
INFO: Run Behavior\ShowPageTraceBehavior [ RunTime:0.000000s ]
INFO: [ app_end ] --END-- [ RunTime:0.000000s ]

[ 2016-12-27T23:28:58+08:00 ] 122.235.226.69 /index.php/home/Register/re
INFO: [ app_init ] --START--
INFO: Run Behavior\BuildLiteBehavior [ RunTime:0.000000s ]
INFO: [ app_init ] --END-- [ RunTime:0.000000s ]
INFO: [ app_begin ] --START--
INFO: Run Behavior\ReadHtmlCacheBehavior [ RunTime:0.000000s ]
INFO: [ app_begin ] --END-- [ RunTime:0.000977s ]
INFO: [ view_parse ] --START--
INFO: [ template_filter ] --START--
INFO: Run Behavior\ContentReplaceBehavior [ RunTime:0.000000s ]
INFO: [ template_filter ] --END-- [ RunTime:0.000000s ]
INFO: Run Behavior\ParseTemplateBehavior [ RunTime:0.008790s ]
INFO: [ view_parse ] --END-- [ RunTime:0.008790s ]
INFO: [ view_filter ] --START--
INFO: Run Behavior\WriteHtmlCacheBehavior [ RunTime:0.000000s ]
INFO: [ view_filter ] --END-- [ RunTime:0.000000s ]
INFO: [ app_end ] --START--
INFO: Run Behavior\ShowPageTraceBehavior [ RunTime:0.000977s ]
INFO: [ app_end ] --END-- [ RunTime:0.000977s ]

[ 2016-12-27T23:29:05+08:00 ] 122.235.226.69 /index.php/Home/Register/Verif
INFO: [ app_init ] --START--
INFO: Run Behavior\BuildLiteBehavior [ RunTime:0.000000s ]
INFO: [ app_init ] --END-- [ RunTime:0.000977s ]
INFO: [ app_begin ] --START--
INFO: Run Behavior\ReadHtmlCacheBehavior [ RunTime:0.000976s ]
INFO: [ app_begin ] --END-- [ RunTime:0.000976s ]
SQL: SHOW COLUMNS FROM `suzhi_code` [ RunTime:0.0029s ]
SQL: SELECT * FROM `suzhi_code` WHERE `codephone` = '1' AND `code` = 1  [ RunTime:0.0010s ]

[ 2016-12-27T23:29:42+08:00 ] 122.235.226.69 /index.php/Home/Register/Verif
INFO: [ app_init ] --START--
INFO: Run Behavior\BuildLiteBehavior [ RunTime:0.000000s ]
INFO: [ app_init ] --END-- [ RunTime:0.000977s ]
INFO: [ app_begin ] --START--
INFO: Run Behavior\ReadHtmlCacheBehavior [ RunTime:0.000976s ]
INFO: [ app_begin ] --END-- [ RunTime:0.000976s ]
SQL: SHOW COLUMNS FROM `suzhi_code` [ RunTime:0.0029s ]
SQL: SELECT * FROM `suzhi_code` WHERE `codephone` = '1' AND `code` = 1  [ RunTime:0.0010s ]

[ 2016-12-27T23:30:17+08:00 ] 122.235.226.69 /index.php/Home/Register/Verif
INFO: [ app_init ] --START--
INFO: Run Behavior\BuildLiteBehavior [ RunTime:0.000000s ]
INFO: [ app_init ] --END-- [ RunTime:0.000000s ]
INFO: [ app_begin ] --START--
INFO: Run Behavior\ReadHtmlCacheBehavior [ RunTime:0.000977s ]
INFO: [ app_begin ] --END-- [ RunTime:0.000977s ]
SQL: SHOW COLUMNS FROM `suzhi_code` [ RunTime:0.0107s ]
SQL: SELECT * FROM `suzhi_code` WHERE `codephone` = '1' AND `code` = 1  [ RunTime:0.0000s ]

[ 2016-12-27T23:31:37+08:00 ] 122.235.226.69 /index.php/Home/Register/Verif
INFO: [ app_init ] --START--
INFO: Run Behavior\BuildLiteBehavior [ RunTime:0.000000s ]
INFO: [ app_init ] --END-- [ RunTime:0.000000s ]
INFO: [ app_begin ] --START--
INFO: Run Behavior\ReadHtmlCacheBehavior [ RunTime:0.000000s ]
INFO: [ app_begin ] --END-- [ RunTime:0.000977s ]
SQL: SHOW COLUMNS FROM `suzhi_code` [ RunTime:0.0020s ]
SQL: SELECT * FROM `suzhi_code` WHERE `codephone` = '1' AND `code` = 1  [ RunTime:0.0020s ]

[ 2016-12-27T23:31:44+08:00 ] 122.235.226.69 /index.php/Home/Register/Verif
INFO: [ app_init ] --START--
INFO: Run Behavior\BuildLiteBehavior [ RunTime:0.000000s ]
INFO: [ app_init ] --END-- [ RunTime:0.000976s ]
INFO: [ app_begin ] --START--
INFO: Run Behavior\ReadHtmlCacheBehavior [ RunTime:0.000000s ]
INFO: [ app_begin ] --END-- [ RunTime:0.000000s ]
SQL: SHOW COLUMNS FROM `suzhi_code` [ RunTime:0.0020s ]
SQL: SELECT * FROM `suzhi_code` WHERE `codephone` = '1' AND `code` = 1  [ RunTime:0.0000s ]

[ 2016-12-27T23:32:06+08:00 ] 122.235.226.69 /index.php/Home/Register/Verif
INFO: [ app_init ] --START--
INFO: Run Behavior\BuildLiteBehavior [ RunTime:0.000000s ]
INFO: [ app_init ] --END-- [ RunTime:0.000977s ]
INFO: [ app_begin ] --START--
INFO: Run Behavior\ReadHtmlCacheBehavior [ RunTime:0.000977s ]
INFO: [ app_begin ] --END-- [ RunTime:0.000977s ]
SQL: SHOW COLUMNS FROM `suzhi_code` [ RunTime:0.0020s ]
SQL: SELECT * FROM `suzhi_code` WHERE `codephone` = '0111' AND `code` = 111  [ RunTime:0.0010s ]

[ 2016-12-27T23:32:15+08:00 ] 122.235.226.69 /index.php/Home/Register/Verif
INFO: [ app_init ] --START--
INFO: Run Behavior\BuildLiteBehavior [ RunTime:0.000000s ]
INFO: [ app_init ] --END-- [ RunTime:0.000977s ]
INFO: [ app_begin ] --START--
INFO: Run Behavior\ReadHtmlCacheBehavior [ RunTime:0.000977s ]
INFO: [ app_begin ] --END-- [ RunTime:0.000977s ]
SQL: SHOW COLUMNS FROM `suzhi_code` [ RunTime:0.0029s ]
SQL: SELECT * FROM `suzhi_code` WHERE `codephone` = '0169' AND `code` = 169  [ RunTime:0.0000s ]

[ 2016-12-27T23:32:30+08:00 ] 122.235.226.69 /index.php/Home/Register/Verif
INFO: [ app_init ] --START--
INFO: Run Behavior\BuildLiteBehavior [ RunTime:0.000000s ]
INFO: [ app_init ] --END-- [ RunTime:0.000000s ]
INFO: [ app_begin ] --START--
INFO: Run Behavior\ReadHtmlCacheBehavior [ RunTime:0.000000s ]
INFO: [ app_begin ] --END-- [ RunTime:0.000000s ]
SQL: SHOW COLUMNS FROM `suzhi_code` [ RunTime:0.0029s ]
SQL: SELECT * FROM `suzhi_code` WHERE `codephone` = '069' AND `code` = 69  [ RunTime:0.0010s ]

[ 2016-12-27T23:32:44+08:00 ] 122.235.226.69 /index.php/Home/Register/Verif
INFO: [ app_init ] --START--
INFO: Run Behavior\BuildLiteBehavior [ RunTime:0.000000s ]
INFO: [ app_init ] --END-- [ RunTime:0.000977s ]
INFO: [ app_begin ] --START--
INFO: Run Behavior\ReadHtmlCacheBehavior [ RunTime:0.000000s ]
INFO: [ app_begin ] --END-- [ RunTime:0.000977s ]
SQL: SHOW COLUMNS FROM `suzhi_code` [ RunTime:0.0020s ]
SQL: SELECT * FROM `suzhi_code` WHERE `codephone` = '169' AND `code` = 169  [ RunTime:0.0010s ]

[ 2016-12-27T23:33:05+08:00 ] 122.235.226.69 /index.php/Home/Register/Verif
INFO: [ app_init ] --START--
INFO: Run Behavior\BuildLiteBehavior [ RunTime:0.000000s ]
INFO: [ app_init ] --END-- [ RunTime:0.000000s ]
INFO: [ app_begin ] --START--
INFO: Run Behavior\ReadHtmlCacheBehavior [ RunTime:0.000000s ]
INFO: [ app_begin ] --END-- [ RunTime:0.000000s ]
SQL: SHOW COLUMNS FROM `suzhi_code` [ RunTime:0.0029s ]
SQL: SELECT * FROM `suzhi_code` WHERE `codephone` = '169' AND `code` = 169  [ RunTime:0.0000s ]

[ 2016-12-27T23:33:33+08:00 ] 122.235.226.69 /index.php/Home/Register/Verif
INFO: [ app_init ] --START--
INFO: Run Behavior\BuildLiteBehavior [ RunTime:0.000000s ]
INFO: [ app_init ] --END-- [ RunTime:0.000977s ]
INFO: [ app_begin ] --START--
INFO: Run Behavior\ReadHtmlCacheBehavior [ RunTime:0.000000s ]
INFO: [ app_begin ] --END-- [ RunTime:0.000977s ]
SQL: SHOW COLUMNS FROM `suzhi_code` [ RunTime:0.0020s ]
SQL: SELECT * FROM `suzhi_code` WHERE `codephone` = '169' AND `code` = 169  [ RunTime:0.0000s ]

[ 2016-12-27T23:33:42+08:00 ] 122.235.226.69 /index.php/home/Register/re
INFO: [ app_init ] --START--
INFO: Run Behavior\BuildLiteBehavior [ RunTime:0.000000s ]
INFO: [ app_init ] --END-- [ RunTime:0.000976s ]
INFO: [ app_begin ] --START--
INFO: Run Behavior\ReadHtmlCacheBehavior [ RunTime:0.000000s ]
INFO: [ app_begin ] --END-- [ RunTime:0.000977s ]
INFO: [ view_parse ] --START--
INFO: [ template_filter ] --START--
INFO: Run Behavior\ContentReplaceBehavior [ RunTime:0.000000s ]
INFO: [ template_filter ] --END-- [ RunTime:0.000000s ]
INFO: Run Behavior\ParseTemplateBehavior [ RunTime:0.020508s ]
INFO: [ view_parse ] --END-- [ RunTime:0.020508s ]
INFO: [ view_filter ] --START--
INFO: Run Behavior\WriteHtmlCacheBehavior [ RunTime:0.000977s ]
INFO: [ view_filter ] --END-- [ RunTime:0.000977s ]
INFO: [ app_end ] --START--
INFO: Run Behavior\ShowPageTraceBehavior [ RunTime:0.000977s ]
INFO: [ app_end ] --END-- [ RunTime:0.000977s ]

[ 2016-12-27T23:34:01+08:00 ] 122.235.226.69 /index.php/Home/Register/Verif
INFO: [ app_init ] --START--
INFO: Run Behavior\BuildLiteBehavior [ RunTime:0.000000s ]
INFO: [ app_init ] --END-- [ RunTime:0.000000s ]
INFO: [ app_begin ] --START--
INFO: Run Behavior\ReadHtmlCacheBehavior [ RunTime:0.000976s ]
INFO: [ app_begin ] --END-- [ RunTime:0.000976s ]
SQL: SHOW COLUMNS FROM `suzhi_code` [ RunTime:0.0029s ]
SQL: SELECT * FROM `suzhi_code` WHERE `codephone` = '169' AND `code` = 169  [ RunTime:0.0000s ]

[ 2016-12-27T23:34:26+08:00 ] 122.235.226.69 /index.php/Home/Register/Verif
INFO: [ app_init ] --START--
INFO: Run Behavior\BuildLiteBehavior [ RunTime:0.000000s ]
INFO: [ app_init ] --END-- [ RunTime:0.000000s ]
INFO: [ app_begin ] --START--
INFO: Run Behavior\ReadHtmlCacheBehavior [ RunTime:0.000977s ]
INFO: [ app_begin ] --END-- [ RunTime:0.000977s ]
SQL: SHOW COLUMNS FROM `suzhi_code` [ RunTime:0.0029s ]
SQL: SELECT * FROM `suzhi_code` WHERE `codephone` = '169' AND `code` = 169  [ RunTime:0.0010s ]

[ 2016-12-27T23:34:45+08:00 ] 122.235.226.69 /index.php/Home/Register/Verif
INFO: [ app_init ] --START--
INFO: Run Behavior\BuildLiteBehavior [ RunTime:0.000000s ]
INFO: [ app_init ] --END-- [ RunTime:0.000976s ]
INFO: [ app_begin ] --START--
INFO: Run Behavior\ReadHtmlCacheBehavior [ RunTime:0.000000s ]
INFO: [ app_begin ] --END-- [ RunTime:0.000000s ]
SQL: SHOW COLUMNS FROM `suzhi_code` [ RunTime:0.0029s ]
SQL: SELECT * FROM `suzhi_code` WHERE `codephone` = '169' AND `code` = 169  [ RunTime:0.0000s ]

[ 2016-12-27T23:35:20+08:00 ] 122.235.226.69 /index.php/Home/Register/Verif
INFO: [ app_init ] --START--
INFO: Run Behavior\BuildLiteBehavior [ RunTime:0.000000s ]
INFO: [ app_init ] --END-- [ RunTime:0.000977s ]
INFO: [ app_begin ] --START--
INFO: Run Behavior\ReadHtmlCacheBehavior [ RunTime:0.000977s ]
INFO: [ app_begin ] --END-- [ RunTime:0.000977s ]
SQL: SHOW COLUMNS FROM `suzhi_code` [ RunTime:0.0029s ]
SQL: SELECT * FROM `suzhi_code` WHERE `codephone` = '169' AND `code` = 169  [ RunTime:0.0000s ]

[ 2016-12-27T23:35:24+08:00 ] 122.235.226.69 /index.php/Home/Register/Verif
INFO: [ app_init ] --START--
INFO: Run Behavior\BuildLiteBehavior [ RunTime:0.000000s ]
INFO: [ app_init ] --END-- [ RunTime:0.000000s ]
INFO: [ app_begin ] --START--
INFO: Run Behavior\ReadHtmlCacheBehavior [ RunTime:0.000976s ]
INFO: [ app_begin ] --END-- [ RunTime:0.000976s ]
SQL: SHOW COLUMNS FROM `suzhi_code` [ RunTime:0.0029s ]
SQL: SELECT * FROM `suzhi_code` WHERE `codephone` = '169' AND `code` = 169  [ RunTime:0.0010s ]

[ 2016-12-27T23:35:45+08:00 ] 122.235.226.69 /index.php/Home/Register/Verif
INFO: [ app_init ] --START--
INFO: Run Behavior\BuildLiteBehavior [ RunTime:0.000000s ]
INFO: [ app_init ] --END-- [ RunTime:0.000976s ]
INFO: [ app_begin ] --START--
INFO: Run Behavior\ReadHtmlCacheBehavior [ RunTime:0.000976s ]
INFO: [ app_begin ] --END-- [ RunTime:0.000976s ]
SQL: SHOW COLUMNS FROM `suzhi_code` [ RunTime:0.0029s ]
SQL: SELECT * FROM `suzhi_code` WHERE `codephone` = '169' AND `code` = 169  [ RunTime:0.0010s ]

[ 2016-12-27T23:35:50+08:00 ] 122.235.226.69 /index.php/Home/Register/Verif
INFO: [ app_init ] --START--
INFO: Run Behavior\BuildLiteBehavior [ RunTime:0.000000s ]
INFO: [ app_init ] --END-- [ RunTime:0.000976s ]
INFO: [ app_begin ] --START--
INFO: Run Behavior\ReadHtmlCacheBehavior [ RunTime:0.000000s ]
INFO: [ app_begin ] --END-- [ RunTime:0.000000s ]
SQL: SHOW COLUMNS FROM `suzhi_code` [ RunTime:0.0020s ]
SQL: SELECT * FROM `suzhi_code` WHERE `codephone` = '169' AND `code` = 169  [ RunTime:0.0010s ]

[ 2016-12-27T23:35:54+08:00 ] 122.235.226.69 /index.php/Home/Register/Sensms
INFO: [ app_init ] --START--
INFO: Run Behavior\BuildLiteBehavior [ RunTime:0.000000s ]
INFO: [ app_init ] --END-- [ RunTime:0.000000s ]
INFO: [ app_begin ] --START--
INFO: Run Behavior\ReadHtmlCacheBehavior [ RunTime:0.000977s ]
INFO: [ app_begin ] --END-- [ RunTime:0.000977s ]
SQL: SHOW COLUMNS FROM `suzhi_code` [ RunTime:0.0020s ]
SQL: SELECT * FROM `suzhi_code` WHERE `codephone` = '13606520694'  [ RunTime:0.0000s ]
SQL: DELETE FROM `suzhi_code` WHERE `codephone` = '13606520694' [ RunTime:0.0010s ]
SQL: INSERT INTO `suzhi_code` (`code`,`codephone`,`codetime`) VALUES ('7789','13606520694','1482852954') [ RunTime:0.0000s ]

[ 2016-12-27T23:35:58+08:00 ] 122.235.226.69 /index.php/Home/Register/Verif
INFO: [ app_init ] --START--
INFO: Run Behavior\BuildLiteBehavior [ RunTime:0.000000s ]
INFO: [ app_init ] --END-- [ RunTime:0.000000s ]
INFO: [ app_begin ] --START--
INFO: Run Behavior\ReadHtmlCacheBehavior [ RunTime:0.000976s ]
INFO: [ app_begin ] --END-- [ RunTime:0.000976s ]
SQL: SHOW COLUMNS FROM `suzhi_code` [ RunTime:0.0020s ]
SQL: SELECT * FROM `suzhi_code` WHERE `codephone` = '169' AND `code` = 169  [ RunTime:0.0000s ]

[ 2016-12-27T23:36:04+08:00 ] 122.235.226.69 /index.php/home/Register/re
INFO: [ app_init ] --START--
INFO: Run Behavior\BuildLiteBehavior [ RunTime:0.000000s ]
INFO: [ app_init ] --END-- [ RunTime:0.000000s ]
INFO: [ app_begin ] --START--
INFO: Run Behavior\ReadHtmlCacheBehavior [ RunTime:0.000000s ]
INFO: [ app_begin ] --END-- [ RunTime:0.000977s ]
INFO: [ view_parse ] --START--
INFO: [ template_filter ] --START--
INFO: Run Behavior\ContentReplaceBehavior [ RunTime:0.000000s ]
INFO: [ template_filter ] --END-- [ RunTime:0.000000s ]
INFO: Run Behavior\ParseTemplateBehavior [ RunTime:0.006837s ]
INFO: [ view_parse ] --END-- [ RunTime:0.006837s ]
INFO: [ view_filter ] --START--
INFO: Run Behavior\WriteHtmlCacheBehavior [ RunTime:0.000976s ]
INFO: [ view_filter ] --END-- [ RunTime:0.000976s ]
INFO: [ app_end ] --START--
INFO: Run Behavior\ShowPageTraceBehavior [ RunTime:0.000977s ]
INFO: [ app_end ] --END-- [ RunTime:0.000977s ]

[ 2016-12-27T23:36:15+08:00 ] 122.235.226.69 /index.php/Home/Register/Verif
INFO: [ app_init ] --START--
INFO: Run Behavior\BuildLiteBehavior [ RunTime:0.000000s ]
INFO: [ app_init ] --END-- [ RunTime:0.000000s ]
INFO: [ app_begin ] --START--
INFO: Run Behavior\ReadHtmlCacheBehavior [ RunTime:0.000977s ]
INFO: [ app_begin ] --END-- [ RunTime:0.000977s ]
SQL: SHOW COLUMNS FROM `suzhi_code` [ RunTime:0.0020s ]
SQL: SELECT * FROM `suzhi_code` WHERE `codephone` = '169' AND `code` = 169  [ RunTime:0.0000s ]

[ 2016-12-27T23:36:21+08:00 ] 122.235.226.69 /index.php/Home/Register/Verif
INFO: [ app_init ] --START--
INFO: Run Behavior\BuildLiteBehavior [ RunTime:0.000000s ]
INFO: [ app_init ] --END-- [ RunTime:0.000000s ]
INFO: [ app_begin ] --START--
INFO: Run Behavior\ReadHtmlCacheBehavior [ RunTime:0.000976s ]
INFO: [ app_begin ] --END-- [ RunTime:0.000976s ]
SQL: SHOW COLUMNS FROM `suzhi_code` [ RunTime:0.0029s ]
SQL: SELECT * FROM `suzhi_code` WHERE `codephone` = '169' AND `code` = 169  [ RunTime:0.0000s ]

[ 2016-12-27T23:36:27+08:00 ] 122.235.226.69 /index.php/Home/Register/Verif
INFO: [ app_init ] --START--
INFO: Run Behavior\BuildLiteBehavior [ RunTime:0.000000s ]
INFO: [ app_init ] --END-- [ RunTime:0.000000s ]
INFO: [ app_begin ] --START--
INFO: Run Behavior\ReadHtmlCacheBehavior [ RunTime:0.000977s ]
INFO: [ app_begin ] --END-- [ RunTime:0.000977s ]
SQL: SHOW COLUMNS FROM `suzhi_code` [ RunTime:0.0029s ]
SQL: SELECT * FROM `suzhi_code` WHERE `codephone` = '169' AND `code` = 169  [ RunTime:0.0000s ]

[ 2016-12-27T23:36:41+08:00 ] 122.235.226.69 /index.php/home/Register/re
INFO: [ app_init ] --START--
INFO: Run Behavior\BuildLiteBehavior [ RunTime:0.000000s ]
INFO: [ app_init ] --END-- [ RunTime:0.000000s ]
INFO: [ app_begin ] --START--
INFO: Run Behavior\ReadHtmlCacheBehavior [ RunTime:0.000977s ]
INFO: [ app_begin ] --END-- [ RunTime:0.000977s ]
INFO: [ view_parse ] --START--
INFO: [ template_filter ] --START--
INFO: Run Behavior\ContentReplaceBehavior [ RunTime:0.000000s ]
INFO: [ template_filter ] --END-- [ RunTime:0.000976s ]
INFO: Run Behavior\ParseTemplateBehavior [ RunTime:0.005859s ]
INFO: [ view_parse ] --END-- [ RunTime:0.005859s ]
INFO: [ view_filter ] --START--
INFO: Run Behavior\WriteHtmlCacheBehavior [ RunTime:0.000977s ]
INFO: [ view_filter ] --END-- [ RunTime:0.000977s ]
INFO: [ app_end ] --START--
INFO: Run Behavior\ShowPageTraceBehavior [ RunTime:0.000976s ]
INFO: [ app_end ] --END-- [ RunTime:0.000976s ]

[ 2016-12-27T23:36:55+08:00 ] 122.235.226.69 /index.php/Home/Register/Verif
INFO: [ app_init ] --START--
INFO: Run Behavior\BuildLiteBehavior [ RunTime:0.000000s ]
INFO: [ app_init ] --END-- [ RunTime:0.000976s ]
INFO: [ app_begin ] --START--
INFO: Run Behavior\ReadHtmlCacheBehavior [ RunTime:0.000000s ]
INFO: [ app_begin ] --END-- [ RunTime:0.000976s ]
SQL: SHOW COLUMNS FROM `suzhi_code` [ RunTime:0.0029s ]
SQL: SELECT * FROM `suzhi_code` WHERE `codephone` = '169' AND `code` = 169  [ RunTime:0.0000s ]

[ 2016-12-27T23:37:49+08:00 ] 122.235.226.69 /index.php/Home/Register/Verif
INFO: [ app_init ] --START--
INFO: Run Behavior\BuildLiteBehavior [ RunTime:0.000000s ]
INFO: [ app_init ] --END-- [ RunTime:0.000977s ]
INFO: [ app_begin ] --START--
INFO: Run Behavior\ReadHtmlCacheBehavior [ RunTime:0.000977s ]
INFO: [ app_begin ] --END-- [ RunTime:0.000977s ]
SQL: SHOW COLUMNS FROM `suzhi_code` [ RunTime:0.0020s ]
SQL: SELECT * FROM `suzhi_code` WHERE `codephone` = '169' AND `code` = 169  [ RunTime:0.0000s ]

[ 2016-12-27T23:38:32+08:00 ] 122.235.226.69 /index.php/Home/Register/Verif
INFO: [ app_init ] --START--
INFO: Run Behavior\BuildLiteBehavior [ RunTime:0.000000s ]
INFO: [ app_init ] --END-- [ RunTime:0.000000s ]
INFO: [ app_begin ] --START--
INFO: Run Behavior\ReadHtmlCacheBehavior [ RunTime:0.000976s ]
INFO: [ app_begin ] --END-- [ RunTime:0.000976s ]
SQL: SHOW COLUMNS FROM `suzhi_code` [ RunTime:0.0029s ]
SQL: SELECT * FROM `suzhi_code` WHERE `codephone` = '13606520694' AND `code` = 169  [ RunTime:0.0000s ]

[ 2016-12-27T23:38:48+08:00 ] 122.235.226.69 /index.php/Home/Register/Verif
INFO: [ app_init ] --START--
INFO: Run Behavior\BuildLiteBehavior [ RunTime:0.000000s ]
INFO: [ app_init ] --END-- [ RunTime:0.000000s ]
INFO: [ app_begin ] --START--
INFO: Run Behavior\ReadHtmlCacheBehavior [ RunTime:0.000000s ]
INFO: [ app_begin ] --END-- [ RunTime:0.000977s ]
SQL: SHOW COLUMNS FROM `suzhi_code` [ RunTime:0.0020s ]
SQL: SELECT * FROM `suzhi_code` WHERE `codephone` = '13606520694' AND `code` = 169  [ RunTime:0.0010s ]

[ 2016-12-27T23:39:08+08:00 ] 122.235.226.69 /index.php/Home/Register/Verif
INFO: [ app_init ] --START--
INFO: Run Behavior\BuildLiteBehavior [ RunTime:0.000000s ]
INFO: [ app_init ] --END-- [ RunTime:0.000000s ]
INFO: [ app_begin ] --START--
INFO: Run Behavior\ReadHtmlCacheBehavior [ RunTime:0.000977s ]
INFO: [ app_begin ] --END-- [ RunTime:0.000977s ]
SQL: SHOW COLUMNS FROM `suzhi_code` [ RunTime:0.0029s ]
SQL: SELECT * FROM `suzhi_code` WHERE `codephone` = '13606520694' AND `code` = 169  [ RunTime:0.0000s ]

[ 2016-12-27T23:39:18+08:00 ] 122.235.226.69 /index.php/Home/Register/Verif
INFO: [ app_init ] --START--
INFO: Run Behavior\BuildLiteBehavior [ RunTime:0.000000s ]
INFO: [ app_init ] --END-- [ RunTime:0.000976s ]
INFO: [ app_begin ] --START--
INFO: Run Behavior\ReadHtmlCacheBehavior [ RunTime:0.000976s ]
INFO: [ app_begin ] --END-- [ RunTime:0.000976s ]
SQL: SHOW COLUMNS FROM `suzhi_code` [ RunTime:0.0020s ]
SQL: SELECT * FROM `suzhi_code` WHERE `codephone` = '13606520694' AND `code` = 169  [ RunTime:0.0000s ]

[ 2016-12-27T23:40:39+08:00 ] 122.235.226.69 /index.php/Home/Register/Sensms
INFO: [ app_init ] --START--
INFO: Run Behavior\BuildLiteBehavior [ RunTime:0.000000s ]
INFO: [ app_init ] --END-- [ RunTime:0.000977s ]
INFO: [ app_begin ] --START--
INFO: Run Behavior\ReadHtmlCacheBehavior [ RunTime:0.000977s ]
INFO: [ app_begin ] --END-- [ RunTime:0.001953s ]
SQL: SHOW COLUMNS FROM `suzhi_code` [ RunTime:0.0029s ]
SQL: SELECT * FROM `suzhi_code` WHERE `codephone` = '13606520694'  [ RunTime:0.0000s ]
SQL: DELETE FROM `suzhi_code` WHERE `codephone` = '13606520694' [ RunTime:0.0010s ]
SQL: INSERT INTO `suzhi_code` (`code`,`codephone`,`codetime`) VALUES ('3070','13606520694','1482853239') [ RunTime:0.0000s ]

[ 2016-12-27T23:42:53+08:00 ] 122.235.226.69 /index.php/Home/Register/Sensms
INFO: [ app_init ] --START--
INFO: Run Behavior\BuildLiteBehavior [ RunTime:0.000000s ]
INFO: [ app_init ] --END-- [ RunTime:0.000000s ]
INFO: [ app_begin ] --START--
INFO: Run Behavior\ReadHtmlCacheBehavior [ RunTime:0.000977s ]
INFO: [ app_begin ] --END-- [ RunTime:0.000977s ]
SQL: SHOW COLUMNS FROM `suzhi_code` [ RunTime:0.0029s ]
SQL: SELECT * FROM `suzhi_code` WHERE `codephone` = '13486362126'  [ RunTime:0.0000s ]
SQL: INSERT INTO `suzhi_code` (`code`,`codephone`,`codetime`) VALUES ('6251','13486362126','1482853373') [ RunTime:0.0000s ]

[ 2016-12-27T23:43:50+08:00 ] 122.235.226.69 /index.php/Home/Register/Sensms
INFO: [ app_init ] --START--
INFO: Run Behavior\BuildLiteBehavior [ RunTime:0.000000s ]
INFO: [ app_init ] --END-- [ RunTime:0.000976s ]
INFO: [ app_begin ] --START--
INFO: Run Behavior\ReadHtmlCacheBehavior [ RunTime:0.000000s ]
INFO: [ app_begin ] --END-- [ RunTime:0.000976s ]
SQL: SHOW COLUMNS FROM `suzhi_code` [ RunTime:0.0029s ]
SQL: SELECT * FROM `suzhi_code` WHERE `codephone` = '13486362126'  [ RunTime:0.0010s ]
SQL: DELETE FROM `suzhi_code` WHERE `codephone` = '13486362126' [ RunTime:0.0000s ]
SQL: INSERT INTO `suzhi_code` (`code`,`codephone`,`codetime`) VALUES ('5085','13486362126','1482853430') [ RunTime:0.0000s ]

[ 2016-12-27T23:44:23+08:00 ] 122.235.226.69 /index.php/Home/Register/Verif
INFO: [ app_init ] --START--
INFO: Run Behavior\BuildLiteBehavior [ RunTime:0.000000s ]
INFO: [ app_init ] --END-- [ RunTime:0.000977s ]
INFO: [ app_begin ] --START--
INFO: Run Behavior\ReadHtmlCacheBehavior [ RunTime:0.000000s ]
INFO: [ app_begin ] --END-- [ RunTime:0.000000s ]
SQL: SHOW COLUMNS FROM `suzhi_code` [ RunTime:0.0029s ]
SQL: SELECT * FROM `suzhi_code` WHERE `codephone` = '5085' AND `code` = 5085  [ RunTime:0.0010s ]

[ 2016-12-27T23:44:34+08:00 ] 122.235.226.69 /index.php/Home/Register/Verif
INFO: [ app_init ] --START--
INFO: Run Behavior\BuildLiteBehavior [ RunTime:0.000000s ]
INFO: [ app_init ] --END-- [ RunTime:0.000000s ]
INFO: [ app_begin ] --START--
INFO: Run Behavior\ReadHtmlCacheBehavior [ RunTime:0.000000s ]
INFO: [ app_begin ] --END-- [ RunTime:0.000000s ]
SQL: SHOW COLUMNS FROM `suzhi_code` [ RunTime:0.0020s ]
SQL: SELECT * FROM `suzhi_code` WHERE `codephone` = '5085' AND `code` = 5085  [ RunTime:0.0010s ]

[ 2016-12-27T23:44:46+08:00 ] 122.235.226.69 /index.php/home/Register/re
INFO: [ app_init ] --START--
INFO: Run Behavior\BuildLiteBehavior [ RunTime:0.000000s ]
INFO: [ app_init ] --END-- [ RunTime:0.000000s ]
INFO: [ app_begin ] --START--
INFO: Run Behavior\ReadHtmlCacheBehavior [ RunTime:0.000977s ]
INFO: [ app_begin ] --END-- [ RunTime:0.000977s ]
INFO: [ view_parse ] --START--
INFO: [ template_filter ] --START--
INFO: Run Behavior\ContentReplaceBehavior [ RunTime:0.000000s ]
INFO: [ template_filter ] --END-- [ RunTime:0.000000s ]
INFO: Run Behavior\ParseTemplateBehavior [ RunTime:0.020509s ]
INFO: [ view_parse ] --END-- [ RunTime:0.020509s ]
INFO: [ view_filter ] --START--
INFO: Run Behavior\WriteHtmlCacheBehavior [ RunTime:0.000000s ]
INFO: [ view_filter ] --END-- [ RunTime:0.000976s ]
INFO: [ app_end ] --START--
INFO: Run Behavior\ShowPageTraceBehavior [ RunTime:0.000977s ]
INFO: [ app_end ] --END-- [ RunTime:0.000977s ]

[ 2016-12-27T23:45:11+08:00 ] 122.235.226.69 /index.php/Home/Register/Verif
INFO: [ app_init ] --START--
INFO: Run Behavior\BuildLiteBehavior [ RunTime:0.000000s ]
INFO: [ app_init ] --END-- [ RunTime:0.000977s ]
INFO: [ app_begin ] --START--
INFO: Run Behavior\ReadHtmlCacheBehavior [ RunTime:0.000977s ]
INFO: [ app_begin ] --END-- [ RunTime:0.000977s ]
SQL: SHOW COLUMNS FROM `suzhi_code` [ RunTime:0.0029s ]
SQL: SELECT * FROM `suzhi_code` WHERE `codephone` = '5085' AND `code` = 5085  [ RunTime:0.0010s ]

[ 2016-12-27T23:47:37+08:00 ] 122.235.226.69 /index.php/Home/Register/Verif
INFO: [ app_init ] --START--
INFO: Run Behavior\BuildLiteBehavior [ RunTime:0.000000s ]
INFO: [ app_init ] --END-- [ RunTime:0.000976s ]
INFO: [ app_begin ] --START--
INFO: Run Behavior\ReadHtmlCacheBehavior [ RunTime:0.000977s ]
INFO: [ app_begin ] --END-- [ RunTime:0.000977s ]
SQL: SHOW COLUMNS FROM `suzhi_code` [ RunTime:0.0029s ]
SQL: SELECT * FROM `suzhi_code` WHERE `codephone` = '5085' AND `code` = 5085  [ RunTime:0.0010s ]

[ 2016-12-27T23:48:17+08:00 ] 122.235.226.69 /index.php/Home/Register/Verif
INFO: [ app_init ] --START--
INFO: Run Behavior\BuildLiteBehavior [ RunTime:0.000000s ]
INFO: [ app_init ] --END-- [ RunTime:0.000976s ]
INFO: [ app_begin ] --START--
INFO: Run Behavior\ReadHtmlCacheBehavior [ RunTime:0.000000s ]
INFO: [ app_begin ] --END-- [ RunTime:0.000976s ]
SQL: SHOW COLUMNS FROM `suzhi_code` [ RunTime:0.0020s ]
SQL: SELECT * FROM `suzhi_code` WHERE `codephone` = '13486362126' AND `code` = 5085  [ RunTime:0.0000s ]

[ 2016-12-27T23:48:59+08:00 ] 122.235.226.69 /index.php/home/Register/re
INFO: [ app_init ] --START--
INFO: Run Behavior\BuildLiteBehavior [ RunTime:0.000000s ]
INFO: [ app_init ] --END-- [ RunTime:0.000977s ]
INFO: [ app_begin ] --START--
INFO: Run Behavior\ReadHtmlCacheBehavior [ RunTime:0.000977s ]
INFO: [ app_begin ] --END-- [ RunTime:0.000977s ]
INFO: [ view_parse ] --START--
INFO: [ template_filter ] --START--
INFO: Run Behavior\ContentReplaceBehavior [ RunTime:0.000000s ]
INFO: [ template_filter ] --END-- [ RunTime:0.000000s ]
INFO: Run Behavior\ParseTemplateBehavior [ RunTime:0.021483s ]
INFO: [ view_parse ] --END-- [ RunTime:0.021483s ]
INFO: [ view_filter ] --START--
INFO: Run Behavior\WriteHtmlCacheBehavior [ RunTime:0.000000s ]
INFO: [ view_filter ] --END-- [ RunTime:0.000000s ]
INFO: [ app_end ] --START--
INFO: Run Behavior\ShowPageTraceBehavior [ RunTime:0.000976s ]
INFO: [ app_end ] --END-- [ RunTime:0.000976s ]

[ 2016-12-27T23:49:21+08:00 ] 122.235.226.69 /index.php/Home/Register/Verif
INFO: [ app_init ] --START--
INFO: Run Behavior\BuildLiteBehavior [ RunTime:0.000000s ]
INFO: [ app_init ] --END-- [ RunTime:0.000000s ]
INFO: [ app_begin ] --START--
INFO: Run Behavior\ReadHtmlCacheBehavior [ RunTime:0.000976s ]
INFO: [ app_begin ] --END-- [ RunTime:0.000976s ]
SQL: SHOW COLUMNS FROM `suzhi_code` [ RunTime:0.0020s ]
SQL: SELECT * FROM `suzhi_code` WHERE `codephone` = '13486362126' AND `code` = 5085  [ RunTime:0.0000s ]

[ 2016-12-27T23:49:39+08:00 ] 122.235.226.69 /index.php/Home/Register/Verif
INFO: [ app_init ] --START--
INFO: Run Behavior\BuildLiteBehavior [ RunTime:0.000000s ]
INFO: [ app_init ] --END-- [ RunTime:0.000977s ]
INFO: [ app_begin ] --START--
INFO: Run Behavior\ReadHtmlCacheBehavior [ RunTime:0.000977s ]
INFO: [ app_begin ] --END-- [ RunTime:0.000977s ]
SQL: SHOW COLUMNS FROM `suzhi_code` [ RunTime:0.0029s ]
SQL: SELECT * FROM `suzhi_code` WHERE `codephone` = '13486362126' AND `code` = 5085  [ RunTime:0.0000s ]

[ 2016-12-27T23:50:43+08:00 ] 122.235.226.69 /
INFO: [ app_init ] --START--
INFO: Run Behavior\BuildLiteBehavior [ RunTime:0.000000s ]
INFO: [ app_init ] --END-- [ RunTime:0.000000s ]
INFO: [ app_begin ] --START--
INFO: Run Behavior\ReadHtmlCacheBehavior [ RunTime:0.000976s ]
INFO: [ app_begin ] --END-- [ RunTime:0.000976s ]
ERR: 无法加载控制器:Index

