[ 2016-12-30T23:22:52+08:00 ] 122.235.226.69 /index.php/home/Register/re
INFO: [ app_init ] --START--
INFO: Run Behavior\BuildLiteBehavior [ RunTime:0.000000s ]
INFO: [ app_init ] --END-- [ RunTime:0.023438s ]
INFO: [ app_begin ] --START--
INFO: Run Behavior\ReadHtmlCacheBehavior [ RunTime:0.042970s ]
INFO: [ app_begin ] --END-- [ RunTime:0.042970s ]
INFO: [ view_parse ] --START--
INFO: [ template_filter ] --START--
INFO: Run Behavior\ContentReplaceBehavior [ RunTime:0.000000s ]
INFO: [ template_filter ] --END-- [ RunTime:0.000977s ]
INFO: Run Behavior\ParseTemplateBehavior [ RunTime:0.118169s ]
INFO: [ view_parse ] --END-- [ RunTime:0.118169s ]
INFO: [ view_filter ] --START--
INFO: Run Behavior\WriteHtmlCacheBehavior [ RunTime:0.011719s ]
INFO: [ view_filter ] --END-- [ RunTime:0.011719s ]
INFO: [ app_end ] --START--
INFO: Run Behavior\ShowPageTraceBehavior [ RunTime:0.028321s ]
INFO: [ app_end ] --END-- [ RunTime:0.028321s ]

[ 2016-12-30T23:32:18+08:00 ] 122.235.226.69 /index.php/home/Register/re
INFO: [ app_init ] --START--
INFO: Run Behavior\BuildLiteBehavior [ RunTime:0.000000s ]
INFO: [ app_init ] --END-- [ RunTime:0.000000s ]
INFO: [ app_begin ] --START--
INFO: Run Behavior\ReadHtmlCacheBehavior [ RunTime:0.000000s ]
INFO: [ app_begin ] --END-- [ RunTime:0.000000s ]
INFO: [ view_parse ] --START--
INFO: [ template_filter ] --START--
INFO: Run Behavior\ContentReplaceBehavior [ RunTime:0.000000s ]
INFO: [ template_filter ] --END-- [ RunTime:0.000000s ]
INFO: Run Behavior\ParseTemplateBehavior [ RunTime:0.006837s ]
INFO: [ view_parse ] --END-- [ RunTime:0.006837s ]
INFO: [ view_filter ] --START--
INFO: Run Behavior\WriteHtmlCacheBehavior [ RunTime:0.000976s ]
INFO: [ view_filter ] --END-- [ RunTime:0.000976s ]
INFO: [ app_end ] --START--
INFO: Run Behavior\ShowPageTraceBehavior [ RunTime:0.000000s ]
INFO: [ app_end ] --END-- [ RunTime:0.000977s ]

[ 2016-12-30T23:32:45+08:00 ] 122.235.226.69 /index.php/Home/Register/Sensms
INFO: [ app_init ] --START--
INFO: Run Behavior\BuildLiteBehavior [ RunTime:0.000000s ]
INFO: [ app_init ] --END-- [ RunTime:0.000000s ]
INFO: [ app_begin ] --START--
INFO: Run Behavior\ReadHtmlCacheBehavior [ RunTime:0.000000s ]
INFO: [ app_begin ] --END-- [ RunTime:0.000976s ]
SQL: SHOW COLUMNS FROM `suzhi_code` [ RunTime:0.0127s ]
SQL: SELECT * FROM `suzhi_code` WHERE `codephone` = '13606520694'  [ RunTime:0.0010s ]
SQL: DELETE FROM `suzhi_code` WHERE `codephone` = '13606520694' [ RunTime:0.0000s ]
SQL: INSERT INTO `suzhi_code` (`code`,`codephone`,`codetime`) VALUES ('0000','13606520694','1483111965') [ RunTime:0.0010s ]

[ 2016-12-30T23:35:03+08:00 ] 122.235.226.69 /index.php/Home/Register/Verif
INFO: [ app_init ] --START--
INFO: Run Behavior\BuildLiteBehavior [ RunTime:0.000000s ]
INFO: [ app_init ] --END-- [ RunTime:0.000977s ]
INFO: [ app_begin ] --START--
INFO: Run Behavior\ReadHtmlCacheBehavior [ RunTime:0.000976s ]
INFO: [ app_begin ] --END-- [ RunTime:0.000976s ]
SQL: SHOW COLUMNS FROM `suzhi_code` [ RunTime:0.0029s ]
SQL: SHOW COLUMNS FROM `suzhi_headhunter` [ RunTime:0.0313s ]
NOTIC: [8] Undefined variable: map_he C:\WWW\suzhi_php\App\Home\Controller\RegisterController.class.php 第 43 行.
NOTIC: [8] Undefined variable: map_he C:\WWW\suzhi_php\App\Home\Controller\RegisterController.class.php 第 44 行.
SQL: SELECT * FROM `suzhi_headhunter`  [ RunTime:0.0010s ]

[ 2016-12-30T23:35:17+08:00 ] 122.235.226.69 /index.php/Home/Register/Verif
INFO: [ app_init ] --START--
INFO: Run Behavior\BuildLiteBehavior [ RunTime:0.000000s ]
INFO: [ app_init ] --END-- [ RunTime:0.000977s ]
INFO: [ app_begin ] --START--
INFO: Run Behavior\ReadHtmlCacheBehavior [ RunTime:0.000977s ]
INFO: [ app_begin ] --END-- [ RunTime:0.000977s ]
SQL: SHOW COLUMNS FROM `suzhi_code` [ RunTime:0.0020s ]
SQL: SHOW COLUMNS FROM `suzhi_headhunter` [ RunTime:0.0020s ]
NOTIC: [8] Undefined variable: map_he C:\WWW\suzhi_php\App\Home\Controller\RegisterController.class.php 第 43 行.
NOTIC: [8] Undefined variable: map_he C:\WWW\suzhi_php\App\Home\Controller\RegisterController.class.php 第 44 行.
SQL: SELECT * FROM `suzhi_headhunter`  [ RunTime:0.0000s ]

[ 2016-12-30T23:35:27+08:00 ] 122.235.226.69 /index.php/Home/Register/Verif
INFO: [ app_init ] --START--
INFO: Run Behavior\BuildLiteBehavior [ RunTime:0.000000s ]
INFO: [ app_init ] --END-- [ RunTime:0.000000s ]
INFO: [ app_begin ] --START--
INFO: Run Behavior\ReadHtmlCacheBehavior [ RunTime:0.000000s ]
INFO: [ app_begin ] --END-- [ RunTime:0.000000s ]
SQL: SHOW COLUMNS FROM `suzhi_code` [ RunTime:0.0020s ]
SQL: SHOW COLUMNS FROM `suzhi_headhunter` [ RunTime:0.0020s ]
NOTIC: [8] Undefined variable: map_he C:\WWW\suzhi_php\App\Home\Controller\RegisterController.class.php 第 43 行.
NOTIC: [8] Undefined variable: map_he C:\WWW\suzhi_php\App\Home\Controller\RegisterController.class.php 第 44 行.
SQL: SELECT * FROM `suzhi_headhunter`  [ RunTime:0.0020s ]

[ 2016-12-30T23:35:53+08:00 ] 122.235.226.69 /index.php/Home/Register/Verif
INFO: [ app_init ] --START--
INFO: Run Behavior\BuildLiteBehavior [ RunTime:0.000000s ]
INFO: [ app_init ] --END-- [ RunTime:0.000977s ]
INFO: [ app_begin ] --START--
INFO: Run Behavior\ReadHtmlCacheBehavior [ RunTime:0.000976s ]
INFO: [ app_begin ] --END-- [ RunTime:0.000976s ]
SQL: SHOW COLUMNS FROM `suzhi_code` [ RunTime:0.0020s ]
SQL: SHOW COLUMNS FROM `suzhi_headhunter` [ RunTime:0.0029s ]
NOTIC: [8] Undefined variable: map_he C:\WWW\suzhi_php\App\Home\Controller\RegisterController.class.php 第 43 行.
NOTIC: [8] Undefined variable: map_he C:\WWW\suzhi_php\App\Home\Controller\RegisterController.class.php 第 44 行.
SQL: SELECT * FROM `suzhi_headhunter`  [ RunTime:0.0010s ]

[ 2016-12-30T23:35:56+08:00 ] 122.235.226.69 /index.php/Home/Register/Verif
INFO: [ app_init ] --START--
INFO: Run Behavior\BuildLiteBehavior [ RunTime:0.000000s ]
INFO: [ app_init ] --END-- [ RunTime:0.000000s ]
INFO: [ app_begin ] --START--
INFO: Run Behavior\ReadHtmlCacheBehavior [ RunTime:0.000976s ]
INFO: [ app_begin ] --END-- [ RunTime:0.000976s ]
SQL: SHOW COLUMNS FROM `suzhi_code` [ RunTime:0.0020s ]
SQL: SHOW COLUMNS FROM `suzhi_headhunter` [ RunTime:0.0029s ]
NOTIC: [8] Undefined variable: map_he C:\WWW\suzhi_php\App\Home\Controller\RegisterController.class.php 第 43 行.
NOTIC: [8] Undefined variable: map_he C:\WWW\suzhi_php\App\Home\Controller\RegisterController.class.php 第 44 行.
SQL: SELECT * FROM `suzhi_headhunter`  [ RunTime:0.0010s ]

[ 2016-12-30T23:36:26+08:00 ] 122.235.226.69 /index.php/Home/Register/Verif
INFO: [ app_init ] --START--
INFO: Run Behavior\BuildLiteBehavior [ RunTime:0.000000s ]
INFO: [ app_init ] --END-- [ RunTime:0.000977s ]
INFO: [ app_begin ] --START--
INFO: Run Behavior\ReadHtmlCacheBehavior [ RunTime:0.000000s ]
INFO: [ app_begin ] --END-- [ RunTime:0.000000s ]
SQL: SHOW COLUMNS FROM `suzhi_code` [ RunTime:0.0020s ]
SQL: SHOW COLUMNS FROM `suzhi_headhunter` [ RunTime:0.0029s ]
NOTIC: [8] Undefined variable: map_he C:\WWW\suzhi_php\App\Home\Controller\RegisterController.class.php 第 43 行.
NOTIC: [8] Undefined variable: map_he C:\WWW\suzhi_php\App\Home\Controller\RegisterController.class.php 第 44 行.
SQL: SELECT * FROM `suzhi_headhunter`  [ RunTime:0.0010s ]
SQL: SELECT * FROM `suzhi_code` WHERE `codephone` = '13606520694' AND `code` = '5349'  [ RunTime:0.0000s ]

[ 2016-12-30T23:37:04+08:00 ] 122.235.226.69 /index.php/Home/Register/Verif
INFO: [ app_init ] --START--
INFO: Run Behavior\BuildLiteBehavior [ RunTime:0.000000s ]
INFO: [ app_init ] --END-- [ RunTime:0.000977s ]
INFO: [ app_begin ] --START--
INFO: Run Behavior\ReadHtmlCacheBehavior [ RunTime:0.000977s ]
INFO: [ app_begin ] --END-- [ RunTime:0.000977s ]
SQL: SHOW COLUMNS FROM `suzhi_code` [ RunTime:0.0029s ]
SQL: SHOW COLUMNS FROM `suzhi_headhunter` [ RunTime:0.0029s ]
NOTIC: [8] Undefined variable: map_he C:\WWW\suzhi_php\App\Home\Controller\RegisterController.class.php 第 43 行.
NOTIC: [8] Undefined variable: map_he C:\WWW\suzhi_php\App\Home\Controller\RegisterController.class.php 第 44 行.
SQL: SELECT * FROM `suzhi_headhunter`  [ RunTime:0.0010s ]
SQL: SELECT * FROM `suzhi_code` WHERE `codephone` = '13606520694' AND `code` = '0000'  [ RunTime:0.0000s ]

[ 2016-12-30T23:37:05+08:00 ] 122.235.226.69 /index.php/Home/Register/re2/phone/13606520694
INFO: [ app_init ] --START--
INFO: Run Behavior\BuildLiteBehavior [ RunTime:0.000000s ]
INFO: [ app_init ] --END-- [ RunTime:0.000977s ]
INFO: [ app_begin ] --START--
INFO: Run Behavior\ReadHtmlCacheBehavior [ RunTime:0.000976s ]
INFO: [ app_begin ] --END-- [ RunTime:0.000976s ]
INFO: [ view_parse ] --START--
INFO: [ template_filter ] --START--
INFO: Run Behavior\ContentReplaceBehavior [ RunTime:0.000000s ]
INFO: [ template_filter ] --END-- [ RunTime:0.000000s ]
NOTIC: [8] Undefined variable: timestamp C:\WWW\suzhi_php\App\Runtime\Cache\Home\57224247e0c50ed1f1be24f70eded1e2.php 第 60 行.
NOTIC: [8] Undefined variable: timestamp C:\WWW\suzhi_php\App\Runtime\Cache\Home\57224247e0c50ed1f1be24f70eded1e2.php 第 61 行.
INFO: Run Behavior\ParseTemplateBehavior [ RunTime:0.019532s ]
INFO: [ view_parse ] --END-- [ RunTime:0.019532s ]
INFO: [ view_filter ] --START--
INFO: Run Behavior\WriteHtmlCacheBehavior [ RunTime:0.000976s ]
INFO: [ view_filter ] --END-- [ RunTime:0.000976s ]
INFO: [ app_end ] --START--
INFO: Run Behavior\ShowPageTraceBehavior [ RunTime:0.000000s ]
INFO: [ app_end ] --END-- [ RunTime:0.000000s ]

[ 2016-12-30T23:42:35+08:00 ] 122.235.226.69 /index.php/home/Register/re
INFO: [ app_init ] --START--
INFO: Run Behavior\BuildLiteBehavior [ RunTime:0.000000s ]
INFO: [ app_init ] --END-- [ RunTime:0.000000s ]
INFO: [ app_begin ] --START--
INFO: Run Behavior\ReadHtmlCacheBehavior [ RunTime:0.000000s ]
INFO: [ app_begin ] --END-- [ RunTime:0.000000s ]
INFO: [ view_parse ] --START--
INFO: [ template_filter ] --START--
INFO: Run Behavior\ContentReplaceBehavior [ RunTime:0.000000s ]
INFO: [ template_filter ] --END-- [ RunTime:0.000977s ]
INFO: Run Behavior\ParseTemplateBehavior [ RunTime:0.022462s ]
INFO: [ view_parse ] --END-- [ RunTime:0.022462s ]
INFO: [ view_filter ] --START--
INFO: Run Behavior\WriteHtmlCacheBehavior [ RunTime:0.000000s ]
INFO: [ view_filter ] --END-- [ RunTime:0.000000s ]
INFO: [ app_end ] --START--
INFO: Run Behavior\ShowPageTraceBehavior [ RunTime:0.000976s ]
INFO: [ app_end ] --END-- [ RunTime:0.000976s ]

[ 2016-12-30T23:42:39+08:00 ] 122.235.226.69 /index.php/Home/Register/Verif
INFO: [ app_init ] --START--
INFO: Run Behavior\BuildLiteBehavior [ RunTime:0.000976s ]
INFO: [ app_init ] --END-- [ RunTime:0.000976s ]
INFO: [ app_begin ] --START--
INFO: Run Behavior\ReadHtmlCacheBehavior [ RunTime:0.000000s ]
INFO: [ app_begin ] --END-- [ RunTime:0.000000s ]
SQL: SHOW COLUMNS FROM `suzhi_code` [ RunTime:0.0039s ]
SQL: SHOW COLUMNS FROM `suzhi_headhunter` [ RunTime:0.0029s ]
NOTIC: [8] Undefined variable: map_he C:\WWW\suzhi_php\App\Home\Controller\RegisterController.class.php 第 43 行.
NOTIC: [8] Undefined variable: map_he C:\WWW\suzhi_php\App\Home\Controller\RegisterController.class.php 第 44 行.
SQL: SELECT * FROM `suzhi_headhunter`  [ RunTime:0.0010s ]
SQL: SELECT * FROM `suzhi_code` WHERE `codephone` = '13606520694' AND `code` = '0000'  [ RunTime:0.0000s ]

[ 2016-12-30T23:42:39+08:00 ] 122.235.226.69 /index.php/Home/Register/re2/phone/13606520694
INFO: [ app_init ] --START--
INFO: Run Behavior\BuildLiteBehavior [ RunTime:0.000000s ]
INFO: [ app_init ] --END-- [ RunTime:0.000000s ]
INFO: [ app_begin ] --START--
INFO: Run Behavior\ReadHtmlCacheBehavior [ RunTime:0.000000s ]
INFO: [ app_begin ] --END-- [ RunTime:0.000000s ]
INFO: [ view_parse ] --START--
INFO: [ template_filter ] --START--
INFO: Run Behavior\ContentReplaceBehavior [ RunTime:0.000000s ]
INFO: [ template_filter ] --END-- [ RunTime:0.000000s ]
NOTIC: [8] Undefined variable: timestamp C:\WWW\suzhi_php\App\Runtime\Cache\Home\57224247e0c50ed1f1be24f70eded1e2.php 第 60 行.
NOTIC: [8] Undefined variable: timestamp C:\WWW\suzhi_php\App\Runtime\Cache\Home\57224247e0c50ed1f1be24f70eded1e2.php 第 61 行.
INFO: Run Behavior\ParseTemplateBehavior [ RunTime:0.007813s ]
INFO: [ view_parse ] --END-- [ RunTime:0.007813s ]
INFO: [ view_filter ] --START--
INFO: Run Behavior\WriteHtmlCacheBehavior [ RunTime:0.000000s ]
INFO: [ view_filter ] --END-- [ RunTime:0.000000s ]
INFO: [ app_end ] --START--
INFO: Run Behavior\ShowPageTraceBehavior [ RunTime:0.000976s ]
INFO: [ app_end ] --END-- [ RunTime:0.000976s ]

[ 2016-12-30T23:42:41+08:00 ] 122.235.226.69 /index.php/home/Register/re
INFO: [ app_init ] --START--
INFO: Run Behavior\BuildLiteBehavior [ RunTime:0.000000s ]
INFO: [ app_init ] --END-- [ RunTime:0.000000s ]
INFO: [ app_begin ] --START--
INFO: Run Behavior\ReadHtmlCacheBehavior [ RunTime:0.000976s ]
INFO: [ app_begin ] --END-- [ RunTime:0.000976s ]
INFO: [ view_parse ] --START--
INFO: [ template_filter ] --START--
INFO: Run Behavior\ContentReplaceBehavior [ RunTime:0.000000s ]
INFO: [ template_filter ] --END-- [ RunTime:0.000000s ]
INFO: Run Behavior\ParseTemplateBehavior [ RunTime:0.005859s ]
INFO: [ view_parse ] --END-- [ RunTime:0.005859s ]
INFO: [ view_filter ] --START--
INFO: Run Behavior\WriteHtmlCacheBehavior [ RunTime:0.000000s ]
INFO: [ view_filter ] --END-- [ RunTime:0.000977s ]
INFO: [ app_end ] --START--
INFO: Run Behavior\ShowPageTraceBehavior [ RunTime:0.000977s ]
INFO: [ app_end ] --END-- [ RunTime:0.000977s ]

[ 2016-12-30T23:42:45+08:00 ] 122.235.226.69 /index.php/Home/Register/Verif
INFO: [ app_init ] --START--
INFO: Run Behavior\BuildLiteBehavior [ RunTime:0.000000s ]
INFO: [ app_init ] --END-- [ RunTime:0.000000s ]
INFO: [ app_begin ] --START--
INFO: Run Behavior\ReadHtmlCacheBehavior [ RunTime:0.000977s ]
INFO: [ app_begin ] --END-- [ RunTime:0.000977s ]
SQL: SHOW COLUMNS FROM `suzhi_code` [ RunTime:0.0020s ]
SQL: SHOW COLUMNS FROM `suzhi_headhunter` [ RunTime:0.0039s ]
NOTIC: [8] Undefined variable: map_he C:\WWW\suzhi_php\App\Home\Controller\RegisterController.class.php 第 43 行.
NOTIC: [8] Undefined variable: map_he C:\WWW\suzhi_php\App\Home\Controller\RegisterController.class.php 第 44 行.
SQL: SELECT * FROM `suzhi_headhunter`  [ RunTime:0.0010s ]
SQL: SELECT * FROM `suzhi_code` WHERE `codephone` = '13606520694' AND `code` = '0000'  [ RunTime:0.0000s ]

[ 2016-12-30T23:42:45+08:00 ] 122.235.226.69 /index.php/Home/Register/re2/phone/13606520694
INFO: [ app_init ] --START--
INFO: Run Behavior\BuildLiteBehavior [ RunTime:0.000000s ]
INFO: [ app_init ] --END-- [ RunTime:0.000000s ]
INFO: [ app_begin ] --START--
INFO: Run Behavior\ReadHtmlCacheBehavior [ RunTime:0.000000s ]
INFO: [ app_begin ] --END-- [ RunTime:0.000000s ]
INFO: [ view_parse ] --START--
INFO: [ template_filter ] --START--
INFO: Run Behavior\ContentReplaceBehavior [ RunTime:0.000000s ]
INFO: [ template_filter ] --END-- [ RunTime:0.000000s ]
NOTIC: [8] Undefined variable: timestamp C:\WWW\suzhi_php\App\Runtime\Cache\Home\57224247e0c50ed1f1be24f70eded1e2.php 第 60 行.
NOTIC: [8] Undefined variable: timestamp C:\WWW\suzhi_php\App\Runtime\Cache\Home\57224247e0c50ed1f1be24f70eded1e2.php 第 61 行.
INFO: Run Behavior\ParseTemplateBehavior [ RunTime:0.006836s ]
INFO: [ view_parse ] --END-- [ RunTime:0.007813s ]
INFO: [ view_filter ] --START--
INFO: Run Behavior\WriteHtmlCacheBehavior [ RunTime:0.000977s ]
INFO: [ view_filter ] --END-- [ RunTime:0.000977s ]
INFO: [ app_end ] --START--
INFO: Run Behavior\ShowPageTraceBehavior [ RunTime:0.000000s ]
INFO: [ app_end ] --END-- [ RunTime:0.000000s ]

[ 2016-12-30T23:42:53+08:00 ] 122.235.226.69 /index.php/home/Register/re
INFO: [ app_init ] --START--
INFO: Run Behavior\BuildLiteBehavior [ RunTime:0.000000s ]
INFO: [ app_init ] --END-- [ RunTime:0.000976s ]
INFO: [ app_begin ] --START--
INFO: Run Behavior\ReadHtmlCacheBehavior [ RunTime:0.000976s ]
INFO: [ app_begin ] --END-- [ RunTime:0.000976s ]
INFO: [ view_parse ] --START--
INFO: [ template_filter ] --START--
INFO: Run Behavior\ContentReplaceBehavior [ RunTime:0.000000s ]
INFO: [ template_filter ] --END-- [ RunTime:0.000000s ]
INFO: Run Behavior\ParseTemplateBehavior [ RunTime:0.007813s ]
INFO: [ view_parse ] --END-- [ RunTime:0.007813s ]
INFO: [ view_filter ] --START--
INFO: Run Behavior\WriteHtmlCacheBehavior [ RunTime:0.000976s ]
INFO: [ view_filter ] --END-- [ RunTime:0.000976s ]
INFO: [ app_end ] --START--
INFO: Run Behavior\ShowPageTraceBehavior [ RunTime:0.000977s ]
INFO: [ app_end ] --END-- [ RunTime:0.000977s ]

[ 2016-12-30T23:42:56+08:00 ] 122.235.226.69 /index.php/Home/Register/Verif
INFO: [ app_init ] --START--
INFO: Run Behavior\BuildLiteBehavior [ RunTime:0.000000s ]
INFO: [ app_init ] --END-- [ RunTime:0.000977s ]
INFO: [ app_begin ] --START--
INFO: Run Behavior\ReadHtmlCacheBehavior [ RunTime:0.000977s ]
INFO: [ app_begin ] --END-- [ RunTime:0.000977s ]
SQL: SHOW COLUMNS FROM `suzhi_code` [ RunTime:0.0020s ]
SQL: SHOW COLUMNS FROM `suzhi_headhunter` [ RunTime:0.0020s ]
NOTIC: [8] Undefined variable: map_he C:\WWW\suzhi_php\App\Home\Controller\RegisterController.class.php 第 43 行.
NOTIC: [8] Undefined variable: map_he C:\WWW\suzhi_php\App\Home\Controller\RegisterController.class.php 第 44 行.
SQL: SELECT * FROM `suzhi_headhunter`  [ RunTime:0.0000s ]
SQL: SELECT * FROM `suzhi_code` WHERE `codephone` = '13606520694' AND `code` = '0000'  [ RunTime:0.0010s ]

[ 2016-12-30T23:42:56+08:00 ] 122.235.226.69 /index.php/Home/Register/re2/phone/13606520694
INFO: [ app_init ] --START--
INFO: Run Behavior\BuildLiteBehavior [ RunTime:0.000000s ]
INFO: [ app_init ] --END-- [ RunTime:0.000000s ]
INFO: [ app_begin ] --START--
INFO: Run Behavior\ReadHtmlCacheBehavior [ RunTime:0.000976s ]
INFO: [ app_begin ] --END-- [ RunTime:0.000976s ]
INFO: [ view_parse ] --START--
INFO: [ template_filter ] --START--
INFO: Run Behavior\ContentReplaceBehavior [ RunTime:0.000000s ]
INFO: [ template_filter ] --END-- [ RunTime:0.000000s ]
NOTIC: [8] Undefined variable: timestamp C:\WWW\suzhi_php\App\Runtime\Cache\Home\57224247e0c50ed1f1be24f70eded1e2.php 第 60 行.
NOTIC: [8] Undefined variable: timestamp C:\WWW\suzhi_php\App\Runtime\Cache\Home\57224247e0c50ed1f1be24f70eded1e2.php 第 61 行.
INFO: Run Behavior\ParseTemplateBehavior [ RunTime:0.006836s ]
INFO: [ view_parse ] --END-- [ RunTime:0.006836s ]
INFO: [ view_filter ] --START--
INFO: Run Behavior\WriteHtmlCacheBehavior [ RunTime:0.000977s ]
INFO: [ view_filter ] --END-- [ RunTime:0.000977s ]
INFO: [ app_end ] --START--
INFO: Run Behavior\ShowPageTraceBehavior [ RunTime:0.000000s ]
INFO: [ app_end ] --END-- [ RunTime:0.000000s ]

[ 2016-12-30T23:43:25+08:00 ] 122.235.226.69 /index.php/home/Register/re
INFO: [ app_init ] --START--
INFO: Run Behavior\BuildLiteBehavior [ RunTime:0.000000s ]
INFO: [ app_init ] --END-- [ RunTime:0.000000s ]
INFO: [ app_begin ] --START--
INFO: Run Behavior\ReadHtmlCacheBehavior [ RunTime:0.000977s ]
INFO: [ app_begin ] --END-- [ RunTime:0.000977s ]
INFO: [ view_parse ] --START--
INFO: [ template_filter ] --START--
INFO: Run Behavior\ContentReplaceBehavior [ RunTime:0.000000s ]
INFO: [ template_filter ] --END-- [ RunTime:0.000000s ]
INFO: Run Behavior\ParseTemplateBehavior [ RunTime:0.007813s ]
INFO: [ view_parse ] --END-- [ RunTime:0.007813s ]
INFO: [ view_filter ] --START--
INFO: Run Behavior\WriteHtmlCacheBehavior [ RunTime:0.000000s ]
INFO: [ view_filter ] --END-- [ RunTime:0.000000s ]
INFO: [ app_end ] --START--
INFO: Run Behavior\ShowPageTraceBehavior [ RunTime:0.000977s ]
INFO: [ app_end ] --END-- [ RunTime:0.000977s ]

[ 2016-12-30T23:43:39+08:00 ] 122.235.226.69 /index.php/Home/Register/Verif
INFO: [ app_init ] --START--
INFO: Run Behavior\BuildLiteBehavior [ RunTime:0.000000s ]
INFO: [ app_init ] --END-- [ RunTime:0.000000s ]
INFO: [ app_begin ] --START--
INFO: Run Behavior\ReadHtmlCacheBehavior [ RunTime:0.000976s ]
INFO: [ app_begin ] --END-- [ RunTime:0.000976s ]
SQL: SHOW COLUMNS FROM `suzhi_code` [ RunTime:0.0029s ]
SQL: SHOW COLUMNS FROM `suzhi_headhunter` [ RunTime:0.0029s ]
NOTIC: [8] Undefined variable: map_he C:\WWW\suzhi_php\App\Home\Controller\RegisterController.class.php 第 43 行.
NOTIC: [8] Undefined variable: map_he C:\WWW\suzhi_php\App\Home\Controller\RegisterController.class.php 第 44 行.
SQL: SELECT * FROM `suzhi_headhunter`  [ RunTime:0.0000s ]
SQL: SELECT * FROM `suzhi_code` WHERE `codephone` = '13606520694' AND `code` = '0000'  [ RunTime:0.0010s ]

[ 2016-12-30T23:43:39+08:00 ] 122.235.226.69 /index.php/Home/Register/re2/phone/13606520694
INFO: [ app_init ] --START--
INFO: Run Behavior\BuildLiteBehavior [ RunTime:0.000000s ]
INFO: [ app_init ] --END-- [ RunTime:0.000000s ]
INFO: [ app_begin ] --START--
INFO: Run Behavior\ReadHtmlCacheBehavior [ RunTime:0.000976s ]
INFO: [ app_begin ] --END-- [ RunTime:0.000976s ]
INFO: [ view_parse ] --START--
INFO: [ template_filter ] --START--
INFO: Run Behavior\ContentReplaceBehavior [ RunTime:0.000000s ]
INFO: [ template_filter ] --END-- [ RunTime:0.000000s ]
NOTIC: [8] Undefined variable: timestamp C:\WWW\suzhi_php\App\Runtime\Cache\Home\57224247e0c50ed1f1be24f70eded1e2.php 第 60 行.
NOTIC: [8] Undefined variable: timestamp C:\WWW\suzhi_php\App\Runtime\Cache\Home\57224247e0c50ed1f1be24f70eded1e2.php 第 61 行.
INFO: Run Behavior\ParseTemplateBehavior [ RunTime:0.006837s ]
INFO: [ view_parse ] --END-- [ RunTime:0.006837s ]
INFO: [ view_filter ] --START--
INFO: Run Behavior\WriteHtmlCacheBehavior [ RunTime:0.000000s ]
INFO: [ view_filter ] --END-- [ RunTime:0.000000s ]
INFO: [ app_end ] --START--
INFO: Run Behavior\ShowPageTraceBehavior [ RunTime:0.000000s ]
INFO: [ app_end ] --END-- [ RunTime:0.000000s ]

[ 2016-12-30T23:44:11+08:00 ] 122.235.226.69 /index.php/home/Register/re
INFO: [ app_init ] --START--
INFO: Run Behavior\BuildLiteBehavior [ RunTime:0.000000s ]
INFO: [ app_init ] --END-- [ RunTime:0.000000s ]
INFO: [ app_begin ] --START--
INFO: Run Behavior\ReadHtmlCacheBehavior [ RunTime:0.000977s ]
INFO: [ app_begin ] --END-- [ RunTime:0.000977s ]
INFO: [ view_parse ] --START--
INFO: [ template_filter ] --START--
INFO: Run Behavior\ContentReplaceBehavior [ RunTime:0.000000s ]
INFO: [ template_filter ] --END-- [ RunTime:0.000000s ]
INFO: Run Behavior\ParseTemplateBehavior [ RunTime:0.006836s ]
INFO: [ view_parse ] --END-- [ RunTime:0.006836s ]
INFO: [ view_filter ] --START--
INFO: Run Behavior\WriteHtmlCacheBehavior [ RunTime:0.000000s ]
INFO: [ view_filter ] --END-- [ RunTime:0.000000s ]
INFO: [ app_end ] --START--
INFO: Run Behavior\ShowPageTraceBehavior [ RunTime:0.000976s ]
INFO: [ app_end ] --END-- [ RunTime:0.000976s ]

[ 2016-12-30T23:44:19+08:00 ] 122.235.226.69 /index.php/Home/Register/Verif
INFO: [ app_init ] --START--
INFO: Run Behavior\BuildLiteBehavior [ RunTime:0.000000s ]
INFO: [ app_init ] --END-- [ RunTime:0.000000s ]
INFO: [ app_begin ] --START--
INFO: Run Behavior\ReadHtmlCacheBehavior [ RunTime:0.000977s ]
INFO: [ app_begin ] --END-- [ RunTime:0.000977s ]
SQL: SHOW COLUMNS FROM `suzhi_code` [ RunTime:0.0020s ]
SQL: SHOW COLUMNS FROM `suzhi_headhunter` [ RunTime:0.0020s ]
NOTIC: [8] Undefined variable: map_he C:\WWW\suzhi_php\App\Home\Controller\RegisterController.class.php 第 43 行.
NOTIC: [8] Undefined variable: map_he C:\WWW\suzhi_php\App\Home\Controller\RegisterController.class.php 第 44 行.
SQL: SELECT * FROM `suzhi_headhunter`  [ RunTime:0.0000s ]
SQL: SELECT * FROM `suzhi_code` WHERE `codephone` = '13606520694' AND `code` = '0000'  [ RunTime:0.0000s ]

[ 2016-12-30T23:44:19+08:00 ] 122.235.226.69 /index.php/Home/Register/re2/phone/13606520694
INFO: [ app_init ] --START--
INFO: Run Behavior\BuildLiteBehavior [ RunTime:0.000000s ]
INFO: [ app_init ] --END-- [ RunTime:0.000976s ]
INFO: [ app_begin ] --START--
INFO: Run Behavior\ReadHtmlCacheBehavior [ RunTime:0.000000s ]
INFO: [ app_begin ] --END-- [ RunTime:0.000000s ]
INFO: [ view_parse ] --START--
INFO: [ template_filter ] --START--
INFO: Run Behavior\ContentReplaceBehavior [ RunTime:0.000000s ]
INFO: [ template_filter ] --END-- [ RunTime:0.000000s ]
NOTIC: [8] Undefined variable: timestamp C:\WWW\suzhi_php\App\Runtime\Cache\Home\57224247e0c50ed1f1be24f70eded1e2.php 第 60 行.
NOTIC: [8] Undefined variable: timestamp C:\WWW\suzhi_php\App\Runtime\Cache\Home\57224247e0c50ed1f1be24f70eded1e2.php 第 61 行.
INFO: Run Behavior\ParseTemplateBehavior [ RunTime:0.007812s ]
INFO: [ view_parse ] --END-- [ RunTime:0.007812s ]
INFO: [ view_filter ] --START--
INFO: Run Behavior\WriteHtmlCacheBehavior [ RunTime:0.000000s ]
INFO: [ view_filter ] --END-- [ RunTime:0.000000s ]
INFO: [ app_end ] --START--
INFO: Run Behavior\ShowPageTraceBehavior [ RunTime:0.000977s ]
INFO: [ app_end ] --END-- [ RunTime:0.000977s ]

[ 2016-12-30T23:45:29+08:00 ] 122.235.226.69 /index.php/home/Register/re
INFO: [ app_init ] --START--
INFO: Run Behavior\BuildLiteBehavior [ RunTime:0.000000s ]
INFO: [ app_init ] --END-- [ RunTime:0.000977s ]
INFO: [ app_begin ] --START--
INFO: Run Behavior\ReadHtmlCacheBehavior [ RunTime:0.000976s ]
INFO: [ app_begin ] --END-- [ RunTime:0.000976s ]
INFO: [ view_parse ] --START--
INFO: [ template_filter ] --START--
INFO: Run Behavior\ContentReplaceBehavior [ RunTime:0.000000s ]
INFO: [ template_filter ] --END-- [ RunTime:0.000000s ]
INFO: Run Behavior\ParseTemplateBehavior [ RunTime:0.007813s ]
INFO: [ view_parse ] --END-- [ RunTime:0.007813s ]
INFO: [ view_filter ] --START--
INFO: Run Behavior\WriteHtmlCacheBehavior [ RunTime:0.000000s ]
INFO: [ view_filter ] --END-- [ RunTime:0.000000s ]
INFO: [ app_end ] --START--
INFO: Run Behavior\ShowPageTraceBehavior [ RunTime:0.000976s ]
INFO: [ app_end ] --END-- [ RunTime:0.000976s ]

[ 2016-12-30T23:49:12+08:00 ] 122.235.226.69 /index.php/Home/Register/Verif
INFO: [ app_init ] --START--
INFO: Run Behavior\BuildLiteBehavior [ RunTime:0.000000s ]
INFO: [ app_init ] --END-- [ RunTime:0.000000s ]
INFO: [ app_begin ] --START--
INFO: Run Behavior\ReadHtmlCacheBehavior [ RunTime:0.000976s ]
INFO: [ app_begin ] --END-- [ RunTime:0.000976s ]
SQL: SHOW COLUMNS FROM `suzhi_code` [ RunTime:0.0020s ]
SQL: SHOW COLUMNS FROM `suzhi_headhunter` [ RunTime:0.0029s ]
NOTIC: [8] Undefined variable: map_he C:\WWW\suzhi_php\App\Home\Controller\RegisterController.class.php 第 43 行.
NOTIC: [8] Undefined variable: map_he C:\WWW\suzhi_php\App\Home\Controller\RegisterController.class.php 第 44 行.
SQL: SELECT * FROM `suzhi_headhunter`  [ RunTime:0.0000s ]
SQL: SELECT * FROM `suzhi_code` WHERE `codephone` = '13606520694' AND `code` = '0000'  [ RunTime:0.0010s ]

[ 2016-12-30T23:49:12+08:00 ] 122.235.226.69 /index.php/Home/Register/re2/phone/13606520694
INFO: [ app_init ] --START--
INFO: Run Behavior\BuildLiteBehavior [ RunTime:0.000000s ]
INFO: [ app_init ] --END-- [ RunTime:0.000977s ]
INFO: [ app_begin ] --START--
INFO: Run Behavior\ReadHtmlCacheBehavior [ RunTime:0.000000s ]
INFO: [ app_begin ] --END-- [ RunTime:0.000000s ]
INFO: [ view_parse ] --START--
INFO: [ template_filter ] --START--
INFO: Run Behavior\ContentReplaceBehavior [ RunTime:0.000000s ]
INFO: [ template_filter ] --END-- [ RunTime:0.000000s ]
NOTIC: [8] Undefined variable: timestamp C:\WWW\suzhi_php\App\Runtime\Cache\Home\57224247e0c50ed1f1be24f70eded1e2.php 第 60 行.
NOTIC: [8] Undefined variable: timestamp C:\WWW\suzhi_php\App\Runtime\Cache\Home\57224247e0c50ed1f1be24f70eded1e2.php 第 61 行.
INFO: Run Behavior\ParseTemplateBehavior [ RunTime:0.008790s ]
INFO: [ view_parse ] --END-- [ RunTime:0.008790s ]
INFO: [ view_filter ] --START--
INFO: Run Behavior\WriteHtmlCacheBehavior [ RunTime:0.000000s ]
INFO: [ view_filter ] --END-- [ RunTime:0.000000s ]
INFO: [ app_end ] --START--
INFO: Run Behavior\ShowPageTraceBehavior [ RunTime:0.000976s ]
INFO: [ app_end ] --END-- [ RunTime:0.000976s ]

[ 2016-12-30T23:50:37+08:00 ] 122.235.226.69 /index.php/home/Register/re
INFO: [ app_init ] --START--
INFO: Run Behavior\BuildLiteBehavior [ RunTime:0.000000s ]
INFO: [ app_init ] --END-- [ RunTime:0.000977s ]
INFO: [ app_begin ] --START--
INFO: Run Behavior\ReadHtmlCacheBehavior [ RunTime:0.000976s ]
INFO: [ app_begin ] --END-- [ RunTime:0.000976s ]
INFO: [ view_parse ] --START--
INFO: [ template_filter ] --START--
INFO: Run Behavior\ContentReplaceBehavior [ RunTime:0.000000s ]
INFO: [ template_filter ] --END-- [ RunTime:0.000000s ]
INFO: Run Behavior\ParseTemplateBehavior [ RunTime:0.020508s ]
INFO: [ view_parse ] --END-- [ RunTime:0.020508s ]
INFO: [ view_filter ] --START--
INFO: Run Behavior\WriteHtmlCacheBehavior [ RunTime:0.000000s ]
INFO: [ view_filter ] --END-- [ RunTime:0.000000s ]
INFO: [ app_end ] --START--
INFO: Run Behavior\ShowPageTraceBehavior [ RunTime:0.000976s ]
INFO: [ app_end ] --END-- [ RunTime:0.000976s ]

[ 2016-12-30T23:50:38+08:00 ] 122.235.226.69 /index.php/home/Register/re
INFO: [ app_init ] --START--
INFO: Run Behavior\BuildLiteBehavior [ RunTime:0.000000s ]
INFO: [ app_init ] --END-- [ RunTime:0.000976s ]
INFO: [ app_begin ] --START--
INFO: Run Behavior\ReadHtmlCacheBehavior [ RunTime:0.000000s ]
INFO: [ app_begin ] --END-- [ RunTime:0.000000s ]
INFO: [ view_parse ] --START--
INFO: [ template_filter ] --START--
INFO: Run Behavior\ContentReplaceBehavior [ RunTime:0.000000s ]
INFO: [ template_filter ] --END-- [ RunTime:0.000000s ]
INFO: Run Behavior\ParseTemplateBehavior [ RunTime:0.006837s ]
INFO: [ view_parse ] --END-- [ RunTime:0.006837s ]
INFO: [ view_filter ] --START--
INFO: Run Behavior\WriteHtmlCacheBehavior [ RunTime:0.000000s ]
INFO: [ view_filter ] --END-- [ RunTime:0.000000s ]
INFO: [ app_end ] --START--
INFO: Run Behavior\ShowPageTraceBehavior [ RunTime:0.000976s ]
INFO: [ app_end ] --END-- [ RunTime:0.000976s ]

[ 2016-12-30T23:50:51+08:00 ] 122.235.226.69 /index.php/Home/Register/Verif
INFO: [ app_init ] --START--
INFO: Run Behavior\BuildLiteBehavior [ RunTime:0.000000s ]
INFO: [ app_init ] --END-- [ RunTime:0.000977s ]
INFO: [ app_begin ] --START--
INFO: Run Behavior\ReadHtmlCacheBehavior [ RunTime:0.000976s ]
INFO: [ app_begin ] --END-- [ RunTime:0.000976s ]
SQL: SHOW COLUMNS FROM `suzhi_code` [ RunTime:0.0020s ]
SQL: SHOW COLUMNS FROM `suzhi_headhunter` [ RunTime:0.0039s ]
NOTIC: [8] Undefined variable: map_he C:\WWW\suzhi_php\App\Home\Controller\RegisterController.class.php 第 43 行.
NOTIC: [8] Undefined variable: map_he C:\WWW\suzhi_php\App\Home\Controller\RegisterController.class.php 第 44 行.
SQL: SELECT * FROM `suzhi_headhunter`  [ RunTime:0.0000s ]
SQL: SELECT * FROM `suzhi_code` WHERE `codephone` = '13606520694' AND `code` = '0000'  [ RunTime:0.0000s ]

[ 2016-12-30T23:50:51+08:00 ] 122.235.226.69 /index.php/Home/Register/re2
INFO: [ app_init ] --START--
INFO: Run Behavior\BuildLiteBehavior [ RunTime:0.000000s ]
INFO: [ app_init ] --END-- [ RunTime:0.000977s ]
INFO: [ app_begin ] --START--
INFO: Run Behavior\ReadHtmlCacheBehavior [ RunTime:0.000977s ]
INFO: [ app_begin ] --END-- [ RunTime:0.000977s ]
INFO: [ view_parse ] --START--
INFO: [ template_filter ] --START--
INFO: Run Behavior\ContentReplaceBehavior [ RunTime:0.000000s ]
INFO: [ template_filter ] --END-- [ RunTime:0.000000s ]
NOTIC: [8] Undefined variable: timestamp C:\WWW\suzhi_php\App\Runtime\Cache\Home\57224247e0c50ed1f1be24f70eded1e2.php 第 60 行.
NOTIC: [8] Undefined variable: timestamp C:\WWW\suzhi_php\App\Runtime\Cache\Home\57224247e0c50ed1f1be24f70eded1e2.php 第 61 行.
INFO: Run Behavior\ParseTemplateBehavior [ RunTime:0.007812s ]
INFO: [ view_parse ] --END-- [ RunTime:0.007812s ]
INFO: [ view_filter ] --START--
INFO: Run Behavior\WriteHtmlCacheBehavior [ RunTime:0.000000s ]
INFO: [ view_filter ] --END-- [ RunTime:0.000000s ]
INFO: [ app_end ] --START--
INFO: Run Behavior\ShowPageTraceBehavior [ RunTime:0.000977s ]
INFO: [ app_end ] --END-- [ RunTime:0.000977s ]

[ 2016-12-30T23:51:12+08:00 ] 122.235.226.69 /index.php/home/Register/re
INFO: [ app_init ] --START--
INFO: Run Behavior\BuildLiteBehavior [ RunTime:0.000000s ]
INFO: [ app_init ] --END-- [ RunTime:0.000000s ]
INFO: [ app_begin ] --START--
INFO: Run Behavior\ReadHtmlCacheBehavior [ RunTime:0.000977s ]
INFO: [ app_begin ] --END-- [ RunTime:0.000977s ]
INFO: [ view_parse ] --START--
INFO: [ template_filter ] --START--
INFO: Run Behavior\ContentReplaceBehavior [ RunTime:0.000000s ]
INFO: [ template_filter ] --END-- [ RunTime:0.000976s ]
INFO: Run Behavior\ParseTemplateBehavior [ RunTime:0.005859s ]
INFO: [ view_parse ] --END-- [ RunTime:0.006836s ]
INFO: [ view_filter ] --START--
INFO: Run Behavior\WriteHtmlCacheBehavior [ RunTime:0.000000s ]
INFO: [ view_filter ] --END-- [ RunTime:0.000000s ]
INFO: [ app_end ] --START--
INFO: Run Behavior\ShowPageTraceBehavior [ RunTime:0.000976s ]
INFO: [ app_end ] --END-- [ RunTime:0.000976s ]

[ 2016-12-30T23:51:13+08:00 ] 122.235.226.69 /index.php/Home/Register/Verif
INFO: [ app_init ] --START--
INFO: Run Behavior\BuildLiteBehavior [ RunTime:0.000000s ]
INFO: [ app_init ] --END-- [ RunTime:0.000000s ]
INFO: [ app_begin ] --START--
INFO: Run Behavior\ReadHtmlCacheBehavior [ RunTime:0.000000s ]
INFO: [ app_begin ] --END-- [ RunTime:0.000000s ]
SQL: SHOW COLUMNS FROM `suzhi_code` [ RunTime:0.0020s ]
SQL: SHOW COLUMNS FROM `suzhi_headhunter` [ RunTime:0.0020s ]
NOTIC: [8] Undefined variable: map_he C:\WWW\suzhi_php\App\Home\Controller\RegisterController.class.php 第 43 行.
NOTIC: [8] Undefined variable: map_he C:\WWW\suzhi_php\App\Home\Controller\RegisterController.class.php 第 44 行.
SQL: SELECT * FROM `suzhi_headhunter`  [ RunTime:0.0000s ]
SQL: SELECT * FROM `suzhi_code` WHERE `codephone` = '13606520694' AND `code` = '0000'  [ RunTime:0.0000s ]

[ 2016-12-30T23:51:13+08:00 ] 122.235.226.69 /index.php/Home/Register/re2
INFO: [ app_init ] --START--
INFO: Run Behavior\BuildLiteBehavior [ RunTime:0.000000s ]
INFO: [ app_init ] --END-- [ RunTime:0.000976s ]
INFO: [ app_begin ] --START--
INFO: Run Behavior\ReadHtmlCacheBehavior [ RunTime:0.000000s ]
INFO: [ app_begin ] --END-- [ RunTime:0.000000s ]
INFO: [ view_parse ] --START--
INFO: [ template_filter ] --START--
INFO: Run Behavior\ContentReplaceBehavior [ RunTime:0.000000s ]
INFO: [ template_filter ] --END-- [ RunTime:0.000000s ]
NOTIC: [8] Undefined variable: timestamp C:\WWW\suzhi_php\App\Runtime\Cache\Home\57224247e0c50ed1f1be24f70eded1e2.php 第 60 行.
NOTIC: [8] Undefined variable: timestamp C:\WWW\suzhi_php\App\Runtime\Cache\Home\57224247e0c50ed1f1be24f70eded1e2.php 第 61 行.
INFO: Run Behavior\ParseTemplateBehavior [ RunTime:0.005860s ]
INFO: [ view_parse ] --END-- [ RunTime:0.005860s ]
INFO: [ view_filter ] --START--
INFO: Run Behavior\WriteHtmlCacheBehavior [ RunTime:0.000000s ]
INFO: [ view_filter ] --END-- [ RunTime:0.000000s ]
INFO: [ app_end ] --START--
INFO: Run Behavior\ShowPageTraceBehavior [ RunTime:0.000977s ]
INFO: [ app_end ] --END-- [ RunTime:0.000977s ]

[ 2016-12-30T23:51:32+08:00 ] 122.235.226.69 /index.php/home/Register/re
INFO: [ app_init ] --START--
INFO: Run Behavior\BuildLiteBehavior [ RunTime:0.000000s ]
INFO: [ app_init ] --END-- [ RunTime:0.000000s ]
INFO: [ app_begin ] --START--
INFO: Run Behavior\ReadHtmlCacheBehavior [ RunTime:0.000977s ]
INFO: [ app_begin ] --END-- [ RunTime:0.000977s ]
INFO: [ view_parse ] --START--
INFO: [ template_filter ] --START--
INFO: Run Behavior\ContentReplaceBehavior [ RunTime:0.000000s ]
INFO: [ template_filter ] --END-- [ RunTime:0.000977s ]
INFO: Run Behavior\ParseTemplateBehavior [ RunTime:0.006836s ]
INFO: [ view_parse ] --END-- [ RunTime:0.006836s ]
INFO: [ view_filter ] --START--
INFO: Run Behavior\WriteHtmlCacheBehavior [ RunTime:0.000000s ]
INFO: [ view_filter ] --END-- [ RunTime:0.000000s ]
INFO: [ app_end ] --START--
INFO: Run Behavior\ShowPageTraceBehavior [ RunTime:0.000977s ]
INFO: [ app_end ] --END-- [ RunTime:0.000977s ]

[ 2016-12-30T23:53:10+08:00 ] 122.235.226.69 /index.php/Home/Register/Verif
INFO: [ app_init ] --START--
INFO: Run Behavior\BuildLiteBehavior [ RunTime:0.000000s ]
INFO: [ app_init ] --END-- [ RunTime:0.000000s ]
INFO: [ app_begin ] --START--
INFO: Run Behavior\ReadHtmlCacheBehavior [ RunTime:0.000000s ]
INFO: [ app_begin ] --END-- [ RunTime:0.000000s ]
SQL: SHOW COLUMNS FROM `suzhi_code` [ RunTime:0.0029s ]
SQL: SHOW COLUMNS FROM `suzhi_headhunter` [ RunTime:0.0029s ]
NOTIC: [8] Undefined variable: map_he C:\WWW\suzhi_php\App\Home\Controller\RegisterController.class.php 第 43 行.
NOTIC: [8] Undefined variable: map_he C:\WWW\suzhi_php\App\Home\Controller\RegisterController.class.php 第 44 行.
SQL: SELECT * FROM `suzhi_headhunter`  [ RunTime:0.0010s ]
SQL: SELECT * FROM `suzhi_code` WHERE `codephone` = '13606520694' AND `code` = '0000'  [ RunTime:0.0000s ]

[ 2016-12-30T23:53:10+08:00 ] 122.235.226.69 /index.php/Home/Register/re2
INFO: [ app_init ] --START--
INFO: Run Behavior\BuildLiteBehavior [ RunTime:0.000976s ]
INFO: [ app_init ] --END-- [ RunTime:0.000976s ]
INFO: [ app_begin ] --START--
INFO: Run Behavior\ReadHtmlCacheBehavior [ RunTime:0.000000s ]
INFO: [ app_begin ] --END-- [ RunTime:0.000000s ]
INFO: [ view_parse ] --START--
INFO: [ template_filter ] --START--
INFO: Run Behavior\ContentReplaceBehavior [ RunTime:0.000000s ]
INFO: [ template_filter ] --END-- [ RunTime:0.000000s ]
NOTIC: [8] Undefined variable: timestamp C:\WWW\suzhi_php\App\Runtime\Cache\Home\57224247e0c50ed1f1be24f70eded1e2.php 第 60 行.
NOTIC: [8] Undefined variable: timestamp C:\WWW\suzhi_php\App\Runtime\Cache\Home\57224247e0c50ed1f1be24f70eded1e2.php 第 61 行.
INFO: Run Behavior\ParseTemplateBehavior [ RunTime:0.007812s ]
INFO: [ view_parse ] --END-- [ RunTime:0.007812s ]
INFO: [ view_filter ] --START--
INFO: Run Behavior\WriteHtmlCacheBehavior [ RunTime:0.000000s ]
INFO: [ view_filter ] --END-- [ RunTime:0.000000s ]
INFO: [ app_end ] --START--
INFO: Run Behavior\ShowPageTraceBehavior [ RunTime:0.000977s ]
INFO: [ app_end ] --END-- [ RunTime:0.000977s ]

[ 2016-12-30T23:55:25+08:00 ] 122.235.226.69 /index.php/home/Register/re
INFO: [ app_init ] --START--
INFO: Run Behavior\BuildLiteBehavior [ RunTime:0.000000s ]
INFO: [ app_init ] --END-- [ RunTime:0.000977s ]
INFO: [ app_begin ] --START--
INFO: Run Behavior\ReadHtmlCacheBehavior [ RunTime:0.000977s ]
INFO: [ app_begin ] --END-- [ RunTime:0.000977s ]
INFO: [ view_parse ] --START--
INFO: [ template_filter ] --START--
INFO: Run Behavior\ContentReplaceBehavior [ RunTime:0.000000s ]
INFO: [ template_filter ] --END-- [ RunTime:0.000000s ]
INFO: Run Behavior\ParseTemplateBehavior [ RunTime:0.007812s ]
INFO: [ view_parse ] --END-- [ RunTime:0.007812s ]
INFO: [ view_filter ] --START--
INFO: Run Behavior\WriteHtmlCacheBehavior [ RunTime:0.000977s ]
INFO: [ view_filter ] --END-- [ RunTime:0.000977s ]
INFO: [ app_end ] --START--
INFO: Run Behavior\ShowPageTraceBehavior [ RunTime:0.000000s ]
INFO: [ app_end ] --END-- [ RunTime:0.000000s ]

[ 2016-12-30T23:55:27+08:00 ] 122.235.226.69 /index.php/home/Register/re
INFO: [ app_init ] --START--
INFO: Run Behavior\BuildLiteBehavior [ RunTime:0.000000s ]
INFO: [ app_init ] --END-- [ RunTime:0.000000s ]
INFO: [ app_begin ] --START--
INFO: Run Behavior\ReadHtmlCacheBehavior [ RunTime:0.000977s ]
INFO: [ app_begin ] --END-- [ RunTime:0.000977s ]
INFO: [ view_parse ] --START--
INFO: [ template_filter ] --START--
INFO: Run Behavior\ContentReplaceBehavior [ RunTime:0.000000s ]
INFO: [ template_filter ] --END-- [ RunTime:0.000976s ]
INFO: Run Behavior\ParseTemplateBehavior [ RunTime:0.005859s ]
INFO: [ view_parse ] --END-- [ RunTime:0.006836s ]
INFO: [ view_filter ] --START--
INFO: Run Behavior\WriteHtmlCacheBehavior [ RunTime:0.000000s ]
INFO: [ view_filter ] --END-- [ RunTime:0.000000s ]
INFO: [ app_end ] --START--
INFO: Run Behavior\ShowPageTraceBehavior [ RunTime:0.000976s ]
INFO: [ app_end ] --END-- [ RunTime:0.000976s ]

[ 2016-12-30T23:55:35+08:00 ] 122.235.226.69 /index.php/Home/Register/Verif
INFO: [ app_init ] --START--
INFO: Run Behavior\BuildLiteBehavior [ RunTime:0.000000s ]
INFO: [ app_init ] --END-- [ RunTime:0.000977s ]
INFO: [ app_begin ] --START--
INFO: Run Behavior\ReadHtmlCacheBehavior [ RunTime:0.000000s ]
INFO: [ app_begin ] --END-- [ RunTime:0.000000s ]
SQL: SHOW COLUMNS FROM `suzhi_code` [ RunTime:0.0020s ]
SQL: SHOW COLUMNS FROM `suzhi_headhunter` [ RunTime:0.0029s ]
NOTIC: [8] Undefined variable: map_he C:\WWW\suzhi_php\App\Home\Controller\RegisterController.class.php 第 43 行.
NOTIC: [8] Undefined variable: map_he C:\WWW\suzhi_php\App\Home\Controller\RegisterController.class.php 第 44 行.
SQL: SELECT * FROM `suzhi_headhunter`  [ RunTime:0.0000s ]
SQL: SELECT * FROM `suzhi_code` WHERE `codephone` = '13606520694' AND `code` = '0000'  [ RunTime:0.0010s ]

[ 2016-12-30T23:55:35+08:00 ] 122.235.226.69 /index.php/Home/Register/re2
INFO: [ app_init ] --START--
INFO: Run Behavior\BuildLiteBehavior [ RunTime:0.000000s ]
INFO: [ app_init ] --END-- [ RunTime:0.000976s ]
INFO: [ app_begin ] --START--
INFO: Run Behavior\ReadHtmlCacheBehavior [ RunTime:0.000976s ]
INFO: [ app_begin ] --END-- [ RunTime:0.000976s ]
INFO: [ view_parse ] --START--
INFO: [ template_filter ] --START--
INFO: Run Behavior\ContentReplaceBehavior [ RunTime:0.000000s ]
INFO: [ template_filter ] --END-- [ RunTime:0.000000s ]
NOTIC: [8] Undefined variable: timestamp C:\WWW\suzhi_php\App\Runtime\Cache\Home\57224247e0c50ed1f1be24f70eded1e2.php 第 60 行.
NOTIC: [8] Undefined variable: timestamp C:\WWW\suzhi_php\App\Runtime\Cache\Home\57224247e0c50ed1f1be24f70eded1e2.php 第 61 行.
INFO: Run Behavior\ParseTemplateBehavior [ RunTime:0.006835s ]
INFO: [ view_parse ] --END-- [ RunTime:0.006835s ]
INFO: [ view_filter ] --START--
INFO: Run Behavior\WriteHtmlCacheBehavior [ RunTime:0.000977s ]
INFO: [ view_filter ] --END-- [ RunTime:0.000977s ]
INFO: [ app_end ] --START--
INFO: Run Behavior\ShowPageTraceBehavior [ RunTime:0.000000s ]
INFO: [ app_end ] --END-- [ RunTime:0.000000s ]

[ 2016-12-30T23:56:14+08:00 ] 122.235.226.69 /index.php/Home/Register/doPhoto
INFO: [ app_init ] --START--
INFO: Run Behavior\BuildLiteBehavior [ RunTime:0.000000s ]
INFO: [ app_init ] --END-- [ RunTime:0.000000s ]
INFO: [ app_begin ] --START--
INFO: Run Behavior\ReadHtmlCacheBehavior [ RunTime:0.000977s ]
INFO: [ app_begin ] --END-- [ RunTime:0.000977s ]
NOTIC: [2048] Only variables should be passed by reference C:\WWW\suzhi_php\App\Home\Controller\RegisterController.class.php 第 76 行.
INFO: [ app_end ] --START--
INFO: Run Behavior\ShowPageTraceBehavior [ RunTime:0.000977s ]
INFO: [ app_end ] --END-- [ RunTime:0.000977s ]

[ 2016-12-30T23:56:17+08:00 ] 122.235.226.69 /index.php/Home/Register/dore2
INFO: [ app_init ] --START--
INFO: Run Behavior\BuildLiteBehavior [ RunTime:0.000000s ]
INFO: [ app_init ] --END-- [ RunTime:0.000000s ]
INFO: [ app_begin ] --START--
INFO: Run Behavior\ReadHtmlCacheBehavior [ RunTime:0.000976s ]
INFO: [ app_begin ] --END-- [ RunTime:0.000976s ]
SQL: SHOW COLUMNS FROM `suzhi_headhunter` [ RunTime:0.0029s ]
SQL: INSERT INTO `suzhi_headhunter` (`Hetype`,`HeName`,`Hecardid`,`Hephone`,`Heidimg`) VALUES ('1','王建荣','330781199102040219','13606520694','[\"1483113374512.png\"]') [ RunTime:0.0010s ]

[ 2016-12-30T23:56:17+08:00 ] 122.235.226.69 /index.php/Home/Register/re3/id/48
INFO: [ app_init ] --START--
INFO: Run Behavior\BuildLiteBehavior [ RunTime:0.000000s ]
INFO: [ app_init ] --END-- [ RunTime:0.000000s ]
INFO: [ app_begin ] --START--
INFO: Run Behavior\ReadHtmlCacheBehavior [ RunTime:0.000977s ]
INFO: [ app_begin ] --END-- [ RunTime:0.000977s ]
INFO: [ view_parse ] --START--
INFO: [ template_filter ] --START--
INFO: Run Behavior\ContentReplaceBehavior [ RunTime:0.000000s ]
INFO: [ template_filter ] --END-- [ RunTime:0.000000s ]
INFO: Run Behavior\ParseTemplateBehavior [ RunTime:0.006836s ]
INFO: [ view_parse ] --END-- [ RunTime:0.006836s ]
INFO: [ view_filter ] --START--
INFO: Run Behavior\WriteHtmlCacheBehavior [ RunTime:0.000976s ]
INFO: [ view_filter ] --END-- [ RunTime:0.000976s ]
INFO: [ app_end ] --START--
INFO: Run Behavior\ShowPageTraceBehavior [ RunTime:0.000000s ]
INFO: [ app_end ] --END-- [ RunTime:0.000000s ]

[ 2016-12-30T23:57:22+08:00 ] 122.235.226.69 /index.php/home/Register/re
INFO: [ app_init ] --START--
INFO: Run Behavior\BuildLiteBehavior [ RunTime:0.000000s ]
INFO: [ app_init ] --END-- [ RunTime:0.000976s ]
INFO: [ app_begin ] --START--
INFO: Run Behavior\ReadHtmlCacheBehavior [ RunTime:0.000976s ]
INFO: [ app_begin ] --END-- [ RunTime:0.000976s ]
INFO: [ view_parse ] --START--
INFO: [ template_filter ] --START--
INFO: Run Behavior\ContentReplaceBehavior [ RunTime:0.000000s ]
INFO: [ template_filter ] --END-- [ RunTime:0.000000s ]
INFO: Run Behavior\ParseTemplateBehavior [ RunTime:0.006835s ]
INFO: [ view_parse ] --END-- [ RunTime:0.006835s ]
INFO: [ view_filter ] --START--
INFO: Run Behavior\WriteHtmlCacheBehavior [ RunTime:0.000000s ]
INFO: [ view_filter ] --END-- [ RunTime:0.000000s ]
INFO: [ app_end ] --START--
INFO: Run Behavior\ShowPageTraceBehavior [ RunTime:0.000000s ]
INFO: [ app_end ] --END-- [ RunTime:0.000977s ]

[ 2016-12-30T23:57:24+08:00 ] 122.235.226.69 /index.php/Home/Register/Verif
INFO: [ app_init ] --START--
INFO: Run Behavior\BuildLiteBehavior [ RunTime:0.000000s ]
INFO: [ app_init ] --END-- [ RunTime:0.000977s ]
INFO: [ app_begin ] --START--
INFO: Run Behavior\ReadHtmlCacheBehavior [ RunTime:0.000977s ]
INFO: [ app_begin ] --END-- [ RunTime:0.000977s ]
SQL: SHOW COLUMNS FROM `suzhi_code` [ RunTime:0.0020s ]
SQL: SHOW COLUMNS FROM `suzhi_headhunter` [ RunTime:0.0029s ]
NOTIC: [8] Undefined variable: map_he C:\WWW\suzhi_php\App\Home\Controller\RegisterController.class.php 第 43 行.
NOTIC: [8] Undefined variable: map_he C:\WWW\suzhi_php\App\Home\Controller\RegisterController.class.php 第 44 行.
SQL: SELECT * FROM `suzhi_headhunter`  [ RunTime:0.0000s ]

[ 2016-12-30T23:57:29+08:00 ] 122.235.226.69 /index.php/Home/Register/Verif
INFO: [ app_init ] --START--
INFO: Run Behavior\BuildLiteBehavior [ RunTime:0.000000s ]
INFO: [ app_init ] --END-- [ RunTime:0.000977s ]
INFO: [ app_begin ] --START--
INFO: Run Behavior\ReadHtmlCacheBehavior [ RunTime:0.000977s ]
INFO: [ app_begin ] --END-- [ RunTime:0.000977s ]
SQL: SHOW COLUMNS FROM `suzhi_code` [ RunTime:0.0020s ]
SQL: SHOW COLUMNS FROM `suzhi_headhunter` [ RunTime:0.0029s ]
NOTIC: [8] Undefined variable: map_he C:\WWW\suzhi_php\App\Home\Controller\RegisterController.class.php 第 43 行.
NOTIC: [8] Undefined variable: map_he C:\WWW\suzhi_php\App\Home\Controller\RegisterController.class.php 第 44 行.
SQL: SELECT * FROM `suzhi_headhunter`  [ RunTime:0.0010s ]

[ 2016-12-30T23:57:32+08:00 ] 122.235.226.69 /index.php/Home/Register/Verif
INFO: [ app_init ] --START--
INFO: Run Behavior\BuildLiteBehavior [ RunTime:0.000000s ]
INFO: [ app_init ] --END-- [ RunTime:0.000000s ]
INFO: [ app_begin ] --START--
INFO: Run Behavior\ReadHtmlCacheBehavior [ RunTime:0.000976s ]
INFO: [ app_begin ] --END-- [ RunTime:0.000976s ]
SQL: SHOW COLUMNS FROM `suzhi_code` [ RunTime:0.0020s ]
SQL: SHOW COLUMNS FROM `suzhi_headhunter` [ RunTime:0.0029s ]
NOTIC: [8] Undefined variable: map_he C:\WWW\suzhi_php\App\Home\Controller\RegisterController.class.php 第 43 行.
NOTIC: [8] Undefined variable: map_he C:\WWW\suzhi_php\App\Home\Controller\RegisterController.class.php 第 44 行.
SQL: SELECT * FROM `suzhi_headhunter`  [ RunTime:0.0000s ]

[ 2016-12-30T23:57:35+08:00 ] 122.235.226.69 /index.php/home/Register/re
INFO: [ app_init ] --START--
INFO: Run Behavior\BuildLiteBehavior [ RunTime:0.000000s ]
INFO: [ app_init ] --END-- [ RunTime:0.000976s ]
INFO: [ app_begin ] --START--
INFO: Run Behavior\ReadHtmlCacheBehavior [ RunTime:0.000000s ]
INFO: [ app_begin ] --END-- [ RunTime:0.000000s ]
INFO: [ view_parse ] --START--
INFO: [ template_filter ] --START--
INFO: Run Behavior\ContentReplaceBehavior [ RunTime:0.000000s ]
INFO: [ template_filter ] --END-- [ RunTime:0.000000s ]
INFO: Run Behavior\ParseTemplateBehavior [ RunTime:0.006836s ]
INFO: [ view_parse ] --END-- [ RunTime:0.007812s ]
INFO: [ view_filter ] --START--
INFO: Run Behavior\WriteHtmlCacheBehavior [ RunTime:0.000000s ]
INFO: [ view_filter ] --END-- [ RunTime:0.000000s ]
INFO: [ app_end ] --START--
INFO: Run Behavior\ShowPageTraceBehavior [ RunTime:0.000977s ]
INFO: [ app_end ] --END-- [ RunTime:0.000977s ]

[ 2016-12-30T23:57:40+08:00 ] 122.235.226.69 /index.php/Home/Register/Verif
INFO: [ app_init ] --START--
INFO: Run Behavior\BuildLiteBehavior [ RunTime:0.000000s ]
INFO: [ app_init ] --END-- [ RunTime:0.000000s ]
INFO: [ app_begin ] --START--
INFO: Run Behavior\ReadHtmlCacheBehavior [ RunTime:0.000977s ]
INFO: [ app_begin ] --END-- [ RunTime:0.000977s ]
SQL: SHOW COLUMNS FROM `suzhi_code` [ RunTime:0.0029s ]
SQL: SHOW COLUMNS FROM `suzhi_headhunter` [ RunTime:0.0020s ]
NOTIC: [8] Undefined variable: map_he C:\WWW\suzhi_php\App\Home\Controller\RegisterController.class.php 第 43 行.
NOTIC: [8] Undefined variable: map_he C:\WWW\suzhi_php\App\Home\Controller\RegisterController.class.php 第 44 行.
SQL: SELECT * FROM `suzhi_headhunter`  [ RunTime:0.0000s ]

[ 2016-12-30T23:57:59+08:00 ] 122.235.226.69 /index.php/home/Register/re2
INFO: [ app_init ] --START--
INFO: Run Behavior\BuildLiteBehavior [ RunTime:0.000000s ]
INFO: [ app_init ] --END-- [ RunTime:0.000976s ]
INFO: [ app_begin ] --START--
INFO: Run Behavior\ReadHtmlCacheBehavior [ RunTime:0.000000s ]
INFO: [ app_begin ] --END-- [ RunTime:0.000977s ]
INFO: [ view_parse ] --START--
INFO: [ template_filter ] --START--
INFO: Run Behavior\ContentReplaceBehavior [ RunTime:0.000000s ]
INFO: [ template_filter ] --END-- [ RunTime:0.000977s ]
NOTIC: [8] Undefined variable: timestamp C:\WWW\suzhi_php\App\Runtime\Cache\Home\57224247e0c50ed1f1be24f70eded1e2.php 第 60 行.
NOTIC: [8] Undefined variable: timestamp C:\WWW\suzhi_php\App\Runtime\Cache\Home\57224247e0c50ed1f1be24f70eded1e2.php 第 61 行.
INFO: Run Behavior\ParseTemplateBehavior [ RunTime:0.025389s ]
INFO: [ view_parse ] --END-- [ RunTime:0.025389s ]
INFO: [ view_filter ] --START--
INFO: Run Behavior\WriteHtmlCacheBehavior [ RunTime:0.000000s ]
INFO: [ view_filter ] --END-- [ RunTime:0.000000s ]
INFO: [ app_end ] --START--
INFO: Run Behavior\ShowPageTraceBehavior [ RunTime:0.000977s ]
INFO: [ app_end ] --END-- [ RunTime:0.000977s ]

[ 2016-12-30T23:58:11+08:00 ] 122.235.226.69 /index.php/Home/Register/dore2
INFO: [ app_init ] --START--
INFO: Run Behavior\BuildLiteBehavior [ RunTime:0.000000s ]
INFO: [ app_init ] --END-- [ RunTime:0.000000s ]
INFO: [ app_begin ] --START--
INFO: Run Behavior\ReadHtmlCacheBehavior [ RunTime:0.000977s ]
INFO: [ app_begin ] --END-- [ RunTime:0.000977s ]
SQL: SHOW COLUMNS FROM `suzhi_headhunter` [ RunTime:0.0029s ]
SQL: INSERT INTO `suzhi_headhunter` (`Hetype`,`HeName`,`Hecardid`,`Hephone`,`Heidimg`) VALUES ('1','','','','\"\"') [ RunTime:0.0000s ]

[ 2016-12-30T23:58:11+08:00 ] 122.235.226.69 /index.php/Home/Register/re3/id/49
INFO: [ app_init ] --START--
INFO: Run Behavior\BuildLiteBehavior [ RunTime:0.000000s ]
INFO: [ app_init ] --END-- [ RunTime:0.000000s ]
INFO: [ app_begin ] --START--
INFO: Run Behavior\ReadHtmlCacheBehavior [ RunTime:0.000977s ]
INFO: [ app_begin ] --END-- [ RunTime:0.000977s ]
INFO: [ view_parse ] --START--
INFO: [ template_filter ] --START--
INFO: Run Behavior\ContentReplaceBehavior [ RunTime:0.000000s ]
INFO: [ template_filter ] --END-- [ RunTime:0.000000s ]
INFO: Run Behavior\ParseTemplateBehavior [ RunTime:0.008789s ]
INFO: [ view_parse ] --END-- [ RunTime:0.008789s ]
INFO: [ view_filter ] --START--
INFO: Run Behavior\WriteHtmlCacheBehavior [ RunTime:0.000000s ]
INFO: [ view_filter ] --END-- [ RunTime:0.000000s ]
INFO: [ app_end ] --START--
INFO: Run Behavior\ShowPageTraceBehavior [ RunTime:0.000976s ]
INFO: [ app_end ] --END-- [ RunTime:0.001953s ]

[ 2016-12-30T23:58:12+08:00 ] 122.235.226.69 /index.php/home/Register/re2
INFO: [ app_init ] --START--
INFO: Run Behavior\BuildLiteBehavior [ RunTime:0.000000s ]
INFO: [ app_init ] --END-- [ RunTime:0.000000s ]
INFO: [ app_begin ] --START--
INFO: Run Behavior\ReadHtmlCacheBehavior [ RunTime:0.000000s ]
INFO: [ app_begin ] --END-- [ RunTime:0.000000s ]
INFO: [ view_parse ] --START--
INFO: [ template_filter ] --START--
INFO: Run Behavior\ContentReplaceBehavior [ RunTime:0.000000s ]
INFO: [ template_filter ] --END-- [ RunTime:0.000000s ]
NOTIC: [8] Undefined variable: timestamp C:\WWW\suzhi_php\App\Runtime\Cache\Home\57224247e0c50ed1f1be24f70eded1e2.php 第 60 行.
NOTIC: [8] Undefined variable: timestamp C:\WWW\suzhi_php\App\Runtime\Cache\Home\57224247e0c50ed1f1be24f70eded1e2.php 第 61 行.
INFO: Run Behavior\ParseTemplateBehavior [ RunTime:0.006836s ]
INFO: [ view_parse ] --END-- [ RunTime:0.006836s ]
INFO: [ view_filter ] --START--
INFO: Run Behavior\WriteHtmlCacheBehavior [ RunTime:0.000976s ]
INFO: [ view_filter ] --END-- [ RunTime:0.000976s ]
INFO: [ app_end ] --START--
INFO: Run Behavior\ShowPageTraceBehavior [ RunTime:0.000000s ]
INFO: [ app_end ] --END-- [ RunTime:0.000977s ]

[ 2016-12-30T23:58:31+08:00 ] 122.235.226.69 /index.php/Home/Register/dore2
INFO: [ app_init ] --START--
INFO: Run Behavior\BuildLiteBehavior [ RunTime:0.000000s ]
INFO: [ app_init ] --END-- [ RunTime:0.000000s ]
INFO: [ app_begin ] --START--
INFO: Run Behavior\ReadHtmlCacheBehavior [ RunTime:0.000976s ]
INFO: [ app_begin ] --END-- [ RunTime:0.000976s ]
SQL: SHOW COLUMNS FROM `suzhi_headhunter` [ RunTime:0.0029s ]
SQL: INSERT INTO `suzhi_headhunter` (`Hetype`,`HeName`,`Hecardid`,`Hephone`,`Heidimg`) VALUES ('1','','','','\"\"') [ RunTime:0.0000s ]

[ 2016-12-30T23:58:31+08:00 ] 122.235.226.69 /index.php/Home/Register/re3/id/50
INFO: [ app_init ] --START--
INFO: Run Behavior\BuildLiteBehavior [ RunTime:0.000000s ]
INFO: [ app_init ] --END-- [ RunTime:0.000976s ]
INFO: [ app_begin ] --START--
INFO: Run Behavior\ReadHtmlCacheBehavior [ RunTime:0.000976s ]
INFO: [ app_begin ] --END-- [ RunTime:0.000976s ]
INFO: [ view_parse ] --START--
INFO: [ template_filter ] --START--
INFO: Run Behavior\ContentReplaceBehavior [ RunTime:0.000000s ]
INFO: [ template_filter ] --END-- [ RunTime:0.000000s ]
INFO: Run Behavior\ParseTemplateBehavior [ RunTime:0.007812s ]
INFO: [ view_parse ] --END-- [ RunTime:0.007812s ]
INFO: [ view_filter ] --START--
INFO: Run Behavior\WriteHtmlCacheBehavior [ RunTime:0.000000s ]
INFO: [ view_filter ] --END-- [ RunTime:0.000000s ]
INFO: [ app_end ] --START--
INFO: Run Behavior\ShowPageTraceBehavior [ RunTime:0.000976s ]
INFO: [ app_end ] --END-- [ RunTime:0.000976s ]

[ 2016-12-30T23:58:33+08:00 ] 122.235.226.69 /index.php/home/Register/re2
INFO: [ app_init ] --START--
INFO: Run Behavior\BuildLiteBehavior [ RunTime:0.000000s ]
INFO: [ app_init ] --END-- [ RunTime:0.000000s ]
INFO: [ app_begin ] --START--
INFO: Run Behavior\ReadHtmlCacheBehavior [ RunTime:0.000976s ]
INFO: [ app_begin ] --END-- [ RunTime:0.000976s ]
INFO: [ view_parse ] --START--
INFO: [ template_filter ] --START--
INFO: Run Behavior\ContentReplaceBehavior [ RunTime:0.000000s ]
INFO: [ template_filter ] --END-- [ RunTime:0.000000s ]
NOTIC: [8] Undefined variable: timestamp C:\WWW\suzhi_php\App\Runtime\Cache\Home\57224247e0c50ed1f1be24f70eded1e2.php 第 60 行.
NOTIC: [8] Undefined variable: timestamp C:\WWW\suzhi_php\App\Runtime\Cache\Home\57224247e0c50ed1f1be24f70eded1e2.php 第 61 行.
INFO: Run Behavior\ParseTemplateBehavior [ RunTime:0.006835s ]
INFO: [ view_parse ] --END-- [ RunTime:0.006835s ]
INFO: [ view_filter ] --START--
INFO: Run Behavior\WriteHtmlCacheBehavior [ RunTime:0.000000s ]
INFO: [ view_filter ] --END-- [ RunTime:0.000000s ]
INFO: [ app_end ] --START--
INFO: Run Behavior\ShowPageTraceBehavior [ RunTime:0.000977s ]
INFO: [ app_end ] --END-- [ RunTime:0.000977s ]

[ 2016-12-30T23:59:19+08:00 ] 122.235.226.69 /index.php/Home/Register/dore2
INFO: [ app_init ] --START--
INFO: Run Behavior\BuildLiteBehavior [ RunTime:0.000000s ]
INFO: [ app_init ] --END-- [ RunTime:0.000977s ]
INFO: [ app_begin ] --START--
INFO: Run Behavior\ReadHtmlCacheBehavior [ RunTime:0.000000s ]
INFO: [ app_begin ] --END-- [ RunTime:0.000000s ]
SQL: SHOW COLUMNS FROM `suzhi_headhunter` [ RunTime:0.0020s ]
SQL: INSERT INTO `suzhi_headhunter` (`Hetype`,`HeName`,`Hecardid`,`Hephone`,`Heidimg`) VALUES ('1','','','','\"\"') [ RunTime:0.0010s ]

[ 2016-12-30T23:59:19+08:00 ] 122.235.226.69 /index.php/Home/Register/re3/id/51
INFO: [ app_init ] --START--
INFO: Run Behavior\BuildLiteBehavior [ RunTime:0.000000s ]
INFO: [ app_init ] --END-- [ RunTime:0.000000s ]
INFO: [ app_begin ] --START--
INFO: Run Behavior\ReadHtmlCacheBehavior [ RunTime:0.000000s ]
INFO: [ app_begin ] --END-- [ RunTime:0.000000s ]
INFO: [ view_parse ] --START--
INFO: [ template_filter ] --START--
INFO: Run Behavior\ContentReplaceBehavior [ RunTime:0.000000s ]
INFO: [ template_filter ] --END-- [ RunTime:0.000000s ]
INFO: Run Behavior\ParseTemplateBehavior [ RunTime:0.006835s ]
INFO: [ view_parse ] --END-- [ RunTime:0.006835s ]
INFO: [ view_filter ] --START--
INFO: Run Behavior\WriteHtmlCacheBehavior [ RunTime:0.000000s ]
INFO: [ view_filter ] --END-- [ RunTime:0.000000s ]
INFO: [ app_end ] --START--
INFO: Run Behavior\ShowPageTraceBehavior [ RunTime:0.000977s ]
INFO: [ app_end ] --END-- [ RunTime:0.000977s ]

