[ 2016-12-30T23:23:58+08:00 ] 122.235.226.69 /index.php/Juym_admin/Optiment
INFO: [ app_init ] --START--
INFO: Run Behavior\BuildLiteBehavior [ RunTime:0.000000s ]
INFO: [ app_init ] --END-- [ RunTime:0.000000s ]
INFO: [ app_begin ] --START--
INFO: Run Behavior\ReadHtmlCacheBehavior [ RunTime:0.000000s ]
INFO: [ app_begin ] --END-- [ RunTime:0.000000s ]
ERR: 非法操作:index

[ 2016-12-30T23:24:12+08:00 ] 122.235.226.69 /index.php/Juym_admin/Optiment/tjlist
INFO: [ app_init ] --START--
INFO: Run Behavior\BuildLiteBehavior [ RunTime:0.000000s ]
INFO: [ app_init ] --END-- [ RunTime:0.000000s ]
INFO: [ app_begin ] --START--
INFO: Run Behavior\ReadHtmlCacheBehavior [ RunTime:0.000000s ]
INFO: [ app_begin ] --END-- [ RunTime:0.000000s ]
SQL: SHOW COLUMNS FROM `suzhi_pos` [ RunTime:0.0029s ]
SQL: SELECT * FROM `suzhi_pos` WHERE `Posjoptype` = 0  [ RunTime:0.0000s ]
SQL: SELECT COUNT(*) AS tp_count FROM `suzhi_pos` WHERE `Posjoptype` = 0 LIMIT 1   [ RunTime:0.0000s ]
ERR: 1054:Unknown column 'Possort' in 'order clause'
 [ SQL语句 ] : SELECT * FROM `suzhi_pos` WHERE `Posjoptype` = 0 ORDER BY Possort LIMIT 0,3  
ERR: 1054:Unknown column 'Possort' in 'order clause'
 [ SQL语句 ] : SELECT * FROM `suzhi_pos` WHERE `Posjoptype` = 0 ORDER BY Possort LIMIT 0,3  

[ 2016-12-30T23:24:36+08:00 ] 122.235.226.69 /index.php/Juym_admin/Optiment/tjlist
INFO: [ app_init ] --START--
INFO: Run Behavior\BuildLiteBehavior [ RunTime:0.000000s ]
INFO: [ app_init ] --END-- [ RunTime:0.000977s ]
INFO: [ app_begin ] --START--
INFO: Run Behavior\ReadHtmlCacheBehavior [ RunTime:0.000977s ]
INFO: [ app_begin ] --END-- [ RunTime:0.000977s ]
SQL: SHOW COLUMNS FROM `suzhi_pos` [ RunTime:0.0020s ]
SQL: SELECT * FROM `suzhi_pos` WHERE `Posjoptype` = 0  [ RunTime:0.0000s ]
SQL: SELECT COUNT(*) AS tp_count FROM `suzhi_pos` WHERE `Posjoptype` = 0 LIMIT 1   [ RunTime:0.0000s ]
ERR: 1054:Unknown column 'Possort' in 'order clause'
 [ SQL语句 ] : SELECT * FROM `suzhi_pos` WHERE `Posjoptype` = 0 ORDER BY Possort LIMIT 0,3  
ERR: 1054:Unknown column 'Possort' in 'order clause'
 [ SQL语句 ] : SELECT * FROM `suzhi_pos` WHERE `Posjoptype` = 0 ORDER BY Possort LIMIT 0,3  

[ 2016-12-30T23:24:42+08:00 ] 122.235.226.69 /index.php/Juym_admin/Optiment/tjlist
INFO: [ app_init ] --START--
INFO: Run Behavior\BuildLiteBehavior [ RunTime:0.000000s ]
INFO: [ app_init ] --END-- [ RunTime:0.000977s ]
INFO: [ app_begin ] --START--
INFO: Run Behavior\ReadHtmlCacheBehavior [ RunTime:0.000976s ]
INFO: [ app_begin ] --END-- [ RunTime:0.000976s ]
SQL: SHOW COLUMNS FROM `suzhi_pos` [ RunTime:0.0020s ]
SQL: SELECT * FROM `suzhi_pos` WHERE `Posjoptype` = 0  [ RunTime:0.0000s ]
SQL: SELECT COUNT(*) AS tp_count FROM `suzhi_pos` WHERE `Posjoptype` = 0 LIMIT 1   [ RunTime:0.0000s ]
ERR: 1054:Unknown column 'Possort' in 'order clause'
 [ SQL语句 ] : SELECT * FROM `suzhi_pos` WHERE `Posjoptype` = 0 ORDER BY Possort LIMIT 0,3  
ERR: 1054:Unknown column 'Possort' in 'order clause'
 [ SQL语句 ] : SELECT * FROM `suzhi_pos` WHERE `Posjoptype` = 0 ORDER BY Possort LIMIT 0,3  

[ 2016-12-30T23:27:32+08:00 ] 122.235.226.69 /index.php/Juym_admin/Optiment/tjlist
INFO: [ app_init ] --START--
INFO: Run Behavior\BuildLiteBehavior [ RunTime:0.000000s ]
INFO: [ app_init ] --END-- [ RunTime:0.000976s ]
INFO: [ app_begin ] --START--
INFO: Run Behavior\ReadHtmlCacheBehavior [ RunTime:0.000977s ]
INFO: [ app_begin ] --END-- [ RunTime:0.000977s ]
SQL: SHOW COLUMNS FROM `suzhi_pos` [ RunTime:0.0020s ]
SQL: SELECT * FROM `suzhi_pos` WHERE `Posjoptype` = 0  [ RunTime:0.0000s ]
SQL: SELECT COUNT(*) AS tp_count FROM `suzhi_pos` WHERE `Posjoptype` = 0 LIMIT 1   [ RunTime:0.0000s ]
SQL: SELECT * FROM `suzhi_pos` WHERE `Posjoptype` = 0 ORDER BY Possort LIMIT 0,3   [ RunTime:0.0000s ]
INFO: [ view_parse ] --START--
NOTIC: [2] file_get_contents(./App/Juym_admin/View/Public/head.html) [<a href='function.file-get-contents'>function.file-get-contents</a>]: failed to open stream: No such file or directory C:\WWW\suzhi_php\ThinkPHP\Library\Think\Template.class.php 第 696 行.
NOTIC: [2] file_get_contents(./App/Juym_admin/View/Public/sidebar.html) [<a href='function.file-get-contents'>function.file-get-contents</a>]: failed to open stream: No such file or directory C:\WWW\suzhi_php\ThinkPHP\Library\Think\Template.class.php 第 696 行.
NOTIC: [2] file_get_contents(./App/Juym_admin/View/Public/footer.html) [<a href='function.file-get-contents'>function.file-get-contents</a>]: failed to open stream: No such file or directory C:\WWW\suzhi_php\ThinkPHP\Library\Think\Template.class.php 第 696 行.
INFO: [ template_filter ] --START--
INFO: Run Behavior\ContentReplaceBehavior [ RunTime:0.000000s ]
INFO: [ template_filter ] --END-- [ RunTime:0.000000s ]
INFO: Run Behavior\ParseTemplateBehavior [ RunTime:0.009766s ]
INFO: [ view_parse ] --END-- [ RunTime:0.010743s ]
INFO: [ view_filter ] --START--
INFO: Run Behavior\WriteHtmlCacheBehavior [ RunTime:0.000000s ]
INFO: [ view_filter ] --END-- [ RunTime:0.000000s ]
INFO: [ app_end ] --START--
INFO: Run Behavior\ShowPageTraceBehavior [ RunTime:0.000976s ]
INFO: [ app_end ] --END-- [ RunTime:0.000976s ]

[ 2016-12-30T23:27:46+08:00 ] 122.235.226.69 /index.php/Juym_admin/Optiment/tjlist
INFO: [ app_init ] --START--
INFO: Run Behavior\BuildLiteBehavior [ RunTime:0.000000s ]
INFO: [ app_init ] --END-- [ RunTime:0.000000s ]
INFO: [ app_begin ] --START--
INFO: Run Behavior\ReadHtmlCacheBehavior [ RunTime:0.000000s ]
INFO: [ app_begin ] --END-- [ RunTime:0.000000s ]
SQL: SHOW COLUMNS FROM `suzhi_pos` [ RunTime:0.0020s ]
SQL: SELECT * FROM `suzhi_pos` WHERE `Posjoptype` = 0  [ RunTime:0.0000s ]
SQL: SELECT COUNT(*) AS tp_count FROM `suzhi_pos` WHERE `Posjoptype` = 0 LIMIT 1   [ RunTime:0.0000s ]
SQL: SELECT * FROM `suzhi_pos` WHERE `Posjoptype` = 0 ORDER BY Possort LIMIT 0,3   [ RunTime:0.0010s ]
INFO: [ view_parse ] --START--
NOTIC: [2] file_get_contents(./App/Juym_admin/View/Public/head.html) [<a href='function.file-get-contents'>function.file-get-contents</a>]: failed to open stream: No such file or directory C:\WWW\suzhi_php\ThinkPHP\Library\Think\Template.class.php 第 696 行.
NOTIC: [2] file_get_contents(./App/Juym_admin/View/Public/sidebar.html) [<a href='function.file-get-contents'>function.file-get-contents</a>]: failed to open stream: No such file or directory C:\WWW\suzhi_php\ThinkPHP\Library\Think\Template.class.php 第 696 行.
NOTIC: [2] file_get_contents(./App/Juym_admin/View/Public/footer.html) [<a href='function.file-get-contents'>function.file-get-contents</a>]: failed to open stream: No such file or directory C:\WWW\suzhi_php\ThinkPHP\Library\Think\Template.class.php 第 696 行.
INFO: [ template_filter ] --START--
INFO: Run Behavior\ContentReplaceBehavior [ RunTime:0.000000s ]
INFO: [ template_filter ] --END-- [ RunTime:0.000000s ]
INFO: Run Behavior\ParseTemplateBehavior [ RunTime:0.010742s ]
INFO: [ view_parse ] --END-- [ RunTime:0.010742s ]
INFO: [ view_filter ] --START--
INFO: Run Behavior\WriteHtmlCacheBehavior [ RunTime:0.000000s ]
INFO: [ view_filter ] --END-- [ RunTime:0.000977s ]
INFO: [ app_end ] --START--
INFO: Run Behavior\ShowPageTraceBehavior [ RunTime:0.000000s ]
INFO: [ app_end ] --END-- [ RunTime:0.000000s ]

[ 2016-12-30T23:27:48+08:00 ] 122.235.226.69 /index.php/Juym_admin/
INFO: [ app_init ] --START--
INFO: Run Behavior\BuildLiteBehavior [ RunTime:0.000000s ]
INFO: [ app_init ] --END-- [ RunTime:0.000000s ]
INFO: [ app_begin ] --START--
INFO: Run Behavior\ReadHtmlCacheBehavior [ RunTime:0.000977s ]
INFO: [ app_begin ] --END-- [ RunTime:0.000977s ]
NOTIC: [8] Undefined index: id C:\WWW\suzhi_php\App\Juym_admin\Controller\IndexController.class.php 第 8 行.
NOTIC: [8] Undefined index: id C:\WWW\suzhi_php\App\Juym_admin\Controller\IndexController.class.php 第 11 行.
NOTIC: [8] Undefined index: id C:\WWW\suzhi_php\App\Juym_admin\Controller\IndexController.class.php 第 16 行.
ERR: 1146:Table 'suzhi.suzhi_admin' doesn't exist
 [ SQL语句 ] : SHOW COLUMNS FROM `suzhi_admin`
ERR: 1146:Table 'suzhi.suzhi_admin' doesn't exist
 [ SQL语句 ] : SHOW COLUMNS FROM `suzhi_admin`

[ 2016-12-30T23:27:52+08:00 ] 122.235.226.69 /index.php/Juym_admin/Optiment/tjlist
INFO: [ app_init ] --START--
INFO: Run Behavior\BuildLiteBehavior [ RunTime:0.000000s ]
INFO: [ app_init ] --END-- [ RunTime:0.000000s ]
INFO: [ app_begin ] --START--
INFO: Run Behavior\ReadHtmlCacheBehavior [ RunTime:0.000977s ]
INFO: [ app_begin ] --END-- [ RunTime:0.000977s ]
SQL: SHOW COLUMNS FROM `suzhi_pos` [ RunTime:0.0020s ]
SQL: SELECT * FROM `suzhi_pos` WHERE `Posjoptype` = 0  [ RunTime:0.0000s ]
SQL: SELECT COUNT(*) AS tp_count FROM `suzhi_pos` WHERE `Posjoptype` = 0 LIMIT 1   [ RunTime:0.0010s ]
SQL: SELECT * FROM `suzhi_pos` WHERE `Posjoptype` = 0 ORDER BY Possort LIMIT 0,3   [ RunTime:0.0000s ]
INFO: [ view_parse ] --START--
NOTIC: [2] file_get_contents(./App/Juym_admin/View/Public/head.html) [<a href='function.file-get-contents'>function.file-get-contents</a>]: failed to open stream: No such file or directory C:\WWW\suzhi_php\ThinkPHP\Library\Think\Template.class.php 第 696 行.
NOTIC: [2] file_get_contents(./App/Juym_admin/View/Public/sidebar.html) [<a href='function.file-get-contents'>function.file-get-contents</a>]: failed to open stream: No such file or directory C:\WWW\suzhi_php\ThinkPHP\Library\Think\Template.class.php 第 696 行.
NOTIC: [2] file_get_contents(./App/Juym_admin/View/Public/footer.html) [<a href='function.file-get-contents'>function.file-get-contents</a>]: failed to open stream: No such file or directory C:\WWW\suzhi_php\ThinkPHP\Library\Think\Template.class.php 第 696 行.
INFO: [ template_filter ] --START--
INFO: Run Behavior\ContentReplaceBehavior [ RunTime:0.000000s ]
INFO: [ template_filter ] --END-- [ RunTime:0.000000s ]
INFO: Run Behavior\ParseTemplateBehavior [ RunTime:0.009766s ]
INFO: [ view_parse ] --END-- [ RunTime:0.009766s ]
INFO: [ view_filter ] --START--
INFO: Run Behavior\WriteHtmlCacheBehavior [ RunTime:0.000977s ]
INFO: [ view_filter ] --END-- [ RunTime:0.000977s ]
INFO: [ app_end ] --START--
INFO: Run Behavior\ShowPageTraceBehavior [ RunTime:0.000000s ]
INFO: [ app_end ] --END-- [ RunTime:0.000000s ]

[ 2016-12-30T23:28:45+08:00 ] 122.235.226.69 /index.php/Juym_admin/Optiment/tjlist
INFO: [ app_init ] --START--
INFO: Run Behavior\BuildLiteBehavior [ RunTime:0.000000s ]
INFO: [ app_init ] --END-- [ RunTime:0.000000s ]
INFO: [ app_begin ] --START--
INFO: Run Behavior\ReadHtmlCacheBehavior [ RunTime:0.000977s ]
INFO: [ app_begin ] --END-- [ RunTime:0.000977s ]
SQL: SHOW COLUMNS FROM `suzhi_pos` [ RunTime:0.0029s ]
SQL: SELECT * FROM `suzhi_pos` WHERE `Posjoptype` = 0  [ RunTime:0.0000s ]
SQL: SELECT COUNT(*) AS tp_count FROM `suzhi_pos` WHERE `Posjoptype` = 0 LIMIT 1   [ RunTime:0.0010s ]
SQL: SELECT * FROM `suzhi_pos` WHERE `Posjoptype` = 0 ORDER BY Possort LIMIT 0,3   [ RunTime:0.0010s ]
INFO: [ view_parse ] --START--
INFO: [ template_filter ] --START--
INFO: Run Behavior\ContentReplaceBehavior [ RunTime:0.000000s ]
INFO: [ template_filter ] --END-- [ RunTime:0.000000s ]
NOTIC: [8] Undefined variable: s_name C:\WWW\suzhi_php\App\Runtime\Cache\Juym_admin\188984ed4a31f46d97a3a4a89ff021dd.php 第 98 行.
NOTIC: [8] Undefined variable: c_name C:\WWW\suzhi_php\App\Runtime\Cache\Juym_admin\188984ed4a31f46d97a3a4a89ff021dd.php 第 98 行.
INFO: Run Behavior\ParseTemplateBehavior [ RunTime:0.012695s ]
INFO: [ view_parse ] --END-- [ RunTime:0.012695s ]
INFO: [ view_filter ] --START--
INFO: Run Behavior\WriteHtmlCacheBehavior [ RunTime:0.000977s ]
INFO: [ view_filter ] --END-- [ RunTime:0.000977s ]
INFO: [ app_end ] --START--
INFO: Run Behavior\ShowPageTraceBehavior [ RunTime:0.000977s ]
INFO: [ app_end ] --END-- [ RunTime:0.000977s ]

[ 2016-12-30T23:28:53+08:00 ] 122.235.226.69 /index.php/Juym_admin/Optiment/tjlist/id/0
INFO: [ app_init ] --START--
INFO: Run Behavior\BuildLiteBehavior [ RunTime:0.000000s ]
INFO: [ app_init ] --END-- [ RunTime:0.000977s ]
INFO: [ app_begin ] --START--
INFO: Run Behavior\ReadHtmlCacheBehavior [ RunTime:0.000976s ]
INFO: [ app_begin ] --END-- [ RunTime:0.000976s ]
SQL: SHOW COLUMNS FROM `suzhi_pos` [ RunTime:0.0020s ]
SQL: SELECT * FROM `suzhi_pos` WHERE `Posjoptype` = 0  [ RunTime:0.0000s ]
SQL: SELECT COUNT(*) AS tp_count FROM `suzhi_pos` WHERE `Posjoptype` = 0 LIMIT 1   [ RunTime:0.0010s ]
SQL: SELECT * FROM `suzhi_pos` WHERE `Posjoptype` = 0 ORDER BY Possort LIMIT 0,3   [ RunTime:0.0000s ]
INFO: [ view_parse ] --START--
INFO: [ template_filter ] --START--
INFO: Run Behavior\ContentReplaceBehavior [ RunTime:0.000977s ]
INFO: [ template_filter ] --END-- [ RunTime:0.000977s ]
NOTIC: [8] Undefined variable: s_name C:\WWW\suzhi_php\App\Runtime\Cache\Juym_admin\188984ed4a31f46d97a3a4a89ff021dd.php 第 98 行.
NOTIC: [8] Undefined variable: c_name C:\WWW\suzhi_php\App\Runtime\Cache\Juym_admin\188984ed4a31f46d97a3a4a89ff021dd.php 第 98 行.
INFO: Run Behavior\ParseTemplateBehavior [ RunTime:0.013672s ]
INFO: [ view_parse ] --END-- [ RunTime:0.013672s ]
INFO: [ view_filter ] --START--
INFO: Run Behavior\WriteHtmlCacheBehavior [ RunTime:0.000000s ]
INFO: [ view_filter ] --END-- [ RunTime:0.000000s ]
INFO: [ app_end ] --START--
INFO: Run Behavior\ShowPageTraceBehavior [ RunTime:0.000977s ]
INFO: [ app_end ] --END-- [ RunTime:0.000977s ]

[ 2016-12-30T23:28:55+08:00 ] 122.235.226.69 /index.php/Juym_admin/Optiment/addtjlist/id/0
INFO: [ app_init ] --START--
INFO: Run Behavior\BuildLiteBehavior [ RunTime:0.000000s ]
INFO: [ app_init ] --END-- [ RunTime:0.000000s ]
INFO: [ app_begin ] --START--
INFO: Run Behavior\ReadHtmlCacheBehavior [ RunTime:0.000976s ]
INFO: [ app_begin ] --END-- [ RunTime:0.000976s ]
INFO: [ view_parse ] --START--
INFO: [ template_filter ] --START--
INFO: Run Behavior\ContentReplaceBehavior [ RunTime:0.000000s ]
INFO: [ template_filter ] --END-- [ RunTime:0.000000s ]
NOTIC: [8] Undefined variable: s_name C:\WWW\suzhi_php\App\Runtime\Cache\Juym_admin\b460005a96dd4e45fb483928ebb8793c.php 第 98 行.
NOTIC: [8] Undefined variable: c_name C:\WWW\suzhi_php\App\Runtime\Cache\Juym_admin\b460005a96dd4e45fb483928ebb8793c.php 第 98 行.
INFO: Run Behavior\ParseTemplateBehavior [ RunTime:0.011719s ]
INFO: [ view_parse ] --END-- [ RunTime:0.011719s ]
INFO: [ view_filter ] --START--
INFO: Run Behavior\WriteHtmlCacheBehavior [ RunTime:0.000000s ]
INFO: [ view_filter ] --END-- [ RunTime:0.000000s ]
INFO: [ app_end ] --START--
INFO: Run Behavior\ShowPageTraceBehavior [ RunTime:0.000000s ]
INFO: [ app_end ] --END-- [ RunTime:0.000000s ]

[ 2016-12-30T23:29:08+08:00 ] 122.235.226.69 /index.php/Juym_admin/Optiment/dotjlist
INFO: [ app_init ] --START--
INFO: Run Behavior\BuildLiteBehavior [ RunTime:0.000000s ]
INFO: [ app_init ] --END-- [ RunTime:0.000000s ]
INFO: [ app_begin ] --START--
INFO: Run Behavior\ReadHtmlCacheBehavior [ RunTime:0.000976s ]
INFO: [ app_begin ] --END-- [ RunTime:0.000976s ]
SQL: SHOW COLUMNS FROM `suzhi_pos` [ RunTime:0.0020s ]
SQL: INSERT INTO `suzhi_pos` (`PosName`,`Possort`,`Posjoptype`,`Poshot`) VALUES ('兼职1','1','0','0') [ RunTime:0.0000s ]

[ 2016-12-30T23:29:09+08:00 ] 122.235.226.69 /index.php/Juym_admin/Optiment/tjlist/id/0
INFO: [ app_init ] --START--
INFO: Run Behavior\BuildLiteBehavior [ RunTime:0.000000s ]
INFO: [ app_init ] --END-- [ RunTime:0.000000s ]
INFO: [ app_begin ] --START--
INFO: Run Behavior\ReadHtmlCacheBehavior [ RunTime:0.000977s ]
INFO: [ app_begin ] --END-- [ RunTime:0.000977s ]
SQL: SHOW COLUMNS FROM `suzhi_pos` [ RunTime:0.0020s ]
SQL: SELECT * FROM `suzhi_pos` WHERE `Posjoptype` = 0  [ RunTime:0.0010s ]
SQL: SELECT COUNT(*) AS tp_count FROM `suzhi_pos` WHERE `Posjoptype` = 0 LIMIT 1   [ RunTime:0.0000s ]
SQL: SELECT * FROM `suzhi_pos` WHERE `Posjoptype` = 0 ORDER BY Possort LIMIT 0,3   [ RunTime:0.0000s ]
INFO: [ view_parse ] --START--
INFO: [ template_filter ] --START--
INFO: Run Behavior\ContentReplaceBehavior [ RunTime:0.000000s ]
INFO: [ template_filter ] --END-- [ RunTime:0.000977s ]
NOTIC: [8] Undefined variable: s_name C:\WWW\suzhi_php\App\Runtime\Cache\Juym_admin\188984ed4a31f46d97a3a4a89ff021dd.php 第 98 行.
NOTIC: [8] Undefined variable: c_name C:\WWW\suzhi_php\App\Runtime\Cache\Juym_admin\188984ed4a31f46d97a3a4a89ff021dd.php 第 98 行.
NOTIC: [8] Use of undefined constant id - assumed 'id' C:\WWW\suzhi_php\App\Runtime\Cache\Juym_admin\188984ed4a31f46d97a3a4a89ff021dd.php 第 195 行.
NOTIC: [8] Undefined index: id C:\WWW\suzhi_php\App\Runtime\Cache\Juym_admin\188984ed4a31f46d97a3a4a89ff021dd.php 第 196 行.
NOTIC: [8] Use of undefined constant id - assumed 'id' C:\WWW\suzhi_php\App\Runtime\Cache\Juym_admin\188984ed4a31f46d97a3a4a89ff021dd.php 第 196 行.
INFO: Run Behavior\ParseTemplateBehavior [ RunTime:0.013673s ]
INFO: [ view_parse ] --END-- [ RunTime:0.013673s ]
INFO: [ view_filter ] --START--
INFO: Run Behavior\WriteHtmlCacheBehavior [ RunTime:0.000976s ]
INFO: [ view_filter ] --END-- [ RunTime:0.000976s ]
INFO: [ app_end ] --START--
INFO: Run Behavior\ShowPageTraceBehavior [ RunTime:0.000977s ]
INFO: [ app_end ] --END-- [ RunTime:0.000977s ]

[ 2016-12-30T23:29:12+08:00 ] 122.235.226.69 /index.php/Juym_admin/Optiment/addtjlist/id/0
INFO: [ app_init ] --START--
INFO: Run Behavior\BuildLiteBehavior [ RunTime:0.000000s ]
INFO: [ app_init ] --END-- [ RunTime:0.000976s ]
INFO: [ app_begin ] --START--
INFO: Run Behavior\ReadHtmlCacheBehavior [ RunTime:0.000976s ]
INFO: [ app_begin ] --END-- [ RunTime:0.000976s ]
INFO: [ view_parse ] --START--
INFO: [ template_filter ] --START--
INFO: Run Behavior\ContentReplaceBehavior [ RunTime:0.000000s ]
INFO: [ template_filter ] --END-- [ RunTime:0.000977s ]
NOTIC: [8] Undefined variable: s_name C:\WWW\suzhi_php\App\Runtime\Cache\Juym_admin\b460005a96dd4e45fb483928ebb8793c.php 第 98 行.
NOTIC: [8] Undefined variable: c_name C:\WWW\suzhi_php\App\Runtime\Cache\Juym_admin\b460005a96dd4e45fb483928ebb8793c.php 第 98 行.
INFO: Run Behavior\ParseTemplateBehavior [ RunTime:0.010743s ]
INFO: [ view_parse ] --END-- [ RunTime:0.010743s ]
INFO: [ view_filter ] --START--
INFO: Run Behavior\WriteHtmlCacheBehavior [ RunTime:0.000000s ]
INFO: [ view_filter ] --END-- [ RunTime:0.000976s ]
INFO: [ app_end ] --START--
INFO: Run Behavior\ShowPageTraceBehavior [ RunTime:0.000977s ]
INFO: [ app_end ] --END-- [ RunTime:0.000977s ]

[ 2016-12-30T23:29:21+08:00 ] 122.235.226.69 /index.php/Juym_admin/Optiment/dotjlist
INFO: [ app_init ] --START--
INFO: Run Behavior\BuildLiteBehavior [ RunTime:0.000000s ]
INFO: [ app_init ] --END-- [ RunTime:0.000976s ]
INFO: [ app_begin ] --START--
INFO: Run Behavior\ReadHtmlCacheBehavior [ RunTime:0.000976s ]
INFO: [ app_begin ] --END-- [ RunTime:0.000976s ]
SQL: SHOW COLUMNS FROM `suzhi_pos` [ RunTime:0.0029s ]
ERR: 1062:Duplicate entry '0' for key 'PRIMARY'
 [ SQL语句 ] : INSERT INTO `suzhi_pos` (`PosName`,`Possort`,`Posjoptype`,`Poshot`) VALUES ('兼职','0','0','0')
ERR: 1062:Duplicate entry '0' for key 'PRIMARY'
 [ SQL语句 ] : INSERT INTO `suzhi_pos` (`PosName`,`Possort`,`Posjoptype`,`Poshot`) VALUES ('兼职','0','0','0')

[ 2016-12-30T23:29:36+08:00 ] 122.235.226.69 /index.php/Juym_admin/Optiment/dotjlist
INFO: [ app_init ] --START--
INFO: Run Behavior\BuildLiteBehavior [ RunTime:0.000000s ]
INFO: [ app_init ] --END-- [ RunTime:0.000000s ]
INFO: [ app_begin ] --START--
INFO: Run Behavior\ReadHtmlCacheBehavior [ RunTime:0.000977s ]
INFO: [ app_begin ] --END-- [ RunTime:0.000977s ]
SQL: SHOW COLUMNS FROM `suzhi_pos` [ RunTime:0.0029s ]
ERR: 1062:Duplicate entry '0' for key 'PRIMARY'
 [ SQL语句 ] : INSERT INTO `suzhi_pos` (`PosName`,`Possort`,`Posjoptype`,`Poshot`) VALUES ('兼职','0','0','0')
ERR: 1062:Duplicate entry '0' for key 'PRIMARY'
 [ SQL语句 ] : INSERT INTO `suzhi_pos` (`PosName`,`Possort`,`Posjoptype`,`Poshot`) VALUES ('兼职','0','0','0')

[ 2016-12-30T23:29:43+08:00 ] 122.235.226.69 /index.php/Juym_admin/Optiment/dotjlist
INFO: [ app_init ] --START--
INFO: Run Behavior\BuildLiteBehavior [ RunTime:0.000000s ]
INFO: [ app_init ] --END-- [ RunTime:0.000000s ]
INFO: [ app_begin ] --START--
INFO: Run Behavior\ReadHtmlCacheBehavior [ RunTime:0.000000s ]
INFO: [ app_begin ] --END-- [ RunTime:0.000000s ]
SQL: SHOW COLUMNS FROM `suzhi_pos` [ RunTime:0.0020s ]
ERR: 1062:Duplicate entry '0' for key 'PRIMARY'
 [ SQL语句 ] : INSERT INTO `suzhi_pos` (`PosName`,`Possort`,`Posjoptype`,`Poshot`) VALUES ('兼职','0','0','1')
ERR: 1062:Duplicate entry '0' for key 'PRIMARY'
 [ SQL语句 ] : INSERT INTO `suzhi_pos` (`PosName`,`Possort`,`Posjoptype`,`Poshot`) VALUES ('兼职','0','0','1')

[ 2016-12-30T23:29:50+08:00 ] 122.235.226.69 /index.php/Juym_admin/Optiment/dotjlist
INFO: [ app_init ] --START--
INFO: Run Behavior\BuildLiteBehavior [ RunTime:0.000000s ]
INFO: [ app_init ] --END-- [ RunTime:0.000977s ]
INFO: [ app_begin ] --START--
INFO: Run Behavior\ReadHtmlCacheBehavior [ RunTime:0.000977s ]
INFO: [ app_begin ] --END-- [ RunTime:0.000977s ]
SQL: SHOW COLUMNS FROM `suzhi_pos` [ RunTime:0.0029s ]
ERR: 1062:Duplicate entry '0' for key 'PRIMARY'
 [ SQL语句 ] : INSERT INTO `suzhi_pos` (`PosName`,`Possort`,`Posjoptype`,`Poshot`) VALUES ('兼职','0','0','1')
ERR: 1062:Duplicate entry '0' for key 'PRIMARY'
 [ SQL语句 ] : INSERT INTO `suzhi_pos` (`PosName`,`Possort`,`Posjoptype`,`Poshot`) VALUES ('兼职','0','0','1')

[ 2016-12-30T23:29:54+08:00 ] 122.235.226.69 /index.php/Juym_admin/Optiment/dotjlist
INFO: [ app_init ] --START--
INFO: Run Behavior\BuildLiteBehavior [ RunTime:0.000000s ]
INFO: [ app_init ] --END-- [ RunTime:0.000976s ]
INFO: [ app_begin ] --START--
INFO: Run Behavior\ReadHtmlCacheBehavior [ RunTime:0.000976s ]
INFO: [ app_begin ] --END-- [ RunTime:0.000976s ]
SQL: SHOW COLUMNS FROM `suzhi_pos` [ RunTime:0.0029s ]
ERR: 1062:Duplicate entry '0' for key 'PRIMARY'
 [ SQL语句 ] : INSERT INTO `suzhi_pos` (`PosName`,`Possort`,`Posjoptype`,`Poshot`) VALUES ('兼职','0','0','1')
ERR: 1062:Duplicate entry '0' for key 'PRIMARY'
 [ SQL语句 ] : INSERT INTO `suzhi_pos` (`PosName`,`Possort`,`Posjoptype`,`Poshot`) VALUES ('兼职','0','0','1')

[ 2016-12-30T23:30:09+08:00 ] 122.235.226.69 /index.php/Juym_admin/Optiment/dotjlist
INFO: [ app_init ] --START--
INFO: Run Behavior\BuildLiteBehavior [ RunTime:0.000000s ]
INFO: [ app_init ] --END-- [ RunTime:0.000976s ]
INFO: [ app_begin ] --START--
INFO: Run Behavior\ReadHtmlCacheBehavior [ RunTime:0.000977s ]
INFO: [ app_begin ] --END-- [ RunTime:0.000977s ]
SQL: SHOW COLUMNS FROM `suzhi_pos` [ RunTime:0.0029s ]
SQL: INSERT INTO `suzhi_pos` (`PosName`,`Possort`,`Posjoptype`,`Poshot`) VALUES ('兼职','0','0','1') [ RunTime:0.0000s ]

[ 2016-12-30T23:30:10+08:00 ] 122.235.226.69 /index.php/Juym_admin/Optiment/tjlist/id/0
INFO: [ app_init ] --START--
INFO: Run Behavior\BuildLiteBehavior [ RunTime:0.000000s ]
INFO: [ app_init ] --END-- [ RunTime:0.000000s ]
INFO: [ app_begin ] --START--
INFO: Run Behavior\ReadHtmlCacheBehavior [ RunTime:0.000000s ]
INFO: [ app_begin ] --END-- [ RunTime:0.000977s ]
SQL: SHOW COLUMNS FROM `suzhi_pos` [ RunTime:0.0029s ]
SQL: SELECT * FROM `suzhi_pos` WHERE `Posjoptype` = 0  [ RunTime:0.0000s ]
SQL: SELECT COUNT(*) AS tp_count FROM `suzhi_pos` WHERE `Posjoptype` = 0 LIMIT 1   [ RunTime:0.0000s ]
SQL: SELECT * FROM `suzhi_pos` WHERE `Posjoptype` = 0 ORDER BY Possort LIMIT 0,3   [ RunTime:0.0000s ]
INFO: [ view_parse ] --START--
INFO: [ template_filter ] --START--
INFO: Run Behavior\ContentReplaceBehavior [ RunTime:0.000000s ]
INFO: [ template_filter ] --END-- [ RunTime:0.000000s ]
NOTIC: [8] Undefined variable: s_name C:\WWW\suzhi_php\App\Runtime\Cache\Juym_admin\188984ed4a31f46d97a3a4a89ff021dd.php 第 98 行.
NOTIC: [8] Undefined variable: c_name C:\WWW\suzhi_php\App\Runtime\Cache\Juym_admin\188984ed4a31f46d97a3a4a89ff021dd.php 第 98 行.
NOTIC: [8] Use of undefined constant id - assumed 'id' C:\WWW\suzhi_php\App\Runtime\Cache\Juym_admin\188984ed4a31f46d97a3a4a89ff021dd.php 第 195 行.
NOTIC: [8] Undefined index: id C:\WWW\suzhi_php\App\Runtime\Cache\Juym_admin\188984ed4a31f46d97a3a4a89ff021dd.php 第 196 行.
NOTIC: [8] Use of undefined constant id - assumed 'id' C:\WWW\suzhi_php\App\Runtime\Cache\Juym_admin\188984ed4a31f46d97a3a4a89ff021dd.php 第 196 行.
NOTIC: [8] Use of undefined constant id - assumed 'id' C:\WWW\suzhi_php\App\Runtime\Cache\Juym_admin\188984ed4a31f46d97a3a4a89ff021dd.php 第 195 行.
NOTIC: [8] Undefined index: id C:\WWW\suzhi_php\App\Runtime\Cache\Juym_admin\188984ed4a31f46d97a3a4a89ff021dd.php 第 196 行.
NOTIC: [8] Use of undefined constant id - assumed 'id' C:\WWW\suzhi_php\App\Runtime\Cache\Juym_admin\188984ed4a31f46d97a3a4a89ff021dd.php 第 196 行.
INFO: Run Behavior\ParseTemplateBehavior [ RunTime:0.026368s ]
INFO: [ view_parse ] --END-- [ RunTime:0.026368s ]
INFO: [ view_filter ] --START--
INFO: Run Behavior\WriteHtmlCacheBehavior [ RunTime:0.000977s ]
INFO: [ view_filter ] --END-- [ RunTime:0.000977s ]
INFO: [ app_end ] --START--
INFO: Run Behavior\ShowPageTraceBehavior [ RunTime:0.000977s ]
INFO: [ app_end ] --END-- [ RunTime:0.000977s ]

[ 2016-12-30T23:30:18+08:00 ] 122.235.226.69 /index.php/Juym_admin/Optiment/addtjlist/id/0
INFO: [ app_init ] --START--
INFO: Run Behavior\BuildLiteBehavior [ RunTime:0.000000s ]
INFO: [ app_init ] --END-- [ RunTime:0.000976s ]
INFO: [ app_begin ] --START--
INFO: Run Behavior\ReadHtmlCacheBehavior [ RunTime:0.000000s ]
INFO: [ app_begin ] --END-- [ RunTime:0.000000s ]
INFO: [ view_parse ] --START--
INFO: [ template_filter ] --START--
INFO: Run Behavior\ContentReplaceBehavior [ RunTime:0.000000s ]
INFO: [ template_filter ] --END-- [ RunTime:0.000000s ]
NOTIC: [8] Undefined variable: s_name C:\WWW\suzhi_php\App\Runtime\Cache\Juym_admin\b460005a96dd4e45fb483928ebb8793c.php 第 98 行.
NOTIC: [8] Undefined variable: c_name C:\WWW\suzhi_php\App\Runtime\Cache\Juym_admin\b460005a96dd4e45fb483928ebb8793c.php 第 98 行.
INFO: Run Behavior\ParseTemplateBehavior [ RunTime:0.011719s ]
INFO: [ view_parse ] --END-- [ RunTime:0.011719s ]
INFO: [ view_filter ] --START--
INFO: Run Behavior\WriteHtmlCacheBehavior [ RunTime:0.000000s ]
INFO: [ view_filter ] --END-- [ RunTime:0.000000s ]
INFO: [ app_end ] --START--
INFO: Run Behavior\ShowPageTraceBehavior [ RunTime:0.000977s ]
INFO: [ app_end ] --END-- [ RunTime:0.000977s ]

[ 2016-12-30T23:30:27+08:00 ] 122.235.226.69 /index.php/Juym_admin/Optiment/dotjlist
INFO: [ app_init ] --START--
INFO: Run Behavior\BuildLiteBehavior [ RunTime:0.000000s ]
INFO: [ app_init ] --END-- [ RunTime:0.000000s ]
INFO: [ app_begin ] --START--
INFO: Run Behavior\ReadHtmlCacheBehavior [ RunTime:0.000000s ]
INFO: [ app_begin ] --END-- [ RunTime:0.000000s ]
SQL: SHOW COLUMNS FROM `suzhi_pos` [ RunTime:0.0049s ]
SQL: INSERT INTO `suzhi_pos` (`PosName`,`Possort`,`Posjoptype`,`Poshot`) VALUES ('兼职3','0','0','1') [ RunTime:0.0000s ]

[ 2016-12-30T23:30:29+08:00 ] 122.235.226.69 /index.php/Juym_admin/Optiment/tjlist/id/0
INFO: [ app_init ] --START--
INFO: Run Behavior\BuildLiteBehavior [ RunTime:0.000000s ]
INFO: [ app_init ] --END-- [ RunTime:0.000976s ]
INFO: [ app_begin ] --START--
INFO: Run Behavior\ReadHtmlCacheBehavior [ RunTime:0.000000s ]
INFO: [ app_begin ] --END-- [ RunTime:0.000000s ]
SQL: SHOW COLUMNS FROM `suzhi_pos` [ RunTime:0.0020s ]
SQL: SELECT * FROM `suzhi_pos` WHERE `Posjoptype` = 0  [ RunTime:0.0010s ]
SQL: SELECT COUNT(*) AS tp_count FROM `suzhi_pos` WHERE `Posjoptype` = 0 LIMIT 1   [ RunTime:0.0000s ]
SQL: SELECT * FROM `suzhi_pos` WHERE `Posjoptype` = 0 ORDER BY Possort LIMIT 0,3   [ RunTime:0.0000s ]
INFO: [ view_parse ] --START--
INFO: [ template_filter ] --START--
INFO: Run Behavior\ContentReplaceBehavior [ RunTime:0.000976s ]
INFO: [ template_filter ] --END-- [ RunTime:0.000976s ]
NOTIC: [8] Undefined variable: s_name C:\WWW\suzhi_php\App\Runtime\Cache\Juym_admin\188984ed4a31f46d97a3a4a89ff021dd.php 第 98 行.
NOTIC: [8] Undefined variable: c_name C:\WWW\suzhi_php\App\Runtime\Cache\Juym_admin\188984ed4a31f46d97a3a4a89ff021dd.php 第 98 行.
NOTIC: [8] Use of undefined constant id - assumed 'id' C:\WWW\suzhi_php\App\Runtime\Cache\Juym_admin\188984ed4a31f46d97a3a4a89ff021dd.php 第 195 行.
NOTIC: [8] Undefined index: id C:\WWW\suzhi_php\App\Runtime\Cache\Juym_admin\188984ed4a31f46d97a3a4a89ff021dd.php 第 196 行.
NOTIC: [8] Use of undefined constant id - assumed 'id' C:\WWW\suzhi_php\App\Runtime\Cache\Juym_admin\188984ed4a31f46d97a3a4a89ff021dd.php 第 196 行.
NOTIC: [8] Use of undefined constant id - assumed 'id' C:\WWW\suzhi_php\App\Runtime\Cache\Juym_admin\188984ed4a31f46d97a3a4a89ff021dd.php 第 195 行.
NOTIC: [8] Undefined index: id C:\WWW\suzhi_php\App\Runtime\Cache\Juym_admin\188984ed4a31f46d97a3a4a89ff021dd.php 第 196 行.
NOTIC: [8] Use of undefined constant id - assumed 'id' C:\WWW\suzhi_php\App\Runtime\Cache\Juym_admin\188984ed4a31f46d97a3a4a89ff021dd.php 第 196 行.
NOTIC: [8] Use of undefined constant id - assumed 'id' C:\WWW\suzhi_php\App\Runtime\Cache\Juym_admin\188984ed4a31f46d97a3a4a89ff021dd.php 第 195 行.
NOTIC: [8] Undefined index: id C:\WWW\suzhi_php\App\Runtime\Cache\Juym_admin\188984ed4a31f46d97a3a4a89ff021dd.php 第 196 行.
NOTIC: [8] Use of undefined constant id - assumed 'id' C:\WWW\suzhi_php\App\Runtime\Cache\Juym_admin\188984ed4a31f46d97a3a4a89ff021dd.php 第 196 行.
INFO: Run Behavior\ParseTemplateBehavior [ RunTime:0.012695s ]
INFO: [ view_parse ] --END-- [ RunTime:0.012695s ]
INFO: [ view_filter ] --START--
INFO: Run Behavior\WriteHtmlCacheBehavior [ RunTime:0.000977s ]
INFO: [ view_filter ] --END-- [ RunTime:0.000977s ]
INFO: [ app_end ] --START--
INFO: Run Behavior\ShowPageTraceBehavior [ RunTime:0.000000s ]
INFO: [ app_end ] --END-- [ RunTime:0.000977s ]

[ 2016-12-30T23:30:32+08:00 ] 122.235.226.69 /index.php/Juym_admin/Optiment/sxlist/id/1
INFO: [ app_init ] --START--
INFO: Run Behavior\BuildLiteBehavior [ RunTime:0.000000s ]
INFO: [ app_init ] --END-- [ RunTime:0.000976s ]
INFO: [ app_begin ] --START--
INFO: Run Behavior\ReadHtmlCacheBehavior [ RunTime:0.000977s ]
INFO: [ app_begin ] --END-- [ RunTime:0.000977s ]
SQL: SHOW COLUMNS FROM `suzhi_pos` [ RunTime:0.0029s ]
SQL: SELECT * FROM `suzhi_pos` WHERE `Posjoptype` = 1  [ RunTime:0.0000s ]
SQL: SELECT COUNT(*) AS tp_count FROM `suzhi_pos` WHERE `Posjoptype` = 1 LIMIT 1   [ RunTime:0.0000s ]
SQL: SELECT * FROM `suzhi_pos` WHERE `Posjoptype` = 1 ORDER BY Possort LIMIT 0,3   [ RunTime:0.0000s ]
INFO: [ view_parse ] --START--
INFO: [ template_filter ] --START--
INFO: Run Behavior\ContentReplaceBehavior [ RunTime:0.000000s ]
INFO: [ template_filter ] --END-- [ RunTime:0.000000s ]
NOTIC: [8] Undefined variable: s_name C:\WWW\suzhi_php\App\Runtime\Cache\Juym_admin\488890c3c1b9a0112318ba1881250c26.php 第 98 行.
NOTIC: [8] Undefined variable: c_name C:\WWW\suzhi_php\App\Runtime\Cache\Juym_admin\488890c3c1b9a0112318ba1881250c26.php 第 98 行.
INFO: Run Behavior\ParseTemplateBehavior [ RunTime:0.015626s ]
INFO: [ view_parse ] --END-- [ RunTime:0.016602s ]
INFO: [ view_filter ] --START--
INFO: Run Behavior\WriteHtmlCacheBehavior [ RunTime:0.000976s ]
INFO: [ view_filter ] --END-- [ RunTime:0.000976s ]
INFO: [ app_end ] --START--
INFO: Run Behavior\ShowPageTraceBehavior [ RunTime:0.000977s ]
INFO: [ app_end ] --END-- [ RunTime:0.000977s ]

[ 2016-12-30T23:30:33+08:00 ] 122.235.226.69 /index.php/Juym_admin/Optiment/addsxlist/id/0
INFO: [ app_init ] --START--
INFO: Run Behavior\BuildLiteBehavior [ RunTime:0.000000s ]
INFO: [ app_init ] --END-- [ RunTime:0.000000s ]
INFO: [ app_begin ] --START--
INFO: Run Behavior\ReadHtmlCacheBehavior [ RunTime:0.000977s ]
INFO: [ app_begin ] --END-- [ RunTime:0.000977s ]
INFO: [ view_parse ] --START--
INFO: [ template_filter ] --START--
INFO: Run Behavior\ContentReplaceBehavior [ RunTime:0.000000s ]
INFO: [ template_filter ] --END-- [ RunTime:0.000000s ]
NOTIC: [8] Undefined variable: s_name C:\WWW\suzhi_php\App\Runtime\Cache\Juym_admin\9fe271514d6e9591716eff7340db6be6.php 第 98 行.
NOTIC: [8] Undefined variable: c_name C:\WWW\suzhi_php\App\Runtime\Cache\Juym_admin\9fe271514d6e9591716eff7340db6be6.php 第 98 行.
INFO: Run Behavior\ParseTemplateBehavior [ RunTime:0.012696s ]
INFO: [ view_parse ] --END-- [ RunTime:0.012696s ]
INFO: [ view_filter ] --START--
INFO: Run Behavior\WriteHtmlCacheBehavior [ RunTime:0.000000s ]
INFO: [ view_filter ] --END-- [ RunTime:0.000977s ]
INFO: [ app_end ] --START--
INFO: Run Behavior\ShowPageTraceBehavior [ RunTime:0.000000s ]
INFO: [ app_end ] --END-- [ RunTime:0.000000s ]

[ 2016-12-30T23:30:40+08:00 ] 122.235.226.69 /index.php/Juym_admin/Optiment/dosxlist
INFO: [ app_init ] --START--
INFO: Run Behavior\BuildLiteBehavior [ RunTime:0.000000s ]
INFO: [ app_init ] --END-- [ RunTime:0.000976s ]
INFO: [ app_begin ] --START--
INFO: Run Behavior\ReadHtmlCacheBehavior [ RunTime:0.000000s ]
INFO: [ app_begin ] --END-- [ RunTime:0.000000s ]
SQL: SHOW COLUMNS FROM `suzhi_pos` [ RunTime:0.0020s ]
SQL: INSERT INTO `suzhi_pos` (`PosName`,`Possort`,`Posjoptype`,`Poshot`) VALUES ('实习1','1','1','1') [ RunTime:0.0010s ]

[ 2016-12-30T23:30:41+08:00 ] 122.235.226.69 /index.php/Juym_admin/Optiment/sxlist/id/1
INFO: [ app_init ] --START--
INFO: Run Behavior\BuildLiteBehavior [ RunTime:0.000000s ]
INFO: [ app_init ] --END-- [ RunTime:0.000000s ]
INFO: [ app_begin ] --START--
INFO: Run Behavior\ReadHtmlCacheBehavior [ RunTime:0.000000s ]
INFO: [ app_begin ] --END-- [ RunTime:0.000977s ]
SQL: SHOW COLUMNS FROM `suzhi_pos` [ RunTime:0.0020s ]
SQL: SELECT * FROM `suzhi_pos` WHERE `Posjoptype` = 1  [ RunTime:0.0000s ]
SQL: SELECT COUNT(*) AS tp_count FROM `suzhi_pos` WHERE `Posjoptype` = 1 LIMIT 1   [ RunTime:0.0010s ]
SQL: SELECT * FROM `suzhi_pos` WHERE `Posjoptype` = 1 ORDER BY Possort LIMIT 0,3   [ RunTime:0.0000s ]
INFO: [ view_parse ] --START--
INFO: [ template_filter ] --START--
INFO: Run Behavior\ContentReplaceBehavior [ RunTime:0.000000s ]
INFO: [ template_filter ] --END-- [ RunTime:0.000000s ]
NOTIC: [8] Undefined variable: s_name C:\WWW\suzhi_php\App\Runtime\Cache\Juym_admin\488890c3c1b9a0112318ba1881250c26.php 第 98 行.
NOTIC: [8] Undefined variable: c_name C:\WWW\suzhi_php\App\Runtime\Cache\Juym_admin\488890c3c1b9a0112318ba1881250c26.php 第 98 行.
NOTIC: [8] Use of undefined constant id - assumed 'id' C:\WWW\suzhi_php\App\Runtime\Cache\Juym_admin\488890c3c1b9a0112318ba1881250c26.php 第 195 行.
NOTIC: [8] Undefined index: id C:\WWW\suzhi_php\App\Runtime\Cache\Juym_admin\488890c3c1b9a0112318ba1881250c26.php 第 196 行.
NOTIC: [8] Use of undefined constant id - assumed 'id' C:\WWW\suzhi_php\App\Runtime\Cache\Juym_admin\488890c3c1b9a0112318ba1881250c26.php 第 196 行.
INFO: Run Behavior\ParseTemplateBehavior [ RunTime:0.017578s ]
INFO: [ view_parse ] --END-- [ RunTime:0.017578s ]
INFO: [ view_filter ] --START--
INFO: Run Behavior\WriteHtmlCacheBehavior [ RunTime:0.000000s ]
INFO: [ view_filter ] --END-- [ RunTime:0.000000s ]
INFO: [ app_end ] --START--
INFO: Run Behavior\ShowPageTraceBehavior [ RunTime:0.000977s ]
INFO: [ app_end ] --END-- [ RunTime:0.000977s ]

[ 2016-12-30T23:30:43+08:00 ] 122.235.226.69 /index.php/Juym_admin/Optiment/addsxlist/id/0
INFO: [ app_init ] --START--
INFO: Run Behavior\BuildLiteBehavior [ RunTime:0.000000s ]
INFO: [ app_init ] --END-- [ RunTime:0.000000s ]
INFO: [ app_begin ] --START--
INFO: Run Behavior\ReadHtmlCacheBehavior [ RunTime:0.000976s ]
INFO: [ app_begin ] --END-- [ RunTime:0.000976s ]
INFO: [ view_parse ] --START--
INFO: [ template_filter ] --START--
INFO: Run Behavior\ContentReplaceBehavior [ RunTime:0.000977s ]
INFO: [ template_filter ] --END-- [ RunTime:0.000977s ]
NOTIC: [8] Undefined variable: s_name C:\WWW\suzhi_php\App\Runtime\Cache\Juym_admin\9fe271514d6e9591716eff7340db6be6.php 第 98 行.
NOTIC: [8] Undefined variable: c_name C:\WWW\suzhi_php\App\Runtime\Cache\Juym_admin\9fe271514d6e9591716eff7340db6be6.php 第 98 行.
INFO: Run Behavior\ParseTemplateBehavior [ RunTime:0.011719s ]
INFO: [ view_parse ] --END-- [ RunTime:0.011719s ]
INFO: [ view_filter ] --START--
INFO: Run Behavior\WriteHtmlCacheBehavior [ RunTime:0.000000s ]
INFO: [ view_filter ] --END-- [ RunTime:0.000000s ]
INFO: [ app_end ] --START--
INFO: Run Behavior\ShowPageTraceBehavior [ RunTime:0.000977s ]
INFO: [ app_end ] --END-- [ RunTime:0.000977s ]

[ 2016-12-30T23:30:49+08:00 ] 122.235.226.69 /index.php/Juym_admin/Optiment/dosxlist
INFO: [ app_init ] --START--
INFO: Run Behavior\BuildLiteBehavior [ RunTime:0.000000s ]
INFO: [ app_init ] --END-- [ RunTime:0.000000s ]
INFO: [ app_begin ] --START--
INFO: Run Behavior\ReadHtmlCacheBehavior [ RunTime:0.000000s ]
INFO: [ app_begin ] --END-- [ RunTime:0.000000s ]
SQL: SHOW COLUMNS FROM `suzhi_pos` [ RunTime:0.0020s ]
SQL: INSERT INTO `suzhi_pos` (`PosName`,`Possort`,`Posjoptype`,`Poshot`) VALUES ('实习2','123','1','1') [ RunTime:0.0000s ]

[ 2016-12-30T23:30:50+08:00 ] 122.235.226.69 /index.php/Juym_admin/Optiment/sxlist/id/1
INFO: [ app_init ] --START--
INFO: Run Behavior\BuildLiteBehavior [ RunTime:0.000000s ]
INFO: [ app_init ] --END-- [ RunTime:0.000976s ]
INFO: [ app_begin ] --START--
INFO: Run Behavior\ReadHtmlCacheBehavior [ RunTime:0.000000s ]
INFO: [ app_begin ] --END-- [ RunTime:0.000000s ]
SQL: SHOW COLUMNS FROM `suzhi_pos` [ RunTime:0.0029s ]
SQL: SELECT * FROM `suzhi_pos` WHERE `Posjoptype` = 1  [ RunTime:0.0010s ]
SQL: SELECT COUNT(*) AS tp_count FROM `suzhi_pos` WHERE `Posjoptype` = 1 LIMIT 1   [ RunTime:0.0000s ]
SQL: SELECT * FROM `suzhi_pos` WHERE `Posjoptype` = 1 ORDER BY Possort LIMIT 0,3   [ RunTime:0.0010s ]
INFO: [ view_parse ] --START--
INFO: [ template_filter ] --START--
INFO: Run Behavior\ContentReplaceBehavior [ RunTime:0.000000s ]
INFO: [ template_filter ] --END-- [ RunTime:0.000000s ]
NOTIC: [8] Undefined variable: s_name C:\WWW\suzhi_php\App\Runtime\Cache\Juym_admin\488890c3c1b9a0112318ba1881250c26.php 第 98 行.
NOTIC: [8] Undefined variable: c_name C:\WWW\suzhi_php\App\Runtime\Cache\Juym_admin\488890c3c1b9a0112318ba1881250c26.php 第 98 行.
NOTIC: [8] Use of undefined constant id - assumed 'id' C:\WWW\suzhi_php\App\Runtime\Cache\Juym_admin\488890c3c1b9a0112318ba1881250c26.php 第 195 行.
NOTIC: [8] Undefined index: id C:\WWW\suzhi_php\App\Runtime\Cache\Juym_admin\488890c3c1b9a0112318ba1881250c26.php 第 196 行.
NOTIC: [8] Use of undefined constant id - assumed 'id' C:\WWW\suzhi_php\App\Runtime\Cache\Juym_admin\488890c3c1b9a0112318ba1881250c26.php 第 196 行.
NOTIC: [8] Use of undefined constant id - assumed 'id' C:\WWW\suzhi_php\App\Runtime\Cache\Juym_admin\488890c3c1b9a0112318ba1881250c26.php 第 195 行.
NOTIC: [8] Undefined index: id C:\WWW\suzhi_php\App\Runtime\Cache\Juym_admin\488890c3c1b9a0112318ba1881250c26.php 第 196 行.
NOTIC: [8] Use of undefined constant id - assumed 'id' C:\WWW\suzhi_php\App\Runtime\Cache\Juym_admin\488890c3c1b9a0112318ba1881250c26.php 第 196 行.
INFO: Run Behavior\ParseTemplateBehavior [ RunTime:0.013673s ]
INFO: [ view_parse ] --END-- [ RunTime:0.013673s ]
INFO: [ view_filter ] --START--
INFO: Run Behavior\WriteHtmlCacheBehavior [ RunTime:0.000000s ]
INFO: [ view_filter ] --END-- [ RunTime:0.000000s ]
INFO: [ app_end ] --START--
INFO: Run Behavior\ShowPageTraceBehavior [ RunTime:0.000000s ]
INFO: [ app_end ] --END-- [ RunTime:0.000976s ]

[ 2016-12-30T23:30:53+08:00 ] 122.235.226.69 /index.php/Juym_admin/Optiment/qzlist/id/2
INFO: [ app_init ] --START--
INFO: Run Behavior\BuildLiteBehavior [ RunTime:0.000000s ]
INFO: [ app_init ] --END-- [ RunTime:0.000976s ]
INFO: [ app_begin ] --START--
INFO: Run Behavior\ReadHtmlCacheBehavior [ RunTime:0.000976s ]
INFO: [ app_begin ] --END-- [ RunTime:0.000976s ]
SQL: SHOW COLUMNS FROM `suzhi_pos` [ RunTime:0.0020s ]
SQL: SELECT * FROM `suzhi_pos` WHERE `Posjoptype` = 2  [ RunTime:0.0000s ]
SQL: SELECT COUNT(*) AS tp_count FROM `suzhi_pos` WHERE `Posjoptype` = 2 LIMIT 1   [ RunTime:0.0010s ]
SQL: SELECT * FROM `suzhi_pos` WHERE `Posjoptype` = 2 ORDER BY Possort LIMIT 0,3   [ RunTime:0.0010s ]
INFO: [ view_parse ] --START--
INFO: [ template_filter ] --START--
INFO: Run Behavior\ContentReplaceBehavior [ RunTime:0.000976s ]
INFO: [ template_filter ] --END-- [ RunTime:0.000976s ]
NOTIC: [8] Undefined variable: s_name C:\WWW\suzhi_php\App\Runtime\Cache\Juym_admin\91f8bdf4bd9f7df7bb731861b3ba8196.php 第 98 行.
NOTIC: [8] Undefined variable: c_name C:\WWW\suzhi_php\App\Runtime\Cache\Juym_admin\91f8bdf4bd9f7df7bb731861b3ba8196.php 第 98 行.
INFO: Run Behavior\ParseTemplateBehavior [ RunTime:0.014649s ]
INFO: [ view_parse ] --END-- [ RunTime:0.014649s ]
INFO: [ view_filter ] --START--
INFO: Run Behavior\WriteHtmlCacheBehavior [ RunTime:0.000977s ]
INFO: [ view_filter ] --END-- [ RunTime:0.000977s ]
INFO: [ app_end ] --START--
INFO: Run Behavior\ShowPageTraceBehavior [ RunTime:0.000977s ]
INFO: [ app_end ] --END-- [ RunTime:0.000977s ]

[ 2016-12-30T23:30:54+08:00 ] 122.235.226.69 /index.php/Juym_admin/Optiment/addqzlist/id/2
INFO: [ app_init ] --START--
INFO: Run Behavior\BuildLiteBehavior [ RunTime:0.000000s ]
INFO: [ app_init ] --END-- [ RunTime:0.000976s ]
INFO: [ app_begin ] --START--
INFO: Run Behavior\ReadHtmlCacheBehavior [ RunTime:0.000977s ]
INFO: [ app_begin ] --END-- [ RunTime:0.000977s ]
INFO: [ view_parse ] --START--
INFO: [ template_filter ] --START--
INFO: Run Behavior\ContentReplaceBehavior [ RunTime:0.000000s ]
INFO: [ template_filter ] --END-- [ RunTime:0.000000s ]
NOTIC: [8] Undefined variable: s_name C:\WWW\suzhi_php\App\Runtime\Cache\Juym_admin\1db40017fa7a5a523127e01d5992b043.php 第 98 行.
NOTIC: [8] Undefined variable: c_name C:\WWW\suzhi_php\App\Runtime\Cache\Juym_admin\1db40017fa7a5a523127e01d5992b043.php 第 98 行.
INFO: Run Behavior\ParseTemplateBehavior [ RunTime:0.012696s ]
INFO: [ view_parse ] --END-- [ RunTime:0.012696s ]
INFO: [ view_filter ] --START--
INFO: Run Behavior\WriteHtmlCacheBehavior [ RunTime:0.000000s ]
INFO: [ view_filter ] --END-- [ RunTime:0.000000s ]
INFO: [ app_end ] --START--
INFO: Run Behavior\ShowPageTraceBehavior [ RunTime:0.000977s ]
INFO: [ app_end ] --END-- [ RunTime:0.000977s ]

[ 2016-12-30T23:31:18+08:00 ] 122.235.226.69 /index.php/Juym_admin/Optiment/doqzlist
INFO: [ app_init ] --START--
INFO: Run Behavior\BuildLiteBehavior [ RunTime:0.000000s ]
INFO: [ app_init ] --END-- [ RunTime:0.000000s ]
INFO: [ app_begin ] --START--
INFO: Run Behavior\ReadHtmlCacheBehavior [ RunTime:0.000000s ]
INFO: [ app_begin ] --END-- [ RunTime:0.000000s ]
SQL: SHOW COLUMNS FROM `suzhi_pos` [ RunTime:0.0029s ]
SQL: INSERT INTO `suzhi_pos` (`PosName`,`Possort`,`Posjoptype`,`Poshot`) VALUES ('全职1','1','2','0') [ RunTime:0.0000s ]

[ 2016-12-30T23:31:19+08:00 ] 122.235.226.69 /index.php/Juym_admin/Optiment/qzlist/id/2
INFO: [ app_init ] --START--
INFO: Run Behavior\BuildLiteBehavior [ RunTime:0.000000s ]
INFO: [ app_init ] --END-- [ RunTime:0.000977s ]
INFO: [ app_begin ] --START--
INFO: Run Behavior\ReadHtmlCacheBehavior [ RunTime:0.000000s ]
INFO: [ app_begin ] --END-- [ RunTime:0.000000s ]
SQL: SHOW COLUMNS FROM `suzhi_pos` [ RunTime:0.0020s ]
SQL: SELECT * FROM `suzhi_pos` WHERE `Posjoptype` = 2  [ RunTime:0.0010s ]
SQL: SELECT COUNT(*) AS tp_count FROM `suzhi_pos` WHERE `Posjoptype` = 2 LIMIT 1   [ RunTime:0.0000s ]
SQL: SELECT * FROM `suzhi_pos` WHERE `Posjoptype` = 2 ORDER BY Possort LIMIT 0,3   [ RunTime:0.0000s ]
INFO: [ view_parse ] --START--
INFO: [ template_filter ] --START--
INFO: Run Behavior\ContentReplaceBehavior [ RunTime:0.000000s ]
INFO: [ template_filter ] --END-- [ RunTime:0.000000s ]
NOTIC: [8] Undefined variable: s_name C:\WWW\suzhi_php\App\Runtime\Cache\Juym_admin\91f8bdf4bd9f7df7bb731861b3ba8196.php 第 98 行.
NOTIC: [8] Undefined variable: c_name C:\WWW\suzhi_php\App\Runtime\Cache\Juym_admin\91f8bdf4bd9f7df7bb731861b3ba8196.php 第 98 行.
NOTIC: [8] Use of undefined constant id - assumed 'id' C:\WWW\suzhi_php\App\Runtime\Cache\Juym_admin\91f8bdf4bd9f7df7bb731861b3ba8196.php 第 195 行.
NOTIC: [8] Undefined index: id C:\WWW\suzhi_php\App\Runtime\Cache\Juym_admin\91f8bdf4bd9f7df7bb731861b3ba8196.php 第 196 行.
NOTIC: [8] Use of undefined constant id - assumed 'id' C:\WWW\suzhi_php\App\Runtime\Cache\Juym_admin\91f8bdf4bd9f7df7bb731861b3ba8196.php 第 196 行.
INFO: Run Behavior\ParseTemplateBehavior [ RunTime:0.012696s ]
INFO: [ view_parse ] --END-- [ RunTime:0.012696s ]
INFO: [ view_filter ] --START--
INFO: Run Behavior\WriteHtmlCacheBehavior [ RunTime:0.000977s ]
INFO: [ view_filter ] --END-- [ RunTime:0.000977s ]
INFO: [ app_end ] --START--
INFO: Run Behavior\ShowPageTraceBehavior [ RunTime:0.000000s ]
INFO: [ app_end ] --END-- [ RunTime:0.000976s ]

[ 2016-12-30T23:31:21+08:00 ] 122.235.226.69 /index.php/Juym_admin/Optiment/qylist
INFO: [ app_init ] --START--
INFO: Run Behavior\BuildLiteBehavior [ RunTime:0.000000s ]
INFO: [ app_init ] --END-- [ RunTime:0.000977s ]
INFO: [ app_begin ] --START--
INFO: Run Behavior\ReadHtmlCacheBehavior [ RunTime:0.000000s ]
INFO: [ app_begin ] --END-- [ RunTime:0.000000s ]
SQL: SHOW COLUMNS FROM `suzhi_pos` [ RunTime:0.0029s ]
SQL: SELECT * FROM `suzhi_pos` WHERE `Posjoptype` = 3  [ RunTime:0.0010s ]
SQL: SELECT COUNT(*) AS tp_count FROM `suzhi_pos` WHERE `Posjoptype` = 3 LIMIT 1   [ RunTime:0.0000s ]
SQL: SELECT * FROM `suzhi_pos` WHERE `Posjoptype` = 3 ORDER BY Possort LIMIT 0,3   [ RunTime:0.0000s ]
INFO: [ view_parse ] --START--
INFO: [ template_filter ] --START--
INFO: Run Behavior\ContentReplaceBehavior [ RunTime:0.000000s ]
INFO: [ template_filter ] --END-- [ RunTime:0.000976s ]
NOTIC: [8] Undefined variable: s_name C:\WWW\suzhi_php\App\Runtime\Cache\Juym_admin\3b094488d86c2b11fb938d9ac88390ee.php 第 98 行.
NOTIC: [8] Undefined variable: c_name C:\WWW\suzhi_php\App\Runtime\Cache\Juym_admin\3b094488d86c2b11fb938d9ac88390ee.php 第 98 行.
INFO: Run Behavior\ParseTemplateBehavior [ RunTime:0.012695s ]
INFO: [ view_parse ] --END-- [ RunTime:0.012695s ]
INFO: [ view_filter ] --START--
INFO: Run Behavior\WriteHtmlCacheBehavior [ RunTime:0.000000s ]
INFO: [ view_filter ] --END-- [ RunTime:0.000977s ]
INFO: [ app_end ] --START--
INFO: Run Behavior\ShowPageTraceBehavior [ RunTime:0.000977s ]
INFO: [ app_end ] --END-- [ RunTime:0.000977s ]

[ 2016-12-30T23:31:22+08:00 ] 122.235.226.69 /index.php/Juym_admin/Optiment/addqylist/id/3
INFO: [ app_init ] --START--
INFO: Run Behavior\BuildLiteBehavior [ RunTime:0.000000s ]
INFO: [ app_init ] --END-- [ RunTime:0.000000s ]
INFO: [ app_begin ] --START--
INFO: Run Behavior\ReadHtmlCacheBehavior [ RunTime:0.000000s ]
INFO: [ app_begin ] --END-- [ RunTime:0.000977s ]
INFO: [ view_parse ] --START--
INFO: [ template_filter ] --START--
INFO: Run Behavior\ContentReplaceBehavior [ RunTime:0.000000s ]
INFO: [ template_filter ] --END-- [ RunTime:0.000000s ]
NOTIC: [8] Undefined variable: s_name C:\WWW\suzhi_php\App\Runtime\Cache\Juym_admin\2c4f48e3fd623f42e105f70c88d46721.php 第 98 行.
NOTIC: [8] Undefined variable: c_name C:\WWW\suzhi_php\App\Runtime\Cache\Juym_admin\2c4f48e3fd623f42e105f70c88d46721.php 第 98 行.
INFO: Run Behavior\ParseTemplateBehavior [ RunTime:0.012695s ]
INFO: [ view_parse ] --END-- [ RunTime:0.012695s ]
INFO: [ view_filter ] --START--
INFO: Run Behavior\WriteHtmlCacheBehavior [ RunTime:0.000000s ]
INFO: [ view_filter ] --END-- [ RunTime:0.000977s ]
INFO: [ app_end ] --START--
INFO: Run Behavior\ShowPageTraceBehavior [ RunTime:0.000000s ]
INFO: [ app_end ] --END-- [ RunTime:0.000000s ]

[ 2016-12-30T23:31:26+08:00 ] 122.235.226.69 /index.php/Juym_admin/Optiment/doqylist
INFO: [ app_init ] --START--
INFO: Run Behavior\BuildLiteBehavior [ RunTime:0.000000s ]
INFO: [ app_init ] --END-- [ RunTime:0.000000s ]
INFO: [ app_begin ] --START--
INFO: Run Behavior\ReadHtmlCacheBehavior [ RunTime:0.000977s ]
INFO: [ app_begin ] --END-- [ RunTime:0.000977s ]
SQL: SHOW COLUMNS FROM `suzhi_pos` [ RunTime:0.0029s ]
SQL: INSERT INTO `suzhi_pos` (`PosName`,`Possort`,`Posjoptype`) VALUES ('区域1','1','3') [ RunTime:0.0000s ]

[ 2016-12-30T23:31:27+08:00 ] 122.235.226.69 /index.php/Juym_admin/Optiment/qylist/id/3
INFO: [ app_init ] --START--
INFO: Run Behavior\BuildLiteBehavior [ RunTime:0.000000s ]
INFO: [ app_init ] --END-- [ RunTime:0.000977s ]
INFO: [ app_begin ] --START--
INFO: Run Behavior\ReadHtmlCacheBehavior [ RunTime:0.000000s ]
INFO: [ app_begin ] --END-- [ RunTime:0.000000s ]
SQL: SHOW COLUMNS FROM `suzhi_pos` [ RunTime:0.0020s ]
SQL: SELECT * FROM `suzhi_pos` WHERE `Posjoptype` = 3  [ RunTime:0.0000s ]
SQL: SELECT COUNT(*) AS tp_count FROM `suzhi_pos` WHERE `Posjoptype` = 3 LIMIT 1   [ RunTime:0.0010s ]
SQL: SELECT * FROM `suzhi_pos` WHERE `Posjoptype` = 3 ORDER BY Possort LIMIT 0,3   [ RunTime:0.0000s ]
INFO: [ view_parse ] --START--
INFO: [ template_filter ] --START--
INFO: Run Behavior\ContentReplaceBehavior [ RunTime:0.000000s ]
INFO: [ template_filter ] --END-- [ RunTime:0.000000s ]
NOTIC: [8] Undefined variable: s_name C:\WWW\suzhi_php\App\Runtime\Cache\Juym_admin\3b094488d86c2b11fb938d9ac88390ee.php 第 98 行.
NOTIC: [8] Undefined variable: c_name C:\WWW\suzhi_php\App\Runtime\Cache\Juym_admin\3b094488d86c2b11fb938d9ac88390ee.php 第 98 行.
NOTIC: [8] Use of undefined constant id - assumed 'id' C:\WWW\suzhi_php\App\Runtime\Cache\Juym_admin\3b094488d86c2b11fb938d9ac88390ee.php 第 193 行.
NOTIC: [8] Undefined index: id C:\WWW\suzhi_php\App\Runtime\Cache\Juym_admin\3b094488d86c2b11fb938d9ac88390ee.php 第 194 行.
NOTIC: [8] Use of undefined constant id - assumed 'id' C:\WWW\suzhi_php\App\Runtime\Cache\Juym_admin\3b094488d86c2b11fb938d9ac88390ee.php 第 194 行.
INFO: Run Behavior\ParseTemplateBehavior [ RunTime:0.013673s ]
INFO: [ view_parse ] --END-- [ RunTime:0.013673s ]
INFO: [ view_filter ] --START--
INFO: Run Behavior\WriteHtmlCacheBehavior [ RunTime:0.000000s ]
INFO: [ view_filter ] --END-- [ RunTime:0.000000s ]
INFO: [ app_end ] --START--
INFO: Run Behavior\ShowPageTraceBehavior [ RunTime:0.000976s ]
INFO: [ app_end ] --END-- [ RunTime:0.000976s ]

[ 2016-12-30T23:31:32+08:00 ] 122.235.226.69 /index.php/Juym_admin/Admin/Index
INFO: [ app_init ] --START--
INFO: Run Behavior\BuildLiteBehavior [ RunTime:0.000976s ]
INFO: [ app_init ] --END-- [ RunTime:0.000976s ]
INFO: [ app_begin ] --START--
INFO: Run Behavior\ReadHtmlCacheBehavior [ RunTime:0.000000s ]
INFO: [ app_begin ] --END-- [ RunTime:0.000000s ]
NOTIC: [8] Undefined index: id C:\WWW\suzhi_php\App\Juym_admin\Controller\AdminController.class.php 第 13 行.
NOTIC: [8] Undefined index: id C:\WWW\suzhi_php\App\Juym_admin\Controller\AdminController.class.php 第 15 行.
NOTIC: [8] Undefined index: id C:\WWW\suzhi_php\App\Juym_admin\Controller\AdminController.class.php 第 18 行.
ERR: 1146:Table 'suzhi.suzhi_admin' doesn't exist
 [ SQL语句 ] : SHOW COLUMNS FROM `suzhi_admin`
ERR: 1146:Table 'suzhi.suzhi_admin' doesn't exist
 [ SQL语句 ] : SHOW COLUMNS FROM `suzhi_admin`

