[ 2016-12-31T11:02:54+08:00 ] 122.235.226.69 /index.php/Juym_admin/Optiment/tjlist
INFO: [ app_init ] --START--
INFO: Run Behavior\BuildLiteBehavior [ RunTime:0.000000s ]
INFO: [ app_init ] --END-- [ RunTime:0.000000s ]
INFO: [ app_begin ] --START--
INFO: Run Behavior\ReadHtmlCacheBehavior [ RunTime:0.000977s ]
INFO: [ app_begin ] --END-- [ RunTime:0.000977s ]
SQL: SHOW COLUMNS FROM `suzhi_pos` [ RunTime:0.0029s ]
SQL: SELECT * FROM `suzhi_pos` WHERE `Posjoptype` = 0  [ RunTime:0.0010s ]
SQL: SELECT COUNT(*) AS tp_count FROM `suzhi_pos` WHERE `Posjoptype` = 0 LIMIT 1   [ RunTime:0.0000s ]
SQL: SELECT * FROM `suzhi_pos` WHERE `Posjoptype` = 0 ORDER BY Possort LIMIT 0,3   [ RunTime:0.0000s ]
INFO: [ view_parse ] --START--
INFO: [ template_filter ] --START--
INFO: Run Behavior\ContentReplaceBehavior [ RunTime:0.000977s ]
INFO: [ template_filter ] --END-- [ RunTime:0.000977s ]
NOTIC: [8] Undefined variable: s_name C:\WWW\suzhi_php\App\Runtime\Cache\Juym_admin\188984ed4a31f46d97a3a4a89ff021dd.php 第 98 行.
NOTIC: [8] Undefined variable: c_name C:\WWW\suzhi_php\App\Runtime\Cache\Juym_admin\188984ed4a31f46d97a3a4a89ff021dd.php 第 98 行.
NOTIC: [8] Use of undefined constant id - assumed 'id' C:\WWW\suzhi_php\App\Runtime\Cache\Juym_admin\188984ed4a31f46d97a3a4a89ff021dd.php 第 195 行.
NOTIC: [8] Undefined index: id C:\WWW\suzhi_php\App\Runtime\Cache\Juym_admin\188984ed4a31f46d97a3a4a89ff021dd.php 第 196 行.
NOTIC: [8] Use of undefined constant id - assumed 'id' C:\WWW\suzhi_php\App\Runtime\Cache\Juym_admin\188984ed4a31f46d97a3a4a89ff021dd.php 第 196 行.
NOTIC: [8] Use of undefined constant id - assumed 'id' C:\WWW\suzhi_php\App\Runtime\Cache\Juym_admin\188984ed4a31f46d97a3a4a89ff021dd.php 第 195 行.
NOTIC: [8] Undefined index: id C:\WWW\suzhi_php\App\Runtime\Cache\Juym_admin\188984ed4a31f46d97a3a4a89ff021dd.php 第 196 行.
NOTIC: [8] Use of undefined constant id - assumed 'id' C:\WWW\suzhi_php\App\Runtime\Cache\Juym_admin\188984ed4a31f46d97a3a4a89ff021dd.php 第 196 行.
NOTIC: [8] Use of undefined constant id - assumed 'id' C:\WWW\suzhi_php\App\Runtime\Cache\Juym_admin\188984ed4a31f46d97a3a4a89ff021dd.php 第 195 行.
NOTIC: [8] Undefined index: id C:\WWW\suzhi_php\App\Runtime\Cache\Juym_admin\188984ed4a31f46d97a3a4a89ff021dd.php 第 196 行.
NOTIC: [8] Use of undefined constant id - assumed 'id' C:\WWW\suzhi_php\App\Runtime\Cache\Juym_admin\188984ed4a31f46d97a3a4a89ff021dd.php 第 196 行.
INFO: Run Behavior\ParseTemplateBehavior [ RunTime:0.015625s ]
INFO: [ view_parse ] --END-- [ RunTime:0.015625s ]
INFO: [ view_filter ] --START--
INFO: Run Behavior\WriteHtmlCacheBehavior [ RunTime:0.000000s ]
INFO: [ view_filter ] --END-- [ RunTime:0.000000s ]
INFO: [ app_end ] --START--
INFO: Run Behavior\ShowPageTraceBehavior [ RunTime:0.000977s ]
INFO: [ app_end ] --END-- [ RunTime:0.000977s ]

[ 2016-12-31T11:03:00+08:00 ] 122.235.226.69 /index.php/Juym_admin/Optiment/tjlist/id/0
INFO: [ app_init ] --START--
INFO: Run Behavior\BuildLiteBehavior [ RunTime:0.000000s ]
INFO: [ app_init ] --END-- [ RunTime:0.000000s ]
INFO: [ app_begin ] --START--
INFO: Run Behavior\ReadHtmlCacheBehavior [ RunTime:0.000977s ]
INFO: [ app_begin ] --END-- [ RunTime:0.000977s ]
SQL: SHOW COLUMNS FROM `suzhi_pos` [ RunTime:0.0020s ]
SQL: SELECT * FROM `suzhi_pos` WHERE `Posjoptype` = 0  [ RunTime:0.0010s ]
SQL: SELECT COUNT(*) AS tp_count FROM `suzhi_pos` WHERE `Posjoptype` = 0 LIMIT 1   [ RunTime:0.0000s ]
SQL: SELECT * FROM `suzhi_pos` WHERE `Posjoptype` = 0 ORDER BY Possort LIMIT 0,3   [ RunTime:0.0010s ]
INFO: [ view_parse ] --START--
INFO: [ template_filter ] --START--
INFO: Run Behavior\ContentReplaceBehavior [ RunTime:0.000000s ]
INFO: [ template_filter ] --END-- [ RunTime:0.000000s ]
NOTIC: [8] Undefined variable: s_name C:\WWW\suzhi_php\App\Runtime\Cache\Juym_admin\188984ed4a31f46d97a3a4a89ff021dd.php 第 98 行.
NOTIC: [8] Undefined variable: c_name C:\WWW\suzhi_php\App\Runtime\Cache\Juym_admin\188984ed4a31f46d97a3a4a89ff021dd.php 第 98 行.
NOTIC: [8] Use of undefined constant id - assumed 'id' C:\WWW\suzhi_php\App\Runtime\Cache\Juym_admin\188984ed4a31f46d97a3a4a89ff021dd.php 第 195 行.
NOTIC: [8] Undefined index: id C:\WWW\suzhi_php\App\Runtime\Cache\Juym_admin\188984ed4a31f46d97a3a4a89ff021dd.php 第 196 行.
NOTIC: [8] Use of undefined constant id - assumed 'id' C:\WWW\suzhi_php\App\Runtime\Cache\Juym_admin\188984ed4a31f46d97a3a4a89ff021dd.php 第 196 行.
NOTIC: [8] Use of undefined constant id - assumed 'id' C:\WWW\suzhi_php\App\Runtime\Cache\Juym_admin\188984ed4a31f46d97a3a4a89ff021dd.php 第 195 行.
NOTIC: [8] Undefined index: id C:\WWW\suzhi_php\App\Runtime\Cache\Juym_admin\188984ed4a31f46d97a3a4a89ff021dd.php 第 196 行.
NOTIC: [8] Use of undefined constant id - assumed 'id' C:\WWW\suzhi_php\App\Runtime\Cache\Juym_admin\188984ed4a31f46d97a3a4a89ff021dd.php 第 196 行.
NOTIC: [8] Use of undefined constant id - assumed 'id' C:\WWW\suzhi_php\App\Runtime\Cache\Juym_admin\188984ed4a31f46d97a3a4a89ff021dd.php 第 195 行.
NOTIC: [8] Undefined index: id C:\WWW\suzhi_php\App\Runtime\Cache\Juym_admin\188984ed4a31f46d97a3a4a89ff021dd.php 第 196 行.
NOTIC: [8] Use of undefined constant id - assumed 'id' C:\WWW\suzhi_php\App\Runtime\Cache\Juym_admin\188984ed4a31f46d97a3a4a89ff021dd.php 第 196 行.
INFO: Run Behavior\ParseTemplateBehavior [ RunTime:0.014649s ]
INFO: [ view_parse ] --END-- [ RunTime:0.014649s ]
INFO: [ view_filter ] --START--
INFO: Run Behavior\WriteHtmlCacheBehavior [ RunTime:0.000977s ]
INFO: [ view_filter ] --END-- [ RunTime:0.000977s ]
INFO: [ app_end ] --START--
INFO: Run Behavior\ShowPageTraceBehavior [ RunTime:0.000977s ]
INFO: [ app_end ] --END-- [ RunTime:0.000977s ]

[ 2016-12-31T11:04:09+08:00 ] 112.17.246.182 /index.php/Juym_admin/Optiment/tjlist/id/0
INFO: [ app_init ] --START--
INFO: Run Behavior\BuildLiteBehavior [ RunTime:0.000000s ]
INFO: [ app_init ] --END-- [ RunTime:0.000977s ]
INFO: [ app_begin ] --START--
INFO: Run Behavior\ReadHtmlCacheBehavior [ RunTime:0.000976s ]
INFO: [ app_begin ] --END-- [ RunTime:0.000976s ]
SQL: SHOW COLUMNS FROM `suzhi_pos` [ RunTime:0.0020s ]
SQL: SELECT * FROM `suzhi_pos` WHERE `Posjoptype` = 0  [ RunTime:0.0000s ]
SQL: SELECT COUNT(*) AS tp_count FROM `suzhi_pos` WHERE `Posjoptype` = 0 LIMIT 1   [ RunTime:0.0010s ]
SQL: SELECT * FROM `suzhi_pos` WHERE `Posjoptype` = 0 ORDER BY Possort LIMIT 0,3   [ RunTime:0.0000s ]
INFO: [ view_parse ] --START--
INFO: [ template_filter ] --START--
INFO: Run Behavior\ContentReplaceBehavior [ RunTime:0.000000s ]
INFO: [ template_filter ] --END-- [ RunTime:0.000000s ]
NOTIC: [8] Undefined variable: s_name C:\WWW\suzhi_php\App\Runtime\Cache\Juym_admin\188984ed4a31f46d97a3a4a89ff021dd.php 第 98 行.
NOTIC: [8] Undefined variable: c_name C:\WWW\suzhi_php\App\Runtime\Cache\Juym_admin\188984ed4a31f46d97a3a4a89ff021dd.php 第 98 行.
NOTIC: [8] Use of undefined constant id - assumed 'id' C:\WWW\suzhi_php\App\Runtime\Cache\Juym_admin\188984ed4a31f46d97a3a4a89ff021dd.php 第 195 行.
NOTIC: [8] Undefined index: id C:\WWW\suzhi_php\App\Runtime\Cache\Juym_admin\188984ed4a31f46d97a3a4a89ff021dd.php 第 196 行.
NOTIC: [8] Use of undefined constant id - assumed 'id' C:\WWW\suzhi_php\App\Runtime\Cache\Juym_admin\188984ed4a31f46d97a3a4a89ff021dd.php 第 196 行.
NOTIC: [8] Use of undefined constant id - assumed 'id' C:\WWW\suzhi_php\App\Runtime\Cache\Juym_admin\188984ed4a31f46d97a3a4a89ff021dd.php 第 195 行.
NOTIC: [8] Undefined index: id C:\WWW\suzhi_php\App\Runtime\Cache\Juym_admin\188984ed4a31f46d97a3a4a89ff021dd.php 第 196 行.
NOTIC: [8] Use of undefined constant id - assumed 'id' C:\WWW\suzhi_php\App\Runtime\Cache\Juym_admin\188984ed4a31f46d97a3a4a89ff021dd.php 第 196 行.
NOTIC: [8] Use of undefined constant id - assumed 'id' C:\WWW\suzhi_php\App\Runtime\Cache\Juym_admin\188984ed4a31f46d97a3a4a89ff021dd.php 第 195 行.
NOTIC: [8] Undefined index: id C:\WWW\suzhi_php\App\Runtime\Cache\Juym_admin\188984ed4a31f46d97a3a4a89ff021dd.php 第 196 行.
NOTIC: [8] Use of undefined constant id - assumed 'id' C:\WWW\suzhi_php\App\Runtime\Cache\Juym_admin\188984ed4a31f46d97a3a4a89ff021dd.php 第 196 行.
INFO: Run Behavior\ParseTemplateBehavior [ RunTime:0.014649s ]
INFO: [ view_parse ] --END-- [ RunTime:0.014649s ]
INFO: [ view_filter ] --START--
INFO: Run Behavior\WriteHtmlCacheBehavior [ RunTime:0.000000s ]
INFO: [ view_filter ] --END-- [ RunTime:0.000000s ]
INFO: [ app_end ] --START--
INFO: Run Behavior\ShowPageTraceBehavior [ RunTime:0.000976s ]
INFO: [ app_end ] --END-- [ RunTime:0.000976s ]

[ 2016-12-31T11:04:18+08:00 ] 112.65.193.15 /index.php/Juym_admin/Optiment/tjlist/id/0
INFO: [ app_init ] --START--
INFO: Run Behavior\BuildLiteBehavior [ RunTime:0.000000s ]
INFO: [ app_init ] --END-- [ RunTime:0.000000s ]
INFO: [ app_begin ] --START--
INFO: Run Behavior\ReadHtmlCacheBehavior [ RunTime:0.000977s ]
INFO: [ app_begin ] --END-- [ RunTime:0.000977s ]
SQL: SHOW COLUMNS FROM `suzhi_pos` [ RunTime:0.0020s ]
SQL: SELECT * FROM `suzhi_pos` WHERE `Posjoptype` = 0  [ RunTime:0.0000s ]
SQL: SELECT COUNT(*) AS tp_count FROM `suzhi_pos` WHERE `Posjoptype` = 0 LIMIT 1   [ RunTime:0.0010s ]
SQL: SELECT * FROM `suzhi_pos` WHERE `Posjoptype` = 0 ORDER BY Possort LIMIT 0,3   [ RunTime:0.0000s ]
INFO: [ view_parse ] --START--
INFO: [ template_filter ] --START--
INFO: Run Behavior\ContentReplaceBehavior [ RunTime:0.000000s ]
INFO: [ template_filter ] --END-- [ RunTime:0.000000s ]
NOTIC: [8] Undefined variable: s_name C:\WWW\suzhi_php\App\Runtime\Cache\Juym_admin\188984ed4a31f46d97a3a4a89ff021dd.php 第 98 行.
NOTIC: [8] Undefined variable: c_name C:\WWW\suzhi_php\App\Runtime\Cache\Juym_admin\188984ed4a31f46d97a3a4a89ff021dd.php 第 98 行.
NOTIC: [8] Use of undefined constant id - assumed 'id' C:\WWW\suzhi_php\App\Runtime\Cache\Juym_admin\188984ed4a31f46d97a3a4a89ff021dd.php 第 195 行.
NOTIC: [8] Undefined index: id C:\WWW\suzhi_php\App\Runtime\Cache\Juym_admin\188984ed4a31f46d97a3a4a89ff021dd.php 第 196 行.
NOTIC: [8] Use of undefined constant id - assumed 'id' C:\WWW\suzhi_php\App\Runtime\Cache\Juym_admin\188984ed4a31f46d97a3a4a89ff021dd.php 第 196 行.
NOTIC: [8] Use of undefined constant id - assumed 'id' C:\WWW\suzhi_php\App\Runtime\Cache\Juym_admin\188984ed4a31f46d97a3a4a89ff021dd.php 第 195 行.
NOTIC: [8] Undefined index: id C:\WWW\suzhi_php\App\Runtime\Cache\Juym_admin\188984ed4a31f46d97a3a4a89ff021dd.php 第 196 行.
NOTIC: [8] Use of undefined constant id - assumed 'id' C:\WWW\suzhi_php\App\Runtime\Cache\Juym_admin\188984ed4a31f46d97a3a4a89ff021dd.php 第 196 行.
NOTIC: [8] Use of undefined constant id - assumed 'id' C:\WWW\suzhi_php\App\Runtime\Cache\Juym_admin\188984ed4a31f46d97a3a4a89ff021dd.php 第 195 行.
NOTIC: [8] Undefined index: id C:\WWW\suzhi_php\App\Runtime\Cache\Juym_admin\188984ed4a31f46d97a3a4a89ff021dd.php 第 196 行.
NOTIC: [8] Use of undefined constant id - assumed 'id' C:\WWW\suzhi_php\App\Runtime\Cache\Juym_admin\188984ed4a31f46d97a3a4a89ff021dd.php 第 196 行.
INFO: Run Behavior\ParseTemplateBehavior [ RunTime:0.014649s ]
INFO: [ view_parse ] --END-- [ RunTime:0.014649s ]
INFO: [ view_filter ] --START--
INFO: Run Behavior\WriteHtmlCacheBehavior [ RunTime:0.000000s ]
INFO: [ view_filter ] --END-- [ RunTime:0.000000s ]
INFO: [ app_end ] --START--
INFO: Run Behavior\ShowPageTraceBehavior [ RunTime:0.000977s ]
INFO: [ app_end ] --END-- [ RunTime:0.000977s ]

[ 2016-12-31T11:06:42+08:00 ] 122.235.226.69 /index.php/Juym_admin/Optiment/tjlist/id/0
INFO: [ app_init ] --START--
INFO: Run Behavior\BuildLiteBehavior [ RunTime:0.000000s ]
INFO: [ app_init ] --END-- [ RunTime:0.000000s ]
INFO: [ app_begin ] --START--
INFO: Run Behavior\ReadHtmlCacheBehavior [ RunTime:0.000977s ]
INFO: [ app_begin ] --END-- [ RunTime:0.000977s ]
SQL: SHOW COLUMNS FROM `suzhi_pos` [ RunTime:0.0029s ]
SQL: SELECT * FROM `suzhi_pos` WHERE `Posjoptype` = 0  [ RunTime:0.0000s ]
SQL: SELECT COUNT(*) AS tp_count FROM `suzhi_pos` WHERE `Posjoptype` = 0 LIMIT 1   [ RunTime:0.0000s ]
SQL: SELECT * FROM `suzhi_pos` WHERE `Posjoptype` = 0 ORDER BY Possort LIMIT 0,3   [ RunTime:0.0010s ]
INFO: [ view_parse ] --START--
INFO: [ template_filter ] --START--
INFO: Run Behavior\ContentReplaceBehavior [ RunTime:0.000977s ]
INFO: [ template_filter ] --END-- [ RunTime:0.000977s ]
NOTIC: [8] Undefined variable: s_name C:\WWW\suzhi_php\App\Runtime\Cache\Juym_admin\188984ed4a31f46d97a3a4a89ff021dd.php 第 98 行.
NOTIC: [8] Undefined variable: c_name C:\WWW\suzhi_php\App\Runtime\Cache\Juym_admin\188984ed4a31f46d97a3a4a89ff021dd.php 第 98 行.
NOTIC: [8] Use of undefined constant id - assumed 'id' C:\WWW\suzhi_php\App\Runtime\Cache\Juym_admin\188984ed4a31f46d97a3a4a89ff021dd.php 第 195 行.
NOTIC: [8] Undefined index: id C:\WWW\suzhi_php\App\Runtime\Cache\Juym_admin\188984ed4a31f46d97a3a4a89ff021dd.php 第 196 行.
NOTIC: [8] Use of undefined constant id - assumed 'id' C:\WWW\suzhi_php\App\Runtime\Cache\Juym_admin\188984ed4a31f46d97a3a4a89ff021dd.php 第 196 行.
NOTIC: [8] Use of undefined constant id - assumed 'id' C:\WWW\suzhi_php\App\Runtime\Cache\Juym_admin\188984ed4a31f46d97a3a4a89ff021dd.php 第 195 行.
NOTIC: [8] Undefined index: id C:\WWW\suzhi_php\App\Runtime\Cache\Juym_admin\188984ed4a31f46d97a3a4a89ff021dd.php 第 196 行.
NOTIC: [8] Use of undefined constant id - assumed 'id' C:\WWW\suzhi_php\App\Runtime\Cache\Juym_admin\188984ed4a31f46d97a3a4a89ff021dd.php 第 196 行.
NOTIC: [8] Use of undefined constant id - assumed 'id' C:\WWW\suzhi_php\App\Runtime\Cache\Juym_admin\188984ed4a31f46d97a3a4a89ff021dd.php 第 195 行.
NOTIC: [8] Undefined index: id C:\WWW\suzhi_php\App\Runtime\Cache\Juym_admin\188984ed4a31f46d97a3a4a89ff021dd.php 第 196 行.
NOTIC: [8] Use of undefined constant id - assumed 'id' C:\WWW\suzhi_php\App\Runtime\Cache\Juym_admin\188984ed4a31f46d97a3a4a89ff021dd.php 第 196 行.
INFO: Run Behavior\ParseTemplateBehavior [ RunTime:0.015626s ]
INFO: [ view_parse ] --END-- [ RunTime:0.015626s ]
INFO: [ view_filter ] --START--
INFO: Run Behavior\WriteHtmlCacheBehavior [ RunTime:0.000000s ]
INFO: [ view_filter ] --END-- [ RunTime:0.000000s ]
INFO: [ app_end ] --START--
INFO: Run Behavior\ShowPageTraceBehavior [ RunTime:0.000000s ]
INFO: [ app_end ] --END-- [ RunTime:0.000000s ]

[ 2016-12-31T13:11:29+08:00 ] 122.235.226.69 /index.php/juym_admin/Optiment/mysql
INFO: [ app_init ] --START--
INFO: Run Behavior\BuildLiteBehavior [ RunTime:0.000000s ]
INFO: [ app_init ] --END-- [ RunTime:0.000000s ]
INFO: [ app_begin ] --START--
INFO: Run Behavior\ReadHtmlCacheBehavior [ RunTime:0.000977s ]
INFO: [ app_begin ] --END-- [ RunTime:0.000977s ]

[ 2016-12-31T13:12:03+08:00 ] 122.235.226.69 /index.php/juym_admin/Optiment/mysql
INFO: [ app_init ] --START--
INFO: Run Behavior\BuildLiteBehavior [ RunTime:0.000000s ]
INFO: [ app_init ] --END-- [ RunTime:0.000976s ]
INFO: [ app_begin ] --START--
INFO: Run Behavior\ReadHtmlCacheBehavior [ RunTime:0.000977s ]
INFO: [ app_begin ] --END-- [ RunTime:0.000977s ]

[ 2016-12-31T13:12:32+08:00 ] 122.235.226.69 /index.php/juym_admin/Optiment/mysql
INFO: [ app_init ] --START--
INFO: Run Behavior\BuildLiteBehavior [ RunTime:0.000000s ]
INFO: [ app_init ] --END-- [ RunTime:0.000000s ]
INFO: [ app_begin ] --START--
INFO: Run Behavior\ReadHtmlCacheBehavior [ RunTime:0.000000s ]
INFO: [ app_begin ] --END-- [ RunTime:0.000000s ]

[ 2016-12-31T13:15:49+08:00 ] 122.235.226.69 /index.php/juym_admin/Optiment/mysql
INFO: [ app_init ] --START--
INFO: Run Behavior\BuildLiteBehavior [ RunTime:0.000000s ]
INFO: [ app_init ] --END-- [ RunTime:0.000977s ]
INFO: [ app_begin ] --START--
INFO: Run Behavior\ReadHtmlCacheBehavior [ RunTime:0.000976s ]
INFO: [ app_begin ] --END-- [ RunTime:0.000976s ]

[ 2016-12-31T13:15:51+08:00 ] 122.235.226.69 /index.php/juym_admin/Optiment/mysql
INFO: [ app_init ] --START--
INFO: Run Behavior\BuildLiteBehavior [ RunTime:0.000000s ]
INFO: [ app_init ] --END-- [ RunTime:0.000977s ]
INFO: [ app_begin ] --START--
INFO: Run Behavior\ReadHtmlCacheBehavior [ RunTime:0.000000s ]
INFO: [ app_begin ] --END-- [ RunTime:0.000977s ]

[ 2016-12-31T13:19:53+08:00 ] 122.235.226.69 /index.php/juym_admin/Optiment/mysql
INFO: [ app_init ] --START--
INFO: Run Behavior\BuildLiteBehavior [ RunTime:0.000000s ]
INFO: [ app_init ] --END-- [ RunTime:0.000000s ]
INFO: [ app_begin ] --START--
INFO: Run Behavior\ReadHtmlCacheBehavior [ RunTime:0.000000s ]
INFO: [ app_begin ] --END-- [ RunTime:0.000000s ]

[ 2016-12-31T13:22:02+08:00 ] 122.235.226.69 /index.php/juym_admin/Optiment/mysql
INFO: [ app_init ] --START--
INFO: Run Behavior\BuildLiteBehavior [ RunTime:0.000000s ]
INFO: [ app_init ] --END-- [ RunTime:0.000977s ]
INFO: [ app_begin ] --START--
INFO: Run Behavior\ReadHtmlCacheBehavior [ RunTime:0.000977s ]
INFO: [ app_begin ] --END-- [ RunTime:0.000977s ]
SQL: SHOW COLUMNS FROM `suzhi_pos` [ RunTime:0.0029s ]
INFO: [ app_end ] --START--
INFO: Run Behavior\ShowPageTraceBehavior [ RunTime:0.000977s ]
INFO: [ app_end ] --END-- [ RunTime:0.000977s ]

[ 2016-12-31T13:22:07+08:00 ] 122.235.226.69 /index.php/juym_admin/Optiment/mysql
INFO: [ app_init ] --START--
INFO: Run Behavior\BuildLiteBehavior [ RunTime:0.000977s ]
INFO: [ app_init ] --END-- [ RunTime:0.000977s ]
INFO: [ app_begin ] --START--
INFO: Run Behavior\ReadHtmlCacheBehavior [ RunTime:0.000000s ]
INFO: [ app_begin ] --END-- [ RunTime:0.000000s ]
SQL: SHOW COLUMNS FROM `suzhi_pos` [ RunTime:0.0029s ]
INFO: [ app_end ] --START--
INFO: Run Behavior\ShowPageTraceBehavior [ RunTime:0.000000s ]
INFO: [ app_end ] --END-- [ RunTime:0.000000s ]

[ 2016-12-31T13:22:32+08:00 ] 122.235.226.69 /index.php/juym_admin/Optiment/mysql
INFO: [ app_init ] --START--
INFO: Run Behavior\BuildLiteBehavior [ RunTime:0.000000s ]
INFO: [ app_init ] --END-- [ RunTime:0.000977s ]
INFO: [ app_begin ] --START--
INFO: Run Behavior\ReadHtmlCacheBehavior [ RunTime:0.000977s ]
INFO: [ app_begin ] --END-- [ RunTime:0.000977s ]
SQL: SHOW COLUMNS FROM `suzhi_pos` [ RunTime:0.0020s ]
INFO: [ app_end ] --START--
INFO: Run Behavior\ShowPageTraceBehavior [ RunTime:0.000000s ]
INFO: [ app_end ] --END-- [ RunTime:0.000000s ]

[ 2016-12-31T13:23:39+08:00 ] 122.235.226.69 /index.php/juym_admin/Optiment/mysql
INFO: [ app_init ] --START--
INFO: Run Behavior\BuildLiteBehavior [ RunTime:0.000000s ]
INFO: [ app_init ] --END-- [ RunTime:0.000000s ]
INFO: [ app_begin ] --START--
INFO: Run Behavior\ReadHtmlCacheBehavior [ RunTime:0.000977s ]
INFO: [ app_begin ] --END-- [ RunTime:0.000977s ]
SQL: SHOW COLUMNS FROM `suzhi_pos` [ RunTime:0.0029s ]
SQL: SELECT * FROM `suzhi_pos`  [ RunTime:0.0010s ]
INFO: [ app_end ] --START--
INFO: Run Behavior\ShowPageTraceBehavior [ RunTime:0.000977s ]
INFO: [ app_end ] --END-- [ RunTime:0.000977s ]

[ 2016-12-31T13:23:41+08:00 ] 122.235.226.69 /index.php/juym_admin/Optiment/mysql
INFO: [ app_init ] --START--
INFO: Run Behavior\BuildLiteBehavior [ RunTime:0.000000s ]
INFO: [ app_init ] --END-- [ RunTime:0.000977s ]
INFO: [ app_begin ] --START--
INFO: Run Behavior\ReadHtmlCacheBehavior [ RunTime:0.000000s ]
INFO: [ app_begin ] --END-- [ RunTime:0.000000s ]
SQL: SHOW COLUMNS FROM `suzhi_pos` [ RunTime:0.0029s ]
SQL: SELECT * FROM `suzhi_pos`  [ RunTime:0.0000s ]
INFO: [ app_end ] --START--
INFO: Run Behavior\ShowPageTraceBehavior [ RunTime:0.000000s ]
INFO: [ app_end ] --END-- [ RunTime:0.000976s ]

