[ 2017-01-03T16:43:49+08:00 ] 122.235.226.69 /index.php/Juym_admin/Optiment/tjlist/id/0
INFO: [ app_init ] --START--
INFO: Run Behavior\BuildLiteBehavior [ RunTime:0.000000s ]
INFO: [ app_init ] --END-- [ RunTime:0.000000s ]
INFO: [ app_begin ] --START--
INFO: Run Behavior\ReadHtmlCacheBehavior [ RunTime:0.000000s ]
INFO: [ app_begin ] --END-- [ RunTime:0.000000s ]
SQL: SHOW COLUMNS FROM `suzhi_pos` [ RunTime:0.0381s ]
SQL: SELECT * FROM `suzhi_pos` WHERE `Posjoptype` = 0  [ RunTime:0.0000s ]
SQL: SELECT COUNT(*) AS tp_count FROM `suzhi_pos` WHERE `Posjoptype` = 0 LIMIT 1   [ RunTime:0.0000s ]
SQL: SELECT * FROM `suzhi_pos` WHERE `Posjoptype` = 0 ORDER BY Possort LIMIT 0,3   [ RunTime:0.0000s ]
INFO: [ view_parse ] --START--
INFO: [ template_filter ] --START--
INFO: Run Behavior\ContentReplaceBehavior [ RunTime:0.000000s ]
INFO: [ template_filter ] --END-- [ RunTime:0.000000s ]
NOTIC: [8] Undefined variable: s_name C:\WWW\suzhi_php\App\Runtime\Cache\Juym_admin\188984ed4a31f46d97a3a4a89ff021dd.php 第 98 行.
NOTIC: [8] Undefined variable: c_name C:\WWW\suzhi_php\App\Runtime\Cache\Juym_admin\188984ed4a31f46d97a3a4a89ff021dd.php 第 98 行.
NOTIC: [8] Use of undefined constant id - assumed 'id' C:\WWW\suzhi_php\App\Runtime\Cache\Juym_admin\188984ed4a31f46d97a3a4a89ff021dd.php 第 195 行.
NOTIC: [8] Undefined index: id C:\WWW\suzhi_php\App\Runtime\Cache\Juym_admin\188984ed4a31f46d97a3a4a89ff021dd.php 第 196 行.
NOTIC: [8] Use of undefined constant id - assumed 'id' C:\WWW\suzhi_php\App\Runtime\Cache\Juym_admin\188984ed4a31f46d97a3a4a89ff021dd.php 第 196 行.
NOTIC: [8] Use of undefined constant id - assumed 'id' C:\WWW\suzhi_php\App\Runtime\Cache\Juym_admin\188984ed4a31f46d97a3a4a89ff021dd.php 第 195 行.
NOTIC: [8] Undefined index: id C:\WWW\suzhi_php\App\Runtime\Cache\Juym_admin\188984ed4a31f46d97a3a4a89ff021dd.php 第 196 行.
NOTIC: [8] Use of undefined constant id - assumed 'id' C:\WWW\suzhi_php\App\Runtime\Cache\Juym_admin\188984ed4a31f46d97a3a4a89ff021dd.php 第 196 行.
NOTIC: [8] Use of undefined constant id - assumed 'id' C:\WWW\suzhi_php\App\Runtime\Cache\Juym_admin\188984ed4a31f46d97a3a4a89ff021dd.php 第 195 行.
NOTIC: [8] Undefined index: id C:\WWW\suzhi_php\App\Runtime\Cache\Juym_admin\188984ed4a31f46d97a3a4a89ff021dd.php 第 196 行.
NOTIC: [8] Use of undefined constant id - assumed 'id' C:\WWW\suzhi_php\App\Runtime\Cache\Juym_admin\188984ed4a31f46d97a3a4a89ff021dd.php 第 196 行.
INFO: Run Behavior\ParseTemplateBehavior [ RunTime:0.027345s ]
INFO: [ view_parse ] --END-- [ RunTime:0.027345s ]
INFO: [ view_filter ] --START--
INFO: Run Behavior\WriteHtmlCacheBehavior [ RunTime:0.000000s ]
INFO: [ view_filter ] --END-- [ RunTime:0.000000s ]
INFO: [ app_end ] --START--
INFO: Run Behavior\ShowPageTraceBehavior [ RunTime:0.000977s ]
INFO: [ app_end ] --END-- [ RunTime:0.000977s ]

[ 2017-01-03T16:43:59+08:00 ] 122.235.226.69 /index.php/Juym_admin/Poscha/lists
INFO: [ app_init ] --START--
INFO: Run Behavior\BuildLiteBehavior [ RunTime:0.000000s ]
INFO: [ app_init ] --END-- [ RunTime:0.000977s ]
INFO: [ app_begin ] --START--
INFO: Run Behavior\ReadHtmlCacheBehavior [ RunTime:0.000977s ]
INFO: [ app_begin ] --END-- [ RunTime:0.000977s ]
ERR: 无法加载控制器:Poscha

[ 2017-01-03T16:44:04+08:00 ] 122.235.226.69 /index.php/Juym_admin/Com/lists
INFO: [ app_init ] --START--
INFO: Run Behavior\BuildLiteBehavior [ RunTime:0.000000s ]
INFO: [ app_init ] --END-- [ RunTime:0.000000s ]
INFO: [ app_begin ] --START--
INFO: Run Behavior\ReadHtmlCacheBehavior [ RunTime:0.000000s ]
INFO: [ app_begin ] --END-- [ RunTime:0.000000s ]
ERR: 无法加载控制器:Com

[ 2017-01-03T16:44:09+08:00 ] 122.235.226.69 /index.php/Juym_admin/Optiment/tjlist/id/0
INFO: [ app_init ] --START--
INFO: Run Behavior\BuildLiteBehavior [ RunTime:0.000000s ]
INFO: [ app_init ] --END-- [ RunTime:0.000977s ]
INFO: [ app_begin ] --START--
INFO: Run Behavior\ReadHtmlCacheBehavior [ RunTime:0.000000s ]
INFO: [ app_begin ] --END-- [ RunTime:0.000000s ]
SQL: SHOW COLUMNS FROM `suzhi_pos` [ RunTime:0.0020s ]
SQL: SELECT * FROM `suzhi_pos` WHERE `Posjoptype` = 0  [ RunTime:0.0010s ]
SQL: SELECT COUNT(*) AS tp_count FROM `suzhi_pos` WHERE `Posjoptype` = 0 LIMIT 1   [ RunTime:0.0000s ]
SQL: SELECT * FROM `suzhi_pos` WHERE `Posjoptype` = 0 ORDER BY Possort LIMIT 0,3   [ RunTime:0.0000s ]
INFO: [ view_parse ] --START--
INFO: [ template_filter ] --START--
INFO: Run Behavior\ContentReplaceBehavior [ RunTime:0.000000s ]
INFO: [ template_filter ] --END-- [ RunTime:0.000000s ]
NOTIC: [8] Undefined variable: s_name C:\WWW\suzhi_php\App\Runtime\Cache\Juym_admin\188984ed4a31f46d97a3a4a89ff021dd.php 第 98 行.
NOTIC: [8] Undefined variable: c_name C:\WWW\suzhi_php\App\Runtime\Cache\Juym_admin\188984ed4a31f46d97a3a4a89ff021dd.php 第 98 行.
NOTIC: [8] Use of undefined constant id - assumed 'id' C:\WWW\suzhi_php\App\Runtime\Cache\Juym_admin\188984ed4a31f46d97a3a4a89ff021dd.php 第 195 行.
NOTIC: [8] Undefined index: id C:\WWW\suzhi_php\App\Runtime\Cache\Juym_admin\188984ed4a31f46d97a3a4a89ff021dd.php 第 196 行.
NOTIC: [8] Use of undefined constant id - assumed 'id' C:\WWW\suzhi_php\App\Runtime\Cache\Juym_admin\188984ed4a31f46d97a3a4a89ff021dd.php 第 196 行.
NOTIC: [8] Use of undefined constant id - assumed 'id' C:\WWW\suzhi_php\App\Runtime\Cache\Juym_admin\188984ed4a31f46d97a3a4a89ff021dd.php 第 195 行.
NOTIC: [8] Undefined index: id C:\WWW\suzhi_php\App\Runtime\Cache\Juym_admin\188984ed4a31f46d97a3a4a89ff021dd.php 第 196 行.
NOTIC: [8] Use of undefined constant id - assumed 'id' C:\WWW\suzhi_php\App\Runtime\Cache\Juym_admin\188984ed4a31f46d97a3a4a89ff021dd.php 第 196 行.
NOTIC: [8] Use of undefined constant id - assumed 'id' C:\WWW\suzhi_php\App\Runtime\Cache\Juym_admin\188984ed4a31f46d97a3a4a89ff021dd.php 第 195 行.
NOTIC: [8] Undefined index: id C:\WWW\suzhi_php\App\Runtime\Cache\Juym_admin\188984ed4a31f46d97a3a4a89ff021dd.php 第 196 行.
NOTIC: [8] Use of undefined constant id - assumed 'id' C:\WWW\suzhi_php\App\Runtime\Cache\Juym_admin\188984ed4a31f46d97a3a4a89ff021dd.php 第 196 行.
INFO: Run Behavior\ParseTemplateBehavior [ RunTime:0.015626s ]
INFO: [ view_parse ] --END-- [ RunTime:0.015626s ]
INFO: [ view_filter ] --START--
INFO: Run Behavior\WriteHtmlCacheBehavior [ RunTime:0.000976s ]
INFO: [ view_filter ] --END-- [ RunTime:0.000976s ]
INFO: [ app_end ] --START--
INFO: Run Behavior\ShowPageTraceBehavior [ RunTime:0.000000s ]
INFO: [ app_end ] --END-- [ RunTime:0.000977s ]

[ 2017-01-03T16:44:18+08:00 ] 122.235.226.69 /index.php/Juym_admin/Optiment/sxlist/id/1
INFO: [ app_init ] --START--
INFO: Run Behavior\BuildLiteBehavior [ RunTime:0.000000s ]
INFO: [ app_init ] --END-- [ RunTime:0.000976s ]
INFO: [ app_begin ] --START--
INFO: Run Behavior\ReadHtmlCacheBehavior [ RunTime:0.000976s ]
INFO: [ app_begin ] --END-- [ RunTime:0.000976s ]
SQL: SHOW COLUMNS FROM `suzhi_pos` [ RunTime:0.0020s ]
SQL: SELECT * FROM `suzhi_pos` WHERE `Posjoptype` = 1  [ RunTime:0.0010s ]
SQL: SELECT COUNT(*) AS tp_count FROM `suzhi_pos` WHERE `Posjoptype` = 1 LIMIT 1   [ RunTime:0.0000s ]
SQL: SELECT * FROM `suzhi_pos` WHERE `Posjoptype` = 1 ORDER BY Possort LIMIT 0,3   [ RunTime:0.0010s ]
INFO: [ view_parse ] --START--
INFO: [ template_filter ] --START--
INFO: Run Behavior\ContentReplaceBehavior [ RunTime:0.000000s ]
INFO: [ template_filter ] --END-- [ RunTime:0.000000s ]
NOTIC: [8] Undefined variable: s_name C:\WWW\suzhi_php\App\Runtime\Cache\Juym_admin\488890c3c1b9a0112318ba1881250c26.php 第 98 行.
NOTIC: [8] Undefined variable: c_name C:\WWW\suzhi_php\App\Runtime\Cache\Juym_admin\488890c3c1b9a0112318ba1881250c26.php 第 98 行.
NOTIC: [8] Use of undefined constant id - assumed 'id' C:\WWW\suzhi_php\App\Runtime\Cache\Juym_admin\488890c3c1b9a0112318ba1881250c26.php 第 195 行.
NOTIC: [8] Undefined index: id C:\WWW\suzhi_php\App\Runtime\Cache\Juym_admin\488890c3c1b9a0112318ba1881250c26.php 第 196 行.
NOTIC: [8] Use of undefined constant id - assumed 'id' C:\WWW\suzhi_php\App\Runtime\Cache\Juym_admin\488890c3c1b9a0112318ba1881250c26.php 第 196 行.
NOTIC: [8] Use of undefined constant id - assumed 'id' C:\WWW\suzhi_php\App\Runtime\Cache\Juym_admin\488890c3c1b9a0112318ba1881250c26.php 第 195 行.
NOTIC: [8] Undefined index: id C:\WWW\suzhi_php\App\Runtime\Cache\Juym_admin\488890c3c1b9a0112318ba1881250c26.php 第 196 行.
NOTIC: [8] Use of undefined constant id - assumed 'id' C:\WWW\suzhi_php\App\Runtime\Cache\Juym_admin\488890c3c1b9a0112318ba1881250c26.php 第 196 行.
INFO: Run Behavior\ParseTemplateBehavior [ RunTime:0.013672s ]
INFO: [ view_parse ] --END-- [ RunTime:0.013672s ]
INFO: [ view_filter ] --START--
INFO: Run Behavior\WriteHtmlCacheBehavior [ RunTime:0.000977s ]
INFO: [ view_filter ] --END-- [ RunTime:0.000977s ]
INFO: [ app_end ] --START--
INFO: Run Behavior\ShowPageTraceBehavior [ RunTime:0.000977s ]
INFO: [ app_end ] --END-- [ RunTime:0.000977s ]

[ 2017-01-03T16:44:22+08:00 ] 122.235.226.69 /index.php/Juym_admin/Optiment/qylist
INFO: [ app_init ] --START--
INFO: Run Behavior\BuildLiteBehavior [ RunTime:0.000000s ]
INFO: [ app_init ] --END-- [ RunTime:0.000977s ]
INFO: [ app_begin ] --START--
INFO: Run Behavior\ReadHtmlCacheBehavior [ RunTime:0.000977s ]
INFO: [ app_begin ] --END-- [ RunTime:0.000977s ]
SQL: SHOW COLUMNS FROM `suzhi_pos` [ RunTime:0.0020s ]
SQL: SELECT * FROM `suzhi_pos` WHERE `Posjoptype` = 3  [ RunTime:0.0010s ]
SQL: SELECT COUNT(*) AS tp_count FROM `suzhi_pos` WHERE `Posjoptype` = 3 LIMIT 1   [ RunTime:0.0000s ]
SQL: SELECT * FROM `suzhi_pos` WHERE `Posjoptype` = 3 ORDER BY Possort LIMIT 0,3   [ RunTime:0.0010s ]
INFO: [ view_parse ] --START--
INFO: [ template_filter ] --START--
INFO: Run Behavior\ContentReplaceBehavior [ RunTime:0.000000s ]
INFO: [ template_filter ] --END-- [ RunTime:0.000000s ]
NOTIC: [8] Undefined variable: s_name C:\WWW\suzhi_php\App\Runtime\Cache\Juym_admin\3b094488d86c2b11fb938d9ac88390ee.php 第 98 行.
NOTIC: [8] Undefined variable: c_name C:\WWW\suzhi_php\App\Runtime\Cache\Juym_admin\3b094488d86c2b11fb938d9ac88390ee.php 第 98 行.
NOTIC: [8] Use of undefined constant id - assumed 'id' C:\WWW\suzhi_php\App\Runtime\Cache\Juym_admin\3b094488d86c2b11fb938d9ac88390ee.php 第 193 行.
NOTIC: [8] Undefined index: id C:\WWW\suzhi_php\App\Runtime\Cache\Juym_admin\3b094488d86c2b11fb938d9ac88390ee.php 第 194 行.
NOTIC: [8] Use of undefined constant id - assumed 'id' C:\WWW\suzhi_php\App\Runtime\Cache\Juym_admin\3b094488d86c2b11fb938d9ac88390ee.php 第 194 行.
INFO: Run Behavior\ParseTemplateBehavior [ RunTime:0.013672s ]
INFO: [ view_parse ] --END-- [ RunTime:0.013672s ]
INFO: [ view_filter ] --START--
INFO: Run Behavior\WriteHtmlCacheBehavior [ RunTime:0.000977s ]
INFO: [ view_filter ] --END-- [ RunTime:0.000977s ]
INFO: [ app_end ] --START--
INFO: Run Behavior\ShowPageTraceBehavior [ RunTime:0.000000s ]
INFO: [ app_end ] --END-- [ RunTime:0.000000s ]

[ 2017-01-03T16:44:26+08:00 ] 122.235.226.69 /index.php/Juym_admin/Optiment/eidqylist/id/7?
INFO: [ app_init ] --START--
INFO: Run Behavior\BuildLiteBehavior [ RunTime:0.000000s ]
INFO: [ app_init ] --END-- [ RunTime:0.000977s ]
INFO: [ app_begin ] --START--
INFO: Run Behavior\ReadHtmlCacheBehavior [ RunTime:0.000976s ]
INFO: [ app_begin ] --END-- [ RunTime:0.000976s ]
SQL: SHOW COLUMNS FROM `suzhi_pos` [ RunTime:0.0020s ]
SQL: SELECT * FROM `suzhi_pos` WHERE `Posid` = 7  [ RunTime:0.0010s ]
INFO: [ view_parse ] --START--
INFO: [ template_filter ] --START--
INFO: Run Behavior\ContentReplaceBehavior [ RunTime:0.000000s ]
INFO: [ template_filter ] --END-- [ RunTime:0.000000s ]
NOTIC: [8] Undefined variable: s_name C:\WWW\suzhi_php\App\Runtime\Cache\Juym_admin\03e808041eb520291da1cdb75f29357d.php 第 98 行.
NOTIC: [8] Undefined variable: c_name C:\WWW\suzhi_php\App\Runtime\Cache\Juym_admin\03e808041eb520291da1cdb75f29357d.php 第 98 行.
INFO: Run Behavior\ParseTemplateBehavior [ RunTime:0.010742s ]
INFO: [ view_parse ] --END-- [ RunTime:0.010742s ]
INFO: [ view_filter ] --START--
INFO: Run Behavior\WriteHtmlCacheBehavior [ RunTime:0.000000s ]
INFO: [ view_filter ] --END-- [ RunTime:0.000000s ]
INFO: [ app_end ] --START--
INFO: Run Behavior\ShowPageTraceBehavior [ RunTime:0.000000s ]
INFO: [ app_end ] --END-- [ RunTime:0.000000s ]

[ 2017-01-03T16:44:36+08:00 ] 122.235.226.69 /index.php/Juym_admin/Optiment/tjlist/id/0
INFO: [ app_init ] --START--
INFO: Run Behavior\BuildLiteBehavior [ RunTime:0.000000s ]
INFO: [ app_init ] --END-- [ RunTime:0.000000s ]
INFO: [ app_begin ] --START--
INFO: Run Behavior\ReadHtmlCacheBehavior [ RunTime:0.000976s ]
INFO: [ app_begin ] --END-- [ RunTime:0.000976s ]
SQL: SHOW COLUMNS FROM `suzhi_pos` [ RunTime:0.0020s ]
SQL: SELECT * FROM `suzhi_pos` WHERE `Posjoptype` = 0  [ RunTime:0.0000s ]
SQL: SELECT COUNT(*) AS tp_count FROM `suzhi_pos` WHERE `Posjoptype` = 0 LIMIT 1   [ RunTime:0.0000s ]
SQL: SELECT * FROM `suzhi_pos` WHERE `Posjoptype` = 0 ORDER BY Possort LIMIT 0,3   [ RunTime:0.0010s ]
INFO: [ view_parse ] --START--
INFO: [ template_filter ] --START--
INFO: Run Behavior\ContentReplaceBehavior [ RunTime:0.000000s ]
INFO: [ template_filter ] --END-- [ RunTime:0.000000s ]
NOTIC: [8] Undefined variable: s_name C:\WWW\suzhi_php\App\Runtime\Cache\Juym_admin\188984ed4a31f46d97a3a4a89ff021dd.php 第 98 行.
NOTIC: [8] Undefined variable: c_name C:\WWW\suzhi_php\App\Runtime\Cache\Juym_admin\188984ed4a31f46d97a3a4a89ff021dd.php 第 98 行.
NOTIC: [8] Use of undefined constant id - assumed 'id' C:\WWW\suzhi_php\App\Runtime\Cache\Juym_admin\188984ed4a31f46d97a3a4a89ff021dd.php 第 195 行.
NOTIC: [8] Undefined index: id C:\WWW\suzhi_php\App\Runtime\Cache\Juym_admin\188984ed4a31f46d97a3a4a89ff021dd.php 第 196 行.
NOTIC: [8] Use of undefined constant id - assumed 'id' C:\WWW\suzhi_php\App\Runtime\Cache\Juym_admin\188984ed4a31f46d97a3a4a89ff021dd.php 第 196 行.
NOTIC: [8] Use of undefined constant id - assumed 'id' C:\WWW\suzhi_php\App\Runtime\Cache\Juym_admin\188984ed4a31f46d97a3a4a89ff021dd.php 第 195 行.
NOTIC: [8] Undefined index: id C:\WWW\suzhi_php\App\Runtime\Cache\Juym_admin\188984ed4a31f46d97a3a4a89ff021dd.php 第 196 行.
NOTIC: [8] Use of undefined constant id - assumed 'id' C:\WWW\suzhi_php\App\Runtime\Cache\Juym_admin\188984ed4a31f46d97a3a4a89ff021dd.php 第 196 行.
NOTIC: [8] Use of undefined constant id - assumed 'id' C:\WWW\suzhi_php\App\Runtime\Cache\Juym_admin\188984ed4a31f46d97a3a4a89ff021dd.php 第 195 行.
NOTIC: [8] Undefined index: id C:\WWW\suzhi_php\App\Runtime\Cache\Juym_admin\188984ed4a31f46d97a3a4a89ff021dd.php 第 196 行.
NOTIC: [8] Use of undefined constant id - assumed 'id' C:\WWW\suzhi_php\App\Runtime\Cache\Juym_admin\188984ed4a31f46d97a3a4a89ff021dd.php 第 196 行.
INFO: Run Behavior\ParseTemplateBehavior [ RunTime:0.013673s ]
INFO: [ view_parse ] --END-- [ RunTime:0.013673s ]
INFO: [ view_filter ] --START--
INFO: Run Behavior\WriteHtmlCacheBehavior [ RunTime:0.000976s ]
INFO: [ view_filter ] --END-- [ RunTime:0.000976s ]
INFO: [ app_end ] --START--
INFO: Run Behavior\ShowPageTraceBehavior [ RunTime:0.000000s ]
INFO: [ app_end ] --END-- [ RunTime:0.000000s ]

[ 2017-01-03T16:44:40+08:00 ] 122.235.226.69 /index.php/Juym_admin/Optiment/eidtjlist/id/2?
INFO: [ app_init ] --START--
INFO: Run Behavior\BuildLiteBehavior [ RunTime:0.000000s ]
INFO: [ app_init ] --END-- [ RunTime:0.000000s ]
INFO: [ app_begin ] --START--
INFO: Run Behavior\ReadHtmlCacheBehavior [ RunTime:0.000000s ]
INFO: [ app_begin ] --END-- [ RunTime:0.000000s ]
SQL: SHOW COLUMNS FROM `suzhi_pos` [ RunTime:0.0020s ]
SQL: SELECT * FROM `suzhi_pos` WHERE `Posid` = 2  [ RunTime:0.0000s ]
INFO: [ view_parse ] --START--
INFO: [ template_filter ] --START--
INFO: Run Behavior\ContentReplaceBehavior [ RunTime:0.000000s ]
INFO: [ template_filter ] --END-- [ RunTime:0.000000s ]
NOTIC: [8] Undefined variable: s_name C:\WWW\suzhi_php\App\Runtime\Cache\Juym_admin\e5480dad1100a8224973aa7d0d5433a0.php 第 98 行.
NOTIC: [8] Undefined variable: c_name C:\WWW\suzhi_php\App\Runtime\Cache\Juym_admin\e5480dad1100a8224973aa7d0d5433a0.php 第 98 行.
NOTIC: [8] Undefined index: Poshot C:\WWW\suzhi_php\App\Runtime\Cache\Juym_admin\e5480dad1100a8224973aa7d0d5433a0.php 第 187 行.
NOTIC: [8] Undefined index: Poshot C:\WWW\suzhi_php\App\Runtime\Cache\Juym_admin\e5480dad1100a8224973aa7d0d5433a0.php 第 188 行.
INFO: Run Behavior\ParseTemplateBehavior [ RunTime:0.012695s ]
INFO: [ view_parse ] --END-- [ RunTime:0.012695s ]
INFO: [ view_filter ] --START--
INFO: Run Behavior\WriteHtmlCacheBehavior [ RunTime:0.000000s ]
INFO: [ view_filter ] --END-- [ RunTime:0.000000s ]
INFO: [ app_end ] --START--
INFO: Run Behavior\ShowPageTraceBehavior [ RunTime:0.000977s ]
INFO: [ app_end ] --END-- [ RunTime:0.000977s ]

[ 2017-01-03T16:44:46+08:00 ] 122.235.226.69 /index.php/Juym_admin/Optiment/sxlist/id/1
INFO: [ app_init ] --START--
INFO: Run Behavior\BuildLiteBehavior [ RunTime:0.000000s ]
INFO: [ app_init ] --END-- [ RunTime:0.000976s ]
INFO: [ app_begin ] --START--
INFO: Run Behavior\ReadHtmlCacheBehavior [ RunTime:0.000000s ]
INFO: [ app_begin ] --END-- [ RunTime:0.000000s ]
SQL: SHOW COLUMNS FROM `suzhi_pos` [ RunTime:0.0020s ]
SQL: SELECT * FROM `suzhi_pos` WHERE `Posjoptype` = 1  [ RunTime:0.0000s ]
SQL: SELECT COUNT(*) AS tp_count FROM `suzhi_pos` WHERE `Posjoptype` = 1 LIMIT 1   [ RunTime:0.0000s ]
SQL: SELECT * FROM `suzhi_pos` WHERE `Posjoptype` = 1 ORDER BY Possort LIMIT 0,3   [ RunTime:0.0010s ]
INFO: [ view_parse ] --START--
INFO: [ template_filter ] --START--
INFO: Run Behavior\ContentReplaceBehavior [ RunTime:0.000000s ]
INFO: [ template_filter ] --END-- [ RunTime:0.000000s ]
NOTIC: [8] Undefined variable: s_name C:\WWW\suzhi_php\App\Runtime\Cache\Juym_admin\488890c3c1b9a0112318ba1881250c26.php 第 98 行.
NOTIC: [8] Undefined variable: c_name C:\WWW\suzhi_php\App\Runtime\Cache\Juym_admin\488890c3c1b9a0112318ba1881250c26.php 第 98 行.
NOTIC: [8] Use of undefined constant id - assumed 'id' C:\WWW\suzhi_php\App\Runtime\Cache\Juym_admin\488890c3c1b9a0112318ba1881250c26.php 第 195 行.
NOTIC: [8] Undefined index: id C:\WWW\suzhi_php\App\Runtime\Cache\Juym_admin\488890c3c1b9a0112318ba1881250c26.php 第 196 行.
NOTIC: [8] Use of undefined constant id - assumed 'id' C:\WWW\suzhi_php\App\Runtime\Cache\Juym_admin\488890c3c1b9a0112318ba1881250c26.php 第 196 行.
NOTIC: [8] Use of undefined constant id - assumed 'id' C:\WWW\suzhi_php\App\Runtime\Cache\Juym_admin\488890c3c1b9a0112318ba1881250c26.php 第 195 行.
NOTIC: [8] Undefined index: id C:\WWW\suzhi_php\App\Runtime\Cache\Juym_admin\488890c3c1b9a0112318ba1881250c26.php 第 196 行.
NOTIC: [8] Use of undefined constant id - assumed 'id' C:\WWW\suzhi_php\App\Runtime\Cache\Juym_admin\488890c3c1b9a0112318ba1881250c26.php 第 196 行.
INFO: Run Behavior\ParseTemplateBehavior [ RunTime:0.014649s ]
INFO: [ view_parse ] --END-- [ RunTime:0.014649s ]
INFO: [ view_filter ] --START--
INFO: Run Behavior\WriteHtmlCacheBehavior [ RunTime:0.000000s ]
INFO: [ view_filter ] --END-- [ RunTime:0.000000s ]
INFO: [ app_end ] --START--
INFO: Run Behavior\ShowPageTraceBehavior [ RunTime:0.000976s ]
INFO: [ app_end ] --END-- [ RunTime:0.000976s ]

[ 2017-01-03T16:44:48+08:00 ] 122.235.226.69 /index.php/Juym_admin/Optiment/eidsxlist/id/5?
INFO: [ app_init ] --START--
INFO: Run Behavior\BuildLiteBehavior [ RunTime:0.000000s ]
INFO: [ app_init ] --END-- [ RunTime:0.000000s ]
INFO: [ app_begin ] --START--
INFO: Run Behavior\ReadHtmlCacheBehavior [ RunTime:0.000976s ]
INFO: [ app_begin ] --END-- [ RunTime:0.000976s ]
SQL: SHOW COLUMNS FROM `suzhi_pos` [ RunTime:0.0029s ]
SQL: SELECT * FROM `suzhi_pos` WHERE `Posid` = 5  [ RunTime:0.0000s ]
INFO: [ view_parse ] --START--
INFO: [ template_filter ] --START--
INFO: Run Behavior\ContentReplaceBehavior [ RunTime:0.000000s ]
INFO: [ template_filter ] --END-- [ RunTime:0.000000s ]
NOTIC: [8] Undefined variable: s_name C:\WWW\suzhi_php\App\Runtime\Cache\Juym_admin\b7b4dd281a4524b7a2bfdedc357b3871.php 第 98 行.
NOTIC: [8] Undefined variable: c_name C:\WWW\suzhi_php\App\Runtime\Cache\Juym_admin\b7b4dd281a4524b7a2bfdedc357b3871.php 第 98 行.
NOTIC: [8] Undefined index: Poshot C:\WWW\suzhi_php\App\Runtime\Cache\Juym_admin\b7b4dd281a4524b7a2bfdedc357b3871.php 第 187 行.
NOTIC: [8] Undefined index: Poshot C:\WWW\suzhi_php\App\Runtime\Cache\Juym_admin\b7b4dd281a4524b7a2bfdedc357b3871.php 第 188 行.
INFO: Run Behavior\ParseTemplateBehavior [ RunTime:0.011719s ]
INFO: [ view_parse ] --END-- [ RunTime:0.012696s ]
INFO: [ view_filter ] --START--
INFO: Run Behavior\WriteHtmlCacheBehavior [ RunTime:0.000000s ]
INFO: [ view_filter ] --END-- [ RunTime:0.000000s ]
INFO: [ app_end ] --START--
INFO: Run Behavior\ShowPageTraceBehavior [ RunTime:0.000976s ]
INFO: [ app_end ] --END-- [ RunTime:0.000976s ]

[ 2017-01-03T16:44:52+08:00 ] 122.235.226.69 /index.php/Juym_admin/Optiment/qzlist/id/2
INFO: [ app_init ] --START--
INFO: Run Behavior\BuildLiteBehavior [ RunTime:0.000000s ]
INFO: [ app_init ] --END-- [ RunTime:0.000000s ]
INFO: [ app_begin ] --START--
INFO: Run Behavior\ReadHtmlCacheBehavior [ RunTime:0.000000s ]
INFO: [ app_begin ] --END-- [ RunTime:0.000976s ]
SQL: SHOW COLUMNS FROM `suzhi_pos` [ RunTime:0.0029s ]
SQL: SELECT * FROM `suzhi_pos` WHERE `Posjoptype` = 2  [ RunTime:0.0000s ]
SQL: SELECT COUNT(*) AS tp_count FROM `suzhi_pos` WHERE `Posjoptype` = 2 LIMIT 1   [ RunTime:0.0000s ]
SQL: SELECT * FROM `suzhi_pos` WHERE `Posjoptype` = 2 ORDER BY Possort LIMIT 0,3   [ RunTime:0.0000s ]
INFO: [ view_parse ] --START--
INFO: [ template_filter ] --START--
INFO: Run Behavior\ContentReplaceBehavior [ RunTime:0.000000s ]
INFO: [ template_filter ] --END-- [ RunTime:0.000000s ]
NOTIC: [8] Undefined variable: s_name C:\WWW\suzhi_php\App\Runtime\Cache\Juym_admin\91f8bdf4bd9f7df7bb731861b3ba8196.php 第 98 行.
NOTIC: [8] Undefined variable: c_name C:\WWW\suzhi_php\App\Runtime\Cache\Juym_admin\91f8bdf4bd9f7df7bb731861b3ba8196.php 第 98 行.
NOTIC: [8] Use of undefined constant id - assumed 'id' C:\WWW\suzhi_php\App\Runtime\Cache\Juym_admin\91f8bdf4bd9f7df7bb731861b3ba8196.php 第 195 行.
NOTIC: [8] Undefined index: id C:\WWW\suzhi_php\App\Runtime\Cache\Juym_admin\91f8bdf4bd9f7df7bb731861b3ba8196.php 第 196 行.
NOTIC: [8] Use of undefined constant id - assumed 'id' C:\WWW\suzhi_php\App\Runtime\Cache\Juym_admin\91f8bdf4bd9f7df7bb731861b3ba8196.php 第 196 行.
INFO: Run Behavior\ParseTemplateBehavior [ RunTime:0.013672s ]
INFO: [ view_parse ] --END-- [ RunTime:0.013672s ]
INFO: [ view_filter ] --START--
INFO: Run Behavior\WriteHtmlCacheBehavior [ RunTime:0.000977s ]
INFO: [ view_filter ] --END-- [ RunTime:0.000977s ]
INFO: [ app_end ] --START--
INFO: Run Behavior\ShowPageTraceBehavior [ RunTime:0.000000s ]
INFO: [ app_end ] --END-- [ RunTime:0.000000s ]

[ 2017-01-03T16:44:54+08:00 ] 122.235.226.69 /index.php/Juym_admin/Optiment/eidqzlist/id/6?
INFO: [ app_init ] --START--
INFO: Run Behavior\BuildLiteBehavior [ RunTime:0.000000s ]
INFO: [ app_init ] --END-- [ RunTime:0.000000s ]
INFO: [ app_begin ] --START--
INFO: Run Behavior\ReadHtmlCacheBehavior [ RunTime:0.000977s ]
INFO: [ app_begin ] --END-- [ RunTime:0.000977s ]
SQL: SHOW COLUMNS FROM `suzhi_pos` [ RunTime:0.0020s ]
SQL: SELECT * FROM `suzhi_pos` WHERE `Posid` = 6  [ RunTime:0.0000s ]
INFO: [ view_parse ] --START--
INFO: [ template_filter ] --START--
INFO: Run Behavior\ContentReplaceBehavior [ RunTime:0.000000s ]
INFO: [ template_filter ] --END-- [ RunTime:0.000000s ]
NOTIC: [8] Undefined variable: s_name C:\WWW\suzhi_php\App\Runtime\Cache\Juym_admin\8dbb81e7143f2ad680365d34287edd5c.php 第 98 行.
NOTIC: [8] Undefined variable: c_name C:\WWW\suzhi_php\App\Runtime\Cache\Juym_admin\8dbb81e7143f2ad680365d34287edd5c.php 第 98 行.
NOTIC: [8] Undefined index: Poshot C:\WWW\suzhi_php\App\Runtime\Cache\Juym_admin\8dbb81e7143f2ad680365d34287edd5c.php 第 187 行.
NOTIC: [8] Undefined index: Poshot C:\WWW\suzhi_php\App\Runtime\Cache\Juym_admin\8dbb81e7143f2ad680365d34287edd5c.php 第 188 行.
INFO: Run Behavior\ParseTemplateBehavior [ RunTime:0.012696s ]
INFO: [ view_parse ] --END-- [ RunTime:0.012696s ]
INFO: [ view_filter ] --START--
INFO: Run Behavior\WriteHtmlCacheBehavior [ RunTime:0.000000s ]
INFO: [ view_filter ] --END-- [ RunTime:0.000000s ]
INFO: [ app_end ] --START--
INFO: Run Behavior\ShowPageTraceBehavior [ RunTime:0.000977s ]
INFO: [ app_end ] --END-- [ RunTime:0.000977s ]

[ 2017-01-03T16:44:56+08:00 ] 122.235.226.69 /index.php/Juym_admin/Optiment/qylist
INFO: [ app_init ] --START--
INFO: Run Behavior\BuildLiteBehavior [ RunTime:0.000000s ]
INFO: [ app_init ] --END-- [ RunTime:0.000977s ]
INFO: [ app_begin ] --START--
INFO: Run Behavior\ReadHtmlCacheBehavior [ RunTime:0.000000s ]
INFO: [ app_begin ] --END-- [ RunTime:0.000000s ]
SQL: SHOW COLUMNS FROM `suzhi_pos` [ RunTime:0.0029s ]
SQL: SELECT * FROM `suzhi_pos` WHERE `Posjoptype` = 3  [ RunTime:0.0000s ]
SQL: SELECT COUNT(*) AS tp_count FROM `suzhi_pos` WHERE `Posjoptype` = 3 LIMIT 1   [ RunTime:0.0010s ]
SQL: SELECT * FROM `suzhi_pos` WHERE `Posjoptype` = 3 ORDER BY Possort LIMIT 0,3   [ RunTime:0.0000s ]
INFO: [ view_parse ] --START--
INFO: [ template_filter ] --START--
INFO: Run Behavior\ContentReplaceBehavior [ RunTime:0.000000s ]
INFO: [ template_filter ] --END-- [ RunTime:0.000000s ]
NOTIC: [8] Undefined variable: s_name C:\WWW\suzhi_php\App\Runtime\Cache\Juym_admin\3b094488d86c2b11fb938d9ac88390ee.php 第 98 行.
NOTIC: [8] Undefined variable: c_name C:\WWW\suzhi_php\App\Runtime\Cache\Juym_admin\3b094488d86c2b11fb938d9ac88390ee.php 第 98 行.
NOTIC: [8] Use of undefined constant id - assumed 'id' C:\WWW\suzhi_php\App\Runtime\Cache\Juym_admin\3b094488d86c2b11fb938d9ac88390ee.php 第 193 行.
NOTIC: [8] Undefined index: id C:\WWW\suzhi_php\App\Runtime\Cache\Juym_admin\3b094488d86c2b11fb938d9ac88390ee.php 第 194 行.
NOTIC: [8] Use of undefined constant id - assumed 'id' C:\WWW\suzhi_php\App\Runtime\Cache\Juym_admin\3b094488d86c2b11fb938d9ac88390ee.php 第 194 行.
INFO: Run Behavior\ParseTemplateBehavior [ RunTime:0.013673s ]
INFO: [ view_parse ] --END-- [ RunTime:0.013673s ]
INFO: [ view_filter ] --START--
INFO: Run Behavior\WriteHtmlCacheBehavior [ RunTime:0.000000s ]
INFO: [ view_filter ] --END-- [ RunTime:0.000000s ]
INFO: [ app_end ] --START--
INFO: Run Behavior\ShowPageTraceBehavior [ RunTime:0.000976s ]
INFO: [ app_end ] --END-- [ RunTime:0.000976s ]

[ 2017-01-03T16:44:57+08:00 ] 122.235.226.69 /index.php/Juym_admin/Optiment/eidqylist/id/7?
INFO: [ app_init ] --START--
INFO: Run Behavior\BuildLiteBehavior [ RunTime:0.000000s ]
INFO: [ app_init ] --END-- [ RunTime:0.000977s ]
INFO: [ app_begin ] --START--
INFO: Run Behavior\ReadHtmlCacheBehavior [ RunTime:0.000976s ]
INFO: [ app_begin ] --END-- [ RunTime:0.000976s ]
SQL: SHOW COLUMNS FROM `suzhi_pos` [ RunTime:0.0029s ]
SQL: SELECT * FROM `suzhi_pos` WHERE `Posid` = 7  [ RunTime:0.0010s ]
INFO: [ view_parse ] --START--
INFO: [ template_filter ] --START--
INFO: Run Behavior\ContentReplaceBehavior [ RunTime:0.000000s ]
INFO: [ template_filter ] --END-- [ RunTime:0.000000s ]
NOTIC: [8] Undefined variable: s_name C:\WWW\suzhi_php\App\Runtime\Cache\Juym_admin\03e808041eb520291da1cdb75f29357d.php 第 98 行.
NOTIC: [8] Undefined variable: c_name C:\WWW\suzhi_php\App\Runtime\Cache\Juym_admin\03e808041eb520291da1cdb75f29357d.php 第 98 行.
INFO: Run Behavior\ParseTemplateBehavior [ RunTime:0.011719s ]
INFO: [ view_parse ] --END-- [ RunTime:0.011719s ]
INFO: [ view_filter ] --START--
INFO: Run Behavior\WriteHtmlCacheBehavior [ RunTime:0.000977s ]
INFO: [ view_filter ] --END-- [ RunTime:0.000977s ]
INFO: [ app_end ] --START--
INFO: Run Behavior\ShowPageTraceBehavior [ RunTime:0.000000s ]
INFO: [ app_end ] --END-- [ RunTime:0.000000s ]

[ 2017-01-03T16:45:00+08:00 ] 122.235.226.69 /index.php/Juym_admin/Optiment/qzlist/id/2
INFO: [ app_init ] --START--
INFO: Run Behavior\BuildLiteBehavior [ RunTime:0.000000s ]
INFO: [ app_init ] --END-- [ RunTime:0.000000s ]
INFO: [ app_begin ] --START--
INFO: Run Behavior\ReadHtmlCacheBehavior [ RunTime:0.000000s ]
INFO: [ app_begin ] --END-- [ RunTime:0.000000s ]
SQL: SHOW COLUMNS FROM `suzhi_pos` [ RunTime:0.0029s ]
SQL: SELECT * FROM `suzhi_pos` WHERE `Posjoptype` = 2  [ RunTime:0.0000s ]
SQL: SELECT COUNT(*) AS tp_count FROM `suzhi_pos` WHERE `Posjoptype` = 2 LIMIT 1   [ RunTime:0.0000s ]
SQL: SELECT * FROM `suzhi_pos` WHERE `Posjoptype` = 2 ORDER BY Possort LIMIT 0,3   [ RunTime:0.0000s ]
INFO: [ view_parse ] --START--
INFO: [ template_filter ] --START--
INFO: Run Behavior\ContentReplaceBehavior [ RunTime:0.000000s ]
INFO: [ template_filter ] --END-- [ RunTime:0.000000s ]
NOTIC: [8] Undefined variable: s_name C:\WWW\suzhi_php\App\Runtime\Cache\Juym_admin\91f8bdf4bd9f7df7bb731861b3ba8196.php 第 98 行.
NOTIC: [8] Undefined variable: c_name C:\WWW\suzhi_php\App\Runtime\Cache\Juym_admin\91f8bdf4bd9f7df7bb731861b3ba8196.php 第 98 行.
NOTIC: [8] Use of undefined constant id - assumed 'id' C:\WWW\suzhi_php\App\Runtime\Cache\Juym_admin\91f8bdf4bd9f7df7bb731861b3ba8196.php 第 195 行.
NOTIC: [8] Undefined index: id C:\WWW\suzhi_php\App\Runtime\Cache\Juym_admin\91f8bdf4bd9f7df7bb731861b3ba8196.php 第 196 行.
NOTIC: [8] Use of undefined constant id - assumed 'id' C:\WWW\suzhi_php\App\Runtime\Cache\Juym_admin\91f8bdf4bd9f7df7bb731861b3ba8196.php 第 196 行.
INFO: Run Behavior\ParseTemplateBehavior [ RunTime:0.015626s ]
INFO: [ view_parse ] --END-- [ RunTime:0.015626s ]
INFO: [ view_filter ] --START--
INFO: Run Behavior\WriteHtmlCacheBehavior [ RunTime:0.000000s ]
INFO: [ view_filter ] --END-- [ RunTime:0.000977s ]
INFO: [ app_end ] --START--
INFO: Run Behavior\ShowPageTraceBehavior [ RunTime:0.000000s ]
INFO: [ app_end ] --END-- [ RunTime:0.000000s ]

